[0.213s] DEBUG:colcon:Command line arguments: ['/usr/bin/colcon', 'build']
[0.213s] DEBUG:colcon:Parsed command line arguments: Namespace(log_base=None, log_level=None, verb_name='build', build_base='build', install_base='install', merge_install=False, symlink_install=False, test_result_base=None, continue_on_error=False, executor='parallel', parallel_workers=8, event_handlers=None, ignore_user_meta=False, metas=['./colcon.meta'], base_paths=['.'], packages_ignore=None, packages_ignore_regex=None, paths=None, packages_up_to=None, packages_up_to_regex=None, packages_above=None, packages_above_and_dependencies=None, packages_above_depth=None, packages_select_by_dep=None, packages_skip_by_dep=None, packages_skip_up_to=None, packages_select_build_failed=False, packages_skip_build_finished=False, packages_select_test_failures=False, packages_skip_test_passed=False, packages_select=None, packages_skip=None, packages_select_regex=None, packages_skip_regex=None, packages_start=None, packages_end=None, allow_overriding=[], cmake_args=None, cmake_target=None, cmake_target_skip_unavailable=False, cmake_clean_cache=False, cmake_clean_first=False, cmake_force_configure=False, ament_cmake_args=None, catkin_cmake_args=None, catkin_skip_building_tests=False, mixin_files=None, mixin=None, verb_parser=<colcon_mixin.mixin.mixin_argument.MixinArgumentDecorator object at 0x74e48c35a2c0>, verb_extension=<colcon_core.verb.build.BuildVerb object at 0x74e48c46abc0>, main=<bound method BuildVerb.main of <colcon_core.verb.build.BuildVerb object at 0x74e48c46abc0>>, mixin_verb=('build',))
[0.562s] Level 1:colcon.colcon_core.package_discovery:discover_packages(colcon_meta) check parameters
[0.563s] Level 1:colcon.colcon_core.package_discovery:discover_packages(recursive) check parameters
[0.563s] Level 1:colcon.colcon_core.package_discovery:discover_packages(ignore) check parameters
[0.563s] Level 1:colcon.colcon_core.package_discovery:discover_packages(path) check parameters
[0.563s] Level 1:colcon.colcon_core.package_discovery:discover_packages(colcon_meta) discover
[0.563s] Level 1:colcon.colcon_core.package_discovery:discover_packages(recursive) discover
[0.563s] INFO:colcon.colcon_core.package_discovery:Crawling recursively for packages in '/home/venkatesan/e-yantra/lb_ws'
[0.563s] Level 1:colcon.colcon_core.package_identification:_identify(.) by extensions ['ignore', 'ignore_ament_install']
[0.563s] Level 1:colcon.colcon_core.package_identification:_identify(.) by extension 'ignore'
[0.563s] Level 1:colcon.colcon_core.package_identification:_identify(.) by extension 'ignore_ament_install'
[0.563s] Level 1:colcon.colcon_core.package_identification:_identify(.) by extensions ['colcon_pkg']
[0.563s] Level 1:colcon.colcon_core.package_identification:_identify(.) by extension 'colcon_pkg'
[0.563s] Level 1:colcon.colcon_core.package_identification:_identify(.) by extensions ['colcon_meta']
[0.564s] Level 1:colcon.colcon_core.package_identification:_identify(.) by extension 'colcon_meta'
[0.564s] Level 1:colcon.colcon_core.package_identification:_identify(.) by extensions ['ros']
[0.564s] Level 1:colcon.colcon_core.package_identification:_identify(.) by extension 'ros'
[0.582s] Level 1:colcon.colcon_core.package_identification:_identify(.) by extensions ['cmake', 'python']
[0.582s] Level 1:colcon.colcon_core.package_identification:_identify(.) by extension 'cmake'
[0.582s] Level 1:colcon.colcon_core.package_identification:_identify(.) by extension 'python'
[0.582s] Level 1:colcon.colcon_core.package_identification:_identify(.) by extensions ['python_setup_py']
[0.582s] Level 1:colcon.colcon_core.package_identification:_identify(.) by extension 'python_setup_py'
[0.583s] Level 1:colcon.colcon_core.package_identification:_identify(build) by extensions ['ignore', 'ignore_ament_install']
[0.583s] Level 1:colcon.colcon_core.package_identification:_identify(build) by extension 'ignore'
[0.583s] Level 1:colcon.colcon_core.package_identification:_identify(build) ignored
[0.583s] Level 1:colcon.colcon_core.package_identification:_identify(install) by extensions ['ignore', 'ignore_ament_install']
[0.583s] Level 1:colcon.colcon_core.package_identification:_identify(install) by extension 'ignore'
[0.583s] Level 1:colcon.colcon_core.package_identification:_identify(install) ignored
[0.583s] Level 1:colcon.colcon_core.package_identification:_identify(log) by extensions ['ignore', 'ignore_ament_install']
[0.584s] Level 1:colcon.colcon_core.package_identification:_identify(log) by extension 'ignore'
[0.584s] Level 1:colcon.colcon_core.package_identification:_identify(log) ignored
[0.584s] Level 1:colcon.colcon_core.package_identification:_identify(src) by extensions ['ignore', 'ignore_ament_install']
[0.584s] Level 1:colcon.colcon_core.package_identification:_identify(src) by extension 'ignore'
[0.584s] Level 1:colcon.colcon_core.package_identification:_identify(src) by extension 'ignore_ament_install'
[0.584s] Level 1:colcon.colcon_core.package_identification:_identify(src) by extensions ['colcon_pkg']
[0.584s] Level 1:colcon.colcon_core.package_identification:_identify(src) by extension 'colcon_pkg'
[0.584s] Level 1:colcon.colcon_core.package_identification:_identify(src) by extensions ['colcon_meta']
[0.584s] Level 1:colcon.colcon_core.package_identification:_identify(src) by extension 'colcon_meta'
[0.584s] Level 1:colcon.colcon_core.package_identification:_identify(src) by extensions ['ros']
[0.584s] Level 1:colcon.colcon_core.package_identification:_identify(src) by extension 'ros'
[0.584s] Level 1:colcon.colcon_core.package_identification:_identify(src) by extensions ['cmake', 'python']
[0.584s] Level 1:colcon.colcon_core.package_identification:_identify(src) by extension 'cmake'
[0.585s] Level 1:colcon.colcon_core.package_identification:_identify(src) by extension 'python'
[0.585s] Level 1:colcon.colcon_core.package_identification:_identify(src) by extensions ['python_setup_py']
[0.585s] Level 1:colcon.colcon_core.package_identification:_identify(src) by extension 'python_setup_py'
[0.585s] Level 1:colcon.colcon_core.package_identification:_identify(src/ebot_description) by extensions ['ignore', 'ignore_ament_install']
[0.585s] Level 1:colcon.colcon_core.package_identification:_identify(src/ebot_description) by extension 'ignore'
[0.585s] Level 1:colcon.colcon_core.package_identification:_identify(src/ebot_description) by extension 'ignore_ament_install'
[0.585s] Level 1:colcon.colcon_core.package_identification:_identify(src/ebot_description) by extensions ['colcon_pkg']
[0.585s] Level 1:colcon.colcon_core.package_identification:_identify(src/ebot_description) by extension 'colcon_pkg'
[0.585s] Level 1:colcon.colcon_core.package_identification:_identify(src/ebot_description) by extensions ['colcon_meta']
[0.585s] Level 1:colcon.colcon_core.package_identification:_identify(src/ebot_description) by extension 'colcon_meta'
[0.585s] Level 1:colcon.colcon_core.package_identification:_identify(src/ebot_description) by extensions ['ros']
[0.585s] Level 1:colcon.colcon_core.package_identification:_identify(src/ebot_description) by extension 'ros'
[0.590s] DEBUG:colcon.colcon_core.package_identification:Package 'src/ebot_description' with type 'ros.ament_cmake' and name 'ebot_description'
[0.590s] Level 1:colcon.colcon_core.package_identification:_identify(src/eyantra_warehouse) by extensions ['ignore', 'ignore_ament_install']
[0.590s] Level 1:colcon.colcon_core.package_identification:_identify(src/eyantra_warehouse) by extension 'ignore'
[0.590s] Level 1:colcon.colcon_core.package_identification:_identify(src/eyantra_warehouse) by extension 'ignore_ament_install'
[0.590s] Level 1:colcon.colcon_core.package_identification:_identify(src/eyantra_warehouse) by extensions ['colcon_pkg']
[0.590s] Level 1:colcon.colcon_core.package_identification:_identify(src/eyantra_warehouse) by extension 'colcon_pkg'
[0.590s] Level 1:colcon.colcon_core.package_identification:_identify(src/eyantra_warehouse) by extensions ['colcon_meta']
[0.590s] Level 1:colcon.colcon_core.package_identification:_identify(src/eyantra_warehouse) by extension 'colcon_meta'
[0.591s] Level 1:colcon.colcon_core.package_identification:_identify(src/eyantra_warehouse) by extensions ['ros']
[0.591s] Level 1:colcon.colcon_core.package_identification:_identify(src/eyantra_warehouse) by extension 'ros'
[0.591s] DEBUG:colcon.colcon_core.package_identification:Package 'src/eyantra_warehouse' with type 'ros.ament_cmake' and name 'eyantra_warehouse'
[0.591s] Level 1:colcon.colcon_core.package_discovery:discover_packages(recursive) using defaults
[0.591s] Level 1:colcon.colcon_core.package_discovery:discover_packages(ignore) discover
[0.592s] Level 1:colcon.colcon_core.package_discovery:discover_packages(ignore) using defaults
[0.592s] Level 1:colcon.colcon_core.package_discovery:discover_packages(path) discover
[0.592s] Level 1:colcon.colcon_core.package_discovery:discover_packages(path) using defaults
[0.626s] Level 1:colcon.colcon_core.package_discovery:discover_packages(prefix_path) check parameters
[0.626s] Level 1:colcon.colcon_core.package_discovery:discover_packages(prefix_path) discover
[0.630s] DEBUG:colcon.colcon_installed_package_information.package_discovery:Found 1 installed packages in /home/venkatesan/e-yantra/turtle_ws/install
[0.630s] DEBUG:colcon.colcon_installed_package_information.package_discovery:Found 0 installed packages in /home/venkatesan/Skills/robotics/ros2/ros2ws/install
[0.631s] DEBUG:colcon.colcon_installed_package_information.package_discovery:Found 1 installed packages in /home/venkatesan/Skills/robotics/ros2/ros2_ws/install
[0.632s] DEBUG:colcon.colcon_installed_package_information.package_discovery:Found 22 installed packages in /home/venkatesan/ros2_ws/install
[0.635s] DEBUG:colcon.colcon_installed_package_information.package_discovery:Found 400 installed packages in /opt/ros/humble
[0.654s] Level 1:colcon.colcon_core.package_discovery:discover_packages(prefix_path) using defaults
[0.743s] Level 5:colcon.colcon_core.verb:set package 'ebot_description' build argument 'cmake_args' from command line to 'None'
[0.743s] Level 5:colcon.colcon_core.verb:set package 'ebot_description' build argument 'cmake_target' from command line to 'None'
[0.743s] Level 5:colcon.colcon_core.verb:set package 'ebot_description' build argument 'cmake_target_skip_unavailable' from command line to 'False'
[0.744s] Level 5:colcon.colcon_core.verb:set package 'ebot_description' build argument 'cmake_clean_cache' from command line to 'False'
[0.744s] Level 5:colcon.colcon_core.verb:set package 'ebot_description' build argument 'cmake_clean_first' from command line to 'False'
[0.744s] Level 5:colcon.colcon_core.verb:set package 'ebot_description' build argument 'cmake_force_configure' from command line to 'False'
[0.744s] Level 5:colcon.colcon_core.verb:set package 'ebot_description' build argument 'ament_cmake_args' from command line to 'None'
[0.744s] Level 5:colcon.colcon_core.verb:set package 'ebot_description' build argument 'catkin_cmake_args' from command line to 'None'
[0.744s] Level 5:colcon.colcon_core.verb:set package 'ebot_description' build argument 'catkin_skip_building_tests' from command line to 'False'
[0.744s] DEBUG:colcon.colcon_core.verb:Building package 'ebot_description' with the following arguments: {'ament_cmake_args': None, 'build_base': '/home/venkatesan/e-yantra/lb_ws/build/ebot_description', 'catkin_cmake_args': None, 'catkin_skip_building_tests': False, 'cmake_args': None, 'cmake_clean_cache': False, 'cmake_clean_first': False, 'cmake_force_configure': False, 'cmake_target': None, 'cmake_target_skip_unavailable': False, 'install_base': '/home/venkatesan/e-yantra/lb_ws/install/ebot_description', 'merge_install': False, 'path': '/home/venkatesan/e-yantra/lb_ws/src/ebot_description', 'symlink_install': False, 'test_result_base': None}
[0.744s] Level 5:colcon.colcon_core.verb:set package 'eyantra_warehouse' build argument 'cmake_args' from command line to 'None'
[0.744s] Level 5:colcon.colcon_core.verb:set package 'eyantra_warehouse' build argument 'cmake_target' from command line to 'None'
[0.745s] Level 5:colcon.colcon_core.verb:set package 'eyantra_warehouse' build argument 'cmake_target_skip_unavailable' from command line to 'False'
[0.745s] Level 5:colcon.colcon_core.verb:set package 'eyantra_warehouse' build argument 'cmake_clean_cache' from command line to 'False'
[0.745s] Level 5:colcon.colcon_core.verb:set package 'eyantra_warehouse' build argument 'cmake_clean_first' from command line to 'False'
[0.745s] Level 5:colcon.colcon_core.verb:set package 'eyantra_warehouse' build argument 'cmake_force_configure' from command line to 'False'
[0.745s] Level 5:colcon.colcon_core.verb:set package 'eyantra_warehouse' build argument 'ament_cmake_args' from command line to 'None'
[0.745s] Level 5:colcon.colcon_core.verb:set package 'eyantra_warehouse' build argument 'catkin_cmake_args' from command line to 'None'
[0.745s] Level 5:colcon.colcon_core.verb:set package 'eyantra_warehouse' build argument 'catkin_skip_building_tests' from command line to 'False'
[0.745s] DEBUG:colcon.colcon_core.verb:Building package 'eyantra_warehouse' with the following arguments: {'ament_cmake_args': None, 'build_base': '/home/venkatesan/e-yantra/lb_ws/build/eyantra_warehouse', 'catkin_cmake_args': None, 'catkin_skip_building_tests': False, 'cmake_args': None, 'cmake_clean_cache': False, 'cmake_clean_first': False, 'cmake_force_configure': False, 'cmake_target': None, 'cmake_target_skip_unavailable': False, 'install_base': '/home/venkatesan/e-yantra/lb_ws/install/eyantra_warehouse', 'merge_install': False, 'path': '/home/venkatesan/e-yantra/lb_ws/src/eyantra_warehouse', 'symlink_install': False, 'test_result_base': None}
[0.745s] INFO:colcon.colcon_core.executor:Executing jobs using 'parallel' executor
[0.746s] DEBUG:colcon.colcon_parallel_executor.executor.parallel:run_until_complete
[0.747s] INFO:colcon.colcon_ros.task.ament_cmake.build:Building ROS package in '/home/venkatesan/e-yantra/lb_ws/src/ebot_description' with build type 'ament_cmake'
[0.747s] INFO:colcon.colcon_cmake.task.cmake.build:Building CMake package in '/home/venkatesan/e-yantra/lb_ws/src/ebot_description'
[0.751s] INFO:colcon.colcon_core.plugin_system:Skipping extension 'colcon_core.shell.bat': Not used on non-Windows systems
[0.751s] INFO:colcon.colcon_core.shell:Skip shell extension 'powershell' for command environment: Not usable outside of PowerShell
[0.751s] DEBUG:colcon.colcon_core.shell:Skip shell extension 'dsv' for command environment
[0.760s] INFO:colcon.colcon_ros.task.ament_cmake.build:Building ROS package in '/home/venkatesan/e-yantra/lb_ws/src/eyantra_warehouse' with build type 'ament_cmake'
[0.760s] INFO:colcon.colcon_cmake.task.cmake.build:Building CMake package in '/home/venkatesan/e-yantra/lb_ws/src/eyantra_warehouse'
[0.761s] INFO:colcon.colcon_core.shell:Skip shell extension 'powershell' for command environment: Not usable outside of PowerShell
[0.761s] DEBUG:colcon.colcon_core.shell:Skip shell extension 'dsv' for command environment
[0.778s] DEBUG:colcon.colcon_core.event_handler.log_command:Invoking command in '/home/venkatesan/e-yantra/lb_ws/build/ebot_description': CMAKE_PREFIX_PATH=${CMAKE_PREFIX_PATH}:/home/venkatesan/e-yantra/turtle_ws/install/turtlesim_spiral:/home/venkatesan/ros2_ws/install/launch_testing_examples:/home/venkatesan/ros2_ws/install/examples_rclpy_pointcloud_publisher:/home/venkatesan/ros2_ws/install/examples_rclpy_minimal_subscriber:/home/venkatesan/ros2_ws/install/examples_rclpy_minimal_service:/home/venkatesan/ros2_ws/install/examples_rclpy_minimal_publisher:/home/venkatesan/ros2_ws/install/examples_rclpy_minimal_client:/home/venkatesan/ros2_ws/install/examples_rclpy_minimal_action_server:/home/venkatesan/ros2_ws/install/examples_rclpy_minimal_action_client:/home/venkatesan/ros2_ws/install/examples_rclpy_guard_conditions:/home/venkatesan/ros2_ws/install/examples_rclpy_executors:/home/venkatesan/Skills/robotics/ros2/ros2_ws/install/my_robot_controller:/opt/ros/humble /usr/bin/cmake --build /home/venkatesan/e-yantra/lb_ws/build/ebot_description -- -j8 -l8
[0.791s] DEBUG:colcon.colcon_core.event_handler.log_command:Invoking command in '/home/venkatesan/e-yantra/lb_ws/build/eyantra_warehouse': CMAKE_PREFIX_PATH=${CMAKE_PREFIX_PATH}:/home/venkatesan/e-yantra/turtle_ws/install/turtlesim_spiral:/home/venkatesan/ros2_ws/install/launch_testing_examples:/home/venkatesan/ros2_ws/install/examples_rclpy_pointcloud_publisher:/home/venkatesan/ros2_ws/install/examples_rclpy_minimal_subscriber:/home/venkatesan/ros2_ws/install/examples_rclpy_minimal_service:/home/venkatesan/ros2_ws/install/examples_rclpy_minimal_publisher:/home/venkatesan/ros2_ws/install/examples_rclpy_minimal_client:/home/venkatesan/ros2_ws/install/examples_rclpy_minimal_action_server:/home/venkatesan/ros2_ws/install/examples_rclpy_minimal_action_client:/home/venkatesan/ros2_ws/install/examples_rclpy_guard_conditions:/home/venkatesan/ros2_ws/install/examples_rclpy_executors:/home/venkatesan/Skills/robotics/ros2/ros2_ws/install/my_robot_controller:/opt/ros/humble /usr/bin/cmake --build /home/venkatesan/e-yantra/lb_ws/build/eyantra_warehouse -- -j8 -l8
[0.851s] DEBUG:colcon.colcon_core.event_handler.log_command:Invoked command in '/home/venkatesan/e-yantra/lb_ws/build/ebot_description' returned '0': CMAKE_PREFIX_PATH=${CMAKE_PREFIX_PATH}:/home/venkatesan/e-yantra/turtle_ws/install/turtlesim_spiral:/home/venkatesan/ros2_ws/install/launch_testing_examples:/home/venkatesan/ros2_ws/install/examples_rclpy_pointcloud_publisher:/home/venkatesan/ros2_ws/install/examples_rclpy_minimal_subscriber:/home/venkatesan/ros2_ws/install/examples_rclpy_minimal_service:/home/venkatesan/ros2_ws/install/examples_rclpy_minimal_publisher:/home/venkatesan/ros2_ws/install/examples_rclpy_minimal_client:/home/venkatesan/ros2_ws/install/examples_rclpy_minimal_action_server:/home/venkatesan/ros2_ws/install/examples_rclpy_minimal_action_client:/home/venkatesan/ros2_ws/install/examples_rclpy_guard_conditions:/home/venkatesan/ros2_ws/install/examples_rclpy_executors:/home/venkatesan/Skills/robotics/ros2/ros2_ws/install/my_robot_controller:/opt/ros/humble /usr/bin/cmake --build /home/venkatesan/e-yantra/lb_ws/build/ebot_description -- -j8 -l8
[0.852s] DEBUG:colcon.colcon_core.event_handler.log_command:Invoked command in '/home/venkatesan/e-yantra/lb_ws/build/eyantra_warehouse' returned '0': CMAKE_PREFIX_PATH=${CMAKE_PREFIX_PATH}:/home/venkatesan/e-yantra/turtle_ws/install/turtlesim_spiral:/home/venkatesan/ros2_ws/install/launch_testing_examples:/home/venkatesan/ros2_ws/install/examples_rclpy_pointcloud_publisher:/home/venkatesan/ros2_ws/install/examples_rclpy_minimal_subscriber:/home/venkatesan/ros2_ws/install/examples_rclpy_minimal_service:/home/venkatesan/ros2_ws/install/examples_rclpy_minimal_publisher:/home/venkatesan/ros2_ws/install/examples_rclpy_minimal_client:/home/venkatesan/ros2_ws/install/examples_rclpy_minimal_action_server:/home/venkatesan/ros2_ws/install/examples_rclpy_minimal_action_client:/home/venkatesan/ros2_ws/install/examples_rclpy_guard_conditions:/home/venkatesan/ros2_ws/install/examples_rclpy_executors:/home/venkatesan/Skills/robotics/ros2/ros2_ws/install/my_robot_controller:/opt/ros/humble /usr/bin/cmake --build /home/venkatesan/e-yantra/lb_ws/build/eyantra_warehouse -- -j8 -l8
[0.902s] DEBUG:colcon.colcon_core.event_handler.log_command:Invoking command in '/home/venkatesan/e-yantra/lb_ws/build/ebot_description': CMAKE_PREFIX_PATH=${CMAKE_PREFIX_PATH}:/home/venkatesan/e-yantra/turtle_ws/install/turtlesim_spiral:/home/venkatesan/ros2_ws/install/launch_testing_examples:/home/venkatesan/ros2_ws/install/examples_rclpy_pointcloud_publisher:/home/venkatesan/ros2_ws/install/examples_rclpy_minimal_subscriber:/home/venkatesan/ros2_ws/install/examples_rclpy_minimal_service:/home/venkatesan/ros2_ws/install/examples_rclpy_minimal_publisher:/home/venkatesan/ros2_ws/install/examples_rclpy_minimal_client:/home/venkatesan/ros2_ws/install/examples_rclpy_minimal_action_server:/home/venkatesan/ros2_ws/install/examples_rclpy_minimal_action_client:/home/venkatesan/ros2_ws/install/examples_rclpy_guard_conditions:/home/venkatesan/ros2_ws/install/examples_rclpy_executors:/home/venkatesan/Skills/robotics/ros2/ros2_ws/install/my_robot_controller:/opt/ros/humble /usr/bin/cmake --install /home/venkatesan/e-yantra/lb_ws/build/ebot_description
[0.906s] DEBUG:colcon.colcon_core.event_handler.log_command:Invoking command in '/home/venkatesan/e-yantra/lb_ws/build/eyantra_warehouse': CMAKE_PREFIX_PATH=${CMAKE_PREFIX_PATH}:/home/venkatesan/e-yantra/turtle_ws/install/turtlesim_spiral:/home/venkatesan/ros2_ws/install/launch_testing_examples:/home/venkatesan/ros2_ws/install/examples_rclpy_pointcloud_publisher:/home/venkatesan/ros2_ws/install/examples_rclpy_minimal_subscriber:/home/venkatesan/ros2_ws/install/examples_rclpy_minimal_service:/home/venkatesan/ros2_ws/install/examples_rclpy_minimal_publisher:/home/venkatesan/ros2_ws/install/examples_rclpy_minimal_client:/home/venkatesan/ros2_ws/install/examples_rclpy_minimal_action_server:/home/venkatesan/ros2_ws/install/examples_rclpy_minimal_action_client:/home/venkatesan/ros2_ws/install/examples_rclpy_guard_conditions:/home/venkatesan/ros2_ws/install/examples_rclpy_executors:/home/venkatesan/Skills/robotics/ros2/ros2_ws/install/my_robot_controller:/opt/ros/humble /usr/bin/cmake --install /home/venkatesan/e-yantra/lb_ws/build/eyantra_warehouse
[0.986s] Level 1:colcon.colcon_core.environment:create_environment_scripts_only(ebot_description)
[0.988s] DEBUG:colcon.colcon_core.event_handler.log_command:Invoked command in '/home/venkatesan/e-yantra/lb_ws/build/ebot_description' returned '0': CMAKE_PREFIX_PATH=${CMAKE_PREFIX_PATH}:/home/venkatesan/e-yantra/turtle_ws/install/turtlesim_spiral:/home/venkatesan/ros2_ws/install/launch_testing_examples:/home/venkatesan/ros2_ws/install/examples_rclpy_pointcloud_publisher:/home/venkatesan/ros2_ws/install/examples_rclpy_minimal_subscriber:/home/venkatesan/ros2_ws/install/examples_rclpy_minimal_service:/home/venkatesan/ros2_ws/install/examples_rclpy_minimal_publisher:/home/venkatesan/ros2_ws/install/examples_rclpy_minimal_client:/home/venkatesan/ros2_ws/install/examples_rclpy_minimal_action_server:/home/venkatesan/ros2_ws/install/examples_rclpy_minimal_action_client:/home/venkatesan/ros2_ws/install/examples_rclpy_guard_conditions:/home/venkatesan/ros2_ws/install/examples_rclpy_executors:/home/venkatesan/Skills/robotics/ros2/ros2_ws/install/my_robot_controller:/opt/ros/humble /usr/bin/cmake --install /home/venkatesan/e-yantra/lb_ws/build/ebot_description
[0.995s] Level 1:colcon.colcon_core.environment:checking '/home/venkatesan/e-yantra/lb_ws/install/ebot_description' for CMake module files
[0.996s] Level 1:colcon.colcon_core.environment:checking '/home/venkatesan/e-yantra/lb_ws/install/ebot_description' for CMake config files
[0.996s] Level 1:colcon.colcon_core.shell:create_environment_hook('ebot_description', 'cmake_prefix_path')
[0.996s] INFO:colcon.colcon_core.shell:Creating environment hook '/home/venkatesan/e-yantra/lb_ws/install/ebot_description/share/ebot_description/hook/cmake_prefix_path.ps1'
[0.998s] INFO:colcon.colcon_core.shell:Creating environment descriptor '/home/venkatesan/e-yantra/lb_ws/install/ebot_description/share/ebot_description/hook/cmake_prefix_path.dsv'
[0.998s] INFO:colcon.colcon_core.shell:Creating environment hook '/home/venkatesan/e-yantra/lb_ws/install/ebot_description/share/ebot_description/hook/cmake_prefix_path.sh'
[1.000s] Level 1:colcon.colcon_core.environment:checking '/home/venkatesan/e-yantra/lb_ws/install/ebot_description/bin'
[1.000s] Level 1:colcon.colcon_core.environment:checking '/home/venkatesan/e-yantra/lb_ws/install/ebot_description/lib/pkgconfig/ebot_description.pc'
[1.000s] Level 1:colcon.colcon_core.environment:checking '/home/venkatesan/e-yantra/lb_ws/install/ebot_description/lib/python3.10/site-packages'
[1.001s] Level 1:colcon.colcon_core.environment:checking '/home/venkatesan/e-yantra/lb_ws/install/ebot_description/bin'
[1.001s] INFO:colcon.colcon_core.shell:Creating package script '/home/venkatesan/e-yantra/lb_ws/install/ebot_description/share/ebot_description/package.ps1'
[1.003s] INFO:colcon.colcon_core.shell:Creating package descriptor '/home/venkatesan/e-yantra/lb_ws/install/ebot_description/share/ebot_description/package.dsv'
[1.007s] INFO:colcon.colcon_core.shell:Creating package script '/home/venkatesan/e-yantra/lb_ws/install/ebot_description/share/ebot_description/package.sh'
[1.012s] INFO:colcon.colcon_core.shell:Creating package script '/home/venkatesan/e-yantra/lb_ws/install/ebot_description/share/ebot_description/package.bash'
[1.018s] INFO:colcon.colcon_core.shell:Creating package script '/home/venkatesan/e-yantra/lb_ws/install/ebot_description/share/ebot_description/package.zsh'
[1.026s] Level 1:colcon.colcon_core.environment:create_file_with_runtime_dependencies(/home/venkatesan/e-yantra/lb_ws/install/ebot_description/share/colcon-core/packages/ebot_description)
[1.066s] Level 1:colcon.colcon_core.environment:create_environment_scripts_only(ebot_description)
[1.067s] Level 1:colcon.colcon_core.environment:checking '/home/venkatesan/e-yantra/lb_ws/install/ebot_description' for CMake module files
[1.075s] Level 1:colcon.colcon_core.environment:checking '/home/venkatesan/e-yantra/lb_ws/install/ebot_description' for CMake config files
[1.077s] Level 1:colcon.colcon_core.shell:create_environment_hook('ebot_description', 'cmake_prefix_path')
[1.078s] INFO:colcon.colcon_core.shell:Creating environment hook '/home/venkatesan/e-yantra/lb_ws/install/ebot_description/share/ebot_description/hook/cmake_prefix_path.ps1'
[1.081s] INFO:colcon.colcon_core.shell:Creating environment descriptor '/home/venkatesan/e-yantra/lb_ws/install/ebot_description/share/ebot_description/hook/cmake_prefix_path.dsv'
[1.082s] INFO:colcon.colcon_core.shell:Creating environment hook '/home/venkatesan/e-yantra/lb_ws/install/ebot_description/share/ebot_description/hook/cmake_prefix_path.sh'
[1.083s] Level 1:colcon.colcon_core.environment:checking '/home/venkatesan/e-yantra/lb_ws/install/ebot_description/bin'
[1.083s] Level 1:colcon.colcon_core.environment:checking '/home/venkatesan/e-yantra/lb_ws/install/ebot_description/lib/pkgconfig/ebot_description.pc'
[1.083s] Level 1:colcon.colcon_core.environment:checking '/home/venkatesan/e-yantra/lb_ws/install/ebot_description/lib/python3.10/site-packages'
[1.084s] Level 1:colcon.colcon_core.environment:checking '/home/venkatesan/e-yantra/lb_ws/install/ebot_description/bin'
[1.084s] INFO:colcon.colcon_core.shell:Creating package script '/home/venkatesan/e-yantra/lb_ws/install/ebot_description/share/ebot_description/package.ps1'
[1.085s] INFO:colcon.colcon_core.shell:Creating package descriptor '/home/venkatesan/e-yantra/lb_ws/install/ebot_description/share/ebot_description/package.dsv'
[1.086s] INFO:colcon.colcon_core.shell:Creating package script '/home/venkatesan/e-yantra/lb_ws/install/ebot_description/share/ebot_description/package.sh'
[1.087s] INFO:colcon.colcon_core.shell:Creating package script '/home/venkatesan/e-yantra/lb_ws/install/ebot_description/share/ebot_description/package.bash'
[1.087s] INFO:colcon.colcon_core.shell:Creating package script '/home/venkatesan/e-yantra/lb_ws/install/ebot_description/share/ebot_description/package.zsh'
[1.088s] Level 1:colcon.colcon_core.environment:create_file_with_runtime_dependencies(/home/venkatesan/e-yantra/lb_ws/install/ebot_description/share/colcon-core/packages/ebot_description)
[1.090s] Level 1:colcon.colcon_core.environment:create_environment_scripts_only(eyantra_warehouse)
[1.090s] Level 1:colcon.colcon_core.environment:checking '/home/venkatesan/e-yantra/lb_ws/install/eyantra_warehouse' for CMake module files
[1.091s] DEBUG:colcon.colcon_core.event_handler.log_command:Invoked command in '/home/venkatesan/e-yantra/lb_ws/build/eyantra_warehouse' returned '0': CMAKE_PREFIX_PATH=${CMAKE_PREFIX_PATH}:/home/venkatesan/e-yantra/turtle_ws/install/turtlesim_spiral:/home/venkatesan/ros2_ws/install/launch_testing_examples:/home/venkatesan/ros2_ws/install/examples_rclpy_pointcloud_publisher:/home/venkatesan/ros2_ws/install/examples_rclpy_minimal_subscriber:/home/venkatesan/ros2_ws/install/examples_rclpy_minimal_service:/home/venkatesan/ros2_ws/install/examples_rclpy_minimal_publisher:/home/venkatesan/ros2_ws/install/examples_rclpy_minimal_client:/home/venkatesan/ros2_ws/install/examples_rclpy_minimal_action_server:/home/venkatesan/ros2_ws/install/examples_rclpy_minimal_action_client:/home/venkatesan/ros2_ws/install/examples_rclpy_guard_conditions:/home/venkatesan/ros2_ws/install/examples_rclpy_executors:/home/venkatesan/Skills/robotics/ros2/ros2_ws/install/my_robot_controller:/opt/ros/humble /usr/bin/cmake --install /home/venkatesan/e-yantra/lb_ws/build/eyantra_warehouse
[1.092s] Level 1:colcon.colcon_core.environment:checking '/home/venkatesan/e-yantra/lb_ws/install/eyantra_warehouse' for CMake config files
[1.092s] Level 1:colcon.colcon_core.shell:create_environment_hook('eyantra_warehouse', 'cmake_prefix_path')
[1.092s] INFO:colcon.colcon_core.shell:Creating environment hook '/home/venkatesan/e-yantra/lb_ws/install/eyantra_warehouse/share/eyantra_warehouse/hook/cmake_prefix_path.ps1'
[1.093s] INFO:colcon.colcon_core.shell:Creating environment descriptor '/home/venkatesan/e-yantra/lb_ws/install/eyantra_warehouse/share/eyantra_warehouse/hook/cmake_prefix_path.dsv'
[1.093s] INFO:colcon.colcon_core.shell:Creating environment hook '/home/venkatesan/e-yantra/lb_ws/install/eyantra_warehouse/share/eyantra_warehouse/hook/cmake_prefix_path.sh'
[1.094s] Level 1:colcon.colcon_core.environment:checking '/home/venkatesan/e-yantra/lb_ws/install/eyantra_warehouse/bin'
[1.094s] Level 1:colcon.colcon_core.environment:checking '/home/venkatesan/e-yantra/lb_ws/install/eyantra_warehouse/lib/pkgconfig/eyantra_warehouse.pc'
[1.095s] Level 1:colcon.colcon_core.environment:checking '/home/venkatesan/e-yantra/lb_ws/install/eyantra_warehouse/lib/python3.10/site-packages'
[1.095s] Level 1:colcon.colcon_core.environment:checking '/home/venkatesan/e-yantra/lb_ws/install/eyantra_warehouse/bin'
[1.095s] INFO:colcon.colcon_core.shell:Creating package script '/home/venkatesan/e-yantra/lb_ws/install/eyantra_warehouse/share/eyantra_warehouse/package.ps1'
[1.096s] INFO:colcon.colcon_core.shell:Creating package descriptor '/home/venkatesan/e-yantra/lb_ws/install/eyantra_warehouse/share/eyantra_warehouse/package.dsv'
[1.097s] INFO:colcon.colcon_core.shell:Creating package script '/home/venkatesan/e-yantra/lb_ws/install/eyantra_warehouse/share/eyantra_warehouse/package.sh'
[1.097s] INFO:colcon.colcon_core.shell:Creating package script '/home/venkatesan/e-yantra/lb_ws/install/eyantra_warehouse/share/eyantra_warehouse/package.bash'
[1.098s] INFO:colcon.colcon_core.shell:Creating package script '/home/venkatesan/e-yantra/lb_ws/install/eyantra_warehouse/share/eyantra_warehouse/package.zsh'
[1.098s] Level 1:colcon.colcon_core.environment:create_file_with_runtime_dependencies(/home/venkatesan/e-yantra/lb_ws/install/eyantra_warehouse/share/colcon-core/packages/eyantra_warehouse)
[1.134s] Level 1:colcon.colcon_core.environment:create_environment_scripts_only(eyantra_warehouse)
[1.135s] Level 1:colcon.colcon_core.environment:checking '/home/venkatesan/e-yantra/lb_ws/install/eyantra_warehouse' for CMake module files
[1.135s] Level 1:colcon.colcon_core.environment:checking '/home/venkatesan/e-yantra/lb_ws/install/eyantra_warehouse' for CMake config files
[1.136s] Level 1:colcon.colcon_core.shell:create_environment_hook('eyantra_warehouse', 'cmake_prefix_path')
[1.136s] INFO:colcon.colcon_core.shell:Creating environment hook '/home/venkatesan/e-yantra/lb_ws/install/eyantra_warehouse/share/eyantra_warehouse/hook/cmake_prefix_path.ps1'
[1.137s] INFO:colcon.colcon_core.shell:Creating environment descriptor '/home/venkatesan/e-yantra/lb_ws/install/eyantra_warehouse/share/eyantra_warehouse/hook/cmake_prefix_path.dsv'
[1.137s] INFO:colcon.colcon_core.shell:Creating environment hook '/home/venkatesan/e-yantra/lb_ws/install/eyantra_warehouse/share/eyantra_warehouse/hook/cmake_prefix_path.sh'
[1.138s] Level 1:colcon.colcon_core.environment:checking '/home/venkatesan/e-yantra/lb_ws/install/eyantra_warehouse/bin'
[1.138s] Level 1:colcon.colcon_core.environment:checking '/home/venkatesan/e-yantra/lb_ws/install/eyantra_warehouse/lib/pkgconfig/eyantra_warehouse.pc'
[1.138s] Level 1:colcon.colcon_core.environment:checking '/home/venkatesan/e-yantra/lb_ws/install/eyantra_warehouse/lib/python3.10/site-packages'
[1.139s] Level 1:colcon.colcon_core.environment:checking '/home/venkatesan/e-yantra/lb_ws/install/eyantra_warehouse/bin'
[1.139s] INFO:colcon.colcon_core.shell:Creating package script '/home/venkatesan/e-yantra/lb_ws/install/eyantra_warehouse/share/eyantra_warehouse/package.ps1'
[1.140s] INFO:colcon.colcon_core.shell:Creating package descriptor '/home/venkatesan/e-yantra/lb_ws/install/eyantra_warehouse/share/eyantra_warehouse/package.dsv'
[1.141s] INFO:colcon.colcon_core.shell:Creating package script '/home/venkatesan/e-yantra/lb_ws/install/eyantra_warehouse/share/eyantra_warehouse/package.sh'
[1.141s] INFO:colcon.colcon_core.shell:Creating package script '/home/venkatesan/e-yantra/lb_ws/install/eyantra_warehouse/share/eyantra_warehouse/package.bash'
[1.142s] INFO:colcon.colcon_core.shell:Creating package script '/home/venkatesan/e-yantra/lb_ws/install/eyantra_warehouse/share/eyantra_warehouse/package.zsh'
[1.143s] Level 1:colcon.colcon_core.environment:create_file_with_runtime_dependencies(/home/venkatesan/e-yantra/lb_ws/install/eyantra_warehouse/share/colcon-core/packages/eyantra_warehouse)
[1.143s] DEBUG:colcon.colcon_parallel_executor.executor.parallel:closing loop
[1.143s] DEBUG:colcon.colcon_parallel_executor.executor.parallel:loop closed
[1.143s] DEBUG:colcon.colcon_parallel_executor.executor.parallel:run_until_complete finished with '0'
[1.143s] DEBUG:colcon.colcon_core.event_reactor:joining thread
[1.153s] INFO:colcon.colcon_core.plugin_system:Skipping extension 'colcon_notification.desktop_notification.terminal_notifier': Not used on non-Darwin systems
[1.153s] INFO:colcon.colcon_core.plugin_system:Skipping extension 'colcon_notification.desktop_notification.win32': Not used on non-Windows systems
[1.153s] INFO:colcon.colcon_notification.desktop_notification:Sending desktop notification using 'notify2'
[1.186s] DEBUG:colcon.colcon_core.event_reactor:joined thread
[1.187s] INFO:colcon.colcon_core.shell:Creating prefix script '/home/venkatesan/e-yantra/lb_ws/install/local_setup.ps1'
[1.190s] INFO:colcon.colcon_core.shell:Creating prefix util module '/home/venkatesan/e-yantra/lb_ws/install/_local_setup_util_ps1.py'
[1.197s] INFO:colcon.colcon_core.shell:Creating prefix chain script '/home/venkatesan/e-yantra/lb_ws/install/setup.ps1'
[1.204s] INFO:colcon.colcon_core.shell:Creating prefix script '/home/venkatesan/e-yantra/lb_ws/install/local_setup.sh'
[1.206s] INFO:colcon.colcon_core.shell:Creating prefix util module '/home/venkatesan/e-yantra/lb_ws/install/_local_setup_util_sh.py'
[1.208s] INFO:colcon.colcon_core.shell:Creating prefix chain script '/home/venkatesan/e-yantra/lb_ws/install/setup.sh'
[1.215s] INFO:colcon.colcon_core.shell:Creating prefix script '/home/venkatesan/e-yantra/lb_ws/install/local_setup.bash'
[1.217s] INFO:colcon.colcon_core.shell:Creating prefix chain script '/home/venkatesan/e-yantra/lb_ws/install/setup.bash'
[1.224s] INFO:colcon.colcon_core.shell:Creating prefix script '/home/venkatesan/e-yantra/lb_ws/install/local_setup.zsh'
[1.225s] INFO:colcon.colcon_core.shell:Creating prefix chain script '/home/venkatesan/e-yantra/lb_ws/install/setup.zsh'
