[1.539s] Invoking command in '/home/venkatesan/e-yantra/tf2_ws/learning_tf2_py': PYTHONPATH=/home/venkatesan/e-yantra/tf2_ws/build/learning_tf2_py/prefix_override:/usr/lib/python3/dist-packages/colcon_core/task/python/colcon_distutils_commands:/home/venkatesan/e-yantra/tf2_ws/install/learning_tf2_py/lib/python3.10/site-packages:${PYTHONPATH} /usr/bin/python3 -W ignore:setup.py install is deprecated setup.py egg_info --egg-base ../build/learning_tf2_py build --build-base /home/venkatesan/e-yantra/tf2_ws/build/learning_tf2_py/build install --record /home/venkatesan/e-yantra/tf2_ws/build/learning_tf2_py/install.log --single-version-externally-managed install_data
[2.157s] running egg_info
[2.158s] writing ../build/learning_tf2_py/learning_tf2_py.egg-info/PKG-INFO
[2.158s] writing dependency_links to ../build/learning_tf2_py/learning_tf2_py.egg-info/dependency_links.txt
[2.158s] writing entry points to ../build/learning_tf2_py/learning_tf2_py.egg-info/entry_points.txt
[2.159s] writing requirements to ../build/learning_tf2_py/learning_tf2_py.egg-info/requires.txt
[2.159s] writing top-level names to ../build/learning_tf2_py/learning_tf2_py.egg-info/top_level.txt
[2.162s] reading manifest file '../build/learning_tf2_py/learning_tf2_py.egg-info/SOURCES.txt'
[2.162s] adding license file 'LICENSE'
[2.163s] writing manifest file '../build/learning_tf2_py/learning_tf2_py.egg-info/SOURCES.txt'
[2.164s] running build
[2.164s] running build_py
[2.164s] running install
[2.165s] running install_lib
[2.167s] running install_data
[2.167s] copying package.xml -> /home/venkatesan/e-yantra/tf2_ws/install/learning_tf2_py/share/learning_tf2_py
[2.168s] running install_egg_info
[2.171s] removing '/home/venkatesan/e-yantra/tf2_ws/install/learning_tf2_py/lib/python3.10/site-packages/learning_tf2_py-0.0.0-py3.10.egg-info' (and everything under it)
[2.171s] Copying ../build/learning_tf2_py/learning_tf2_py.egg-info to /home/venkatesan/e-yantra/tf2_ws/install/learning_tf2_py/lib/python3.10/site-packages/learning_tf2_py-0.0.0-py3.10.egg-info
[2.172s] running install_scripts
[2.211s] Installing static_turtle_tf2_broadcaster script to /home/venkatesan/e-yantra/tf2_ws/install/learning_tf2_py/lib/learning_tf2_py
[2.211s] writing list of installed files to '/home/venkatesan/e-yantra/tf2_ws/build/learning_tf2_py/install.log'
[2.256s] Invoked command in '/home/venkatesan/e-yantra/tf2_ws/learning_tf2_py' returned '0': PYTHONPATH=/home/venkatesan/e-yantra/tf2_ws/build/learning_tf2_py/prefix_override:/usr/lib/python3/dist-packages/colcon_core/task/python/colcon_distutils_commands:/home/venkatesan/e-yantra/tf2_ws/install/learning_tf2_py/lib/python3.10/site-packages:${PYTHONPATH} /usr/bin/python3 -W ignore:setup.py install is deprecated setup.py egg_info --egg-base ../build/learning_tf2_py build --build-base /home/venkatesan/e-yantra/tf2_ws/build/learning_tf2_py/build install --record /home/venkatesan/e-yantra/tf2_ws/build/learning_tf2_py/install.log --single-version-externally-managed install_data
