[0.246s] DEBUG:colcon:Command line arguments: ['/usr/bin/colcon', 'build']
[0.246s] DEBUG:colcon:Parsed command line arguments: Namespace(log_base=None, log_level=None, verb_name='build', build_base='build', install_base='install', merge_install=False, symlink_install=False, test_result_base=None, continue_on_error=False, executor='parallel', parallel_workers=8, event_handlers=None, ignore_user_meta=False, metas=['./colcon.meta'], base_paths=['.'], packages_ignore=None, packages_ignore_regex=None, paths=None, packages_up_to=None, packages_up_to_regex=None, packages_above=None, packages_above_and_dependencies=None, packages_above_depth=None, packages_select_by_dep=None, packages_skip_by_dep=None, packages_skip_up_to=None, packages_select_build_failed=False, packages_skip_build_finished=False, packages_select_test_failures=False, packages_skip_test_passed=False, packages_select=None, packages_skip=None, packages_select_regex=None, packages_skip_regex=None, packages_start=None, packages_end=None, allow_overriding=[], cmake_args=None, cmake_target=None, cmake_target_skip_unavailable=False, cmake_clean_cache=False, cmake_clean_first=False, cmake_force_configure=False, ament_cmake_args=None, catkin_cmake_args=None, catkin_skip_building_tests=False, mixin_files=None, mixin=None, verb_parser=<colcon_mixin.mixin.mixin_argument.MixinArgumentDecorator object at 0x76614ac6e2c0>, verb_extension=<colcon_core.verb.build.BuildVerb object at 0x76614ad7ebc0>, main=<bound method BuildVerb.main of <colcon_core.verb.build.BuildVerb object at 0x76614ad7ebc0>>, mixin_verb=('build',))
[0.667s] Level 1:colcon.colcon_core.package_discovery:discover_packages(colcon_meta) check parameters
[0.667s] Level 1:colcon.colcon_core.package_discovery:discover_packages(recursive) check parameters
[0.667s] Level 1:colcon.colcon_core.package_discovery:discover_packages(ignore) check parameters
[0.667s] Level 1:colcon.colcon_core.package_discovery:discover_packages(path) check parameters
[0.667s] Level 1:colcon.colcon_core.package_discovery:discover_packages(colcon_meta) discover
[0.667s] Level 1:colcon.colcon_core.package_discovery:discover_packages(recursive) discover
[0.667s] INFO:colcon.colcon_core.package_discovery:Crawling recursively for packages in '/home/venkatesan/e-yantra/turtle_ws'
[0.668s] Level 1:colcon.colcon_core.package_identification:_identify(.) by extensions ['ignore', 'ignore_ament_install']
[0.668s] Level 1:colcon.colcon_core.package_identification:_identify(.) by extension 'ignore'
[0.668s] Level 1:colcon.colcon_core.package_identification:_identify(.) by extension 'ignore_ament_install'
[0.668s] Level 1:colcon.colcon_core.package_identification:_identify(.) by extensions ['colcon_pkg']
[0.668s] Level 1:colcon.colcon_core.package_identification:_identify(.) by extension 'colcon_pkg'
[0.668s] Level 1:colcon.colcon_core.package_identification:_identify(.) by extensions ['colcon_meta']
[0.668s] Level 1:colcon.colcon_core.package_identification:_identify(.) by extension 'colcon_meta'
[0.668s] Level 1:colcon.colcon_core.package_identification:_identify(.) by extensions ['ros']
[0.668s] Level 1:colcon.colcon_core.package_identification:_identify(.) by extension 'ros'
[0.691s] Level 1:colcon.colcon_core.package_identification:_identify(.) by extensions ['cmake', 'python']
[0.692s] Level 1:colcon.colcon_core.package_identification:_identify(.) by extension 'cmake'
[0.692s] Level 1:colcon.colcon_core.package_identification:_identify(.) by extension 'python'
[0.692s] Level 1:colcon.colcon_core.package_identification:_identify(.) by extensions ['python_setup_py']
[0.692s] Level 1:colcon.colcon_core.package_identification:_identify(.) by extension 'python_setup_py'
[0.692s] Level 1:colcon.colcon_core.package_identification:_identify(build) by extensions ['ignore', 'ignore_ament_install']
[0.692s] Level 1:colcon.colcon_core.package_identification:_identify(build) by extension 'ignore'
[0.692s] Level 1:colcon.colcon_core.package_identification:_identify(build) ignored
[0.693s] Level 1:colcon.colcon_core.package_identification:_identify(install) by extensions ['ignore', 'ignore_ament_install']
[0.693s] Level 1:colcon.colcon_core.package_identification:_identify(install) by extension 'ignore'
[0.693s] Level 1:colcon.colcon_core.package_identification:_identify(install) ignored
[0.693s] Level 1:colcon.colcon_core.package_identification:_identify(log) by extensions ['ignore', 'ignore_ament_install']
[0.693s] Level 1:colcon.colcon_core.package_identification:_identify(log) by extension 'ignore'
[0.693s] Level 1:colcon.colcon_core.package_identification:_identify(log) ignored
[0.694s] Level 1:colcon.colcon_core.package_identification:_identify(src) by extensions ['ignore', 'ignore_ament_install']
[0.694s] Level 1:colcon.colcon_core.package_identification:_identify(src) by extension 'ignore'
[0.694s] Level 1:colcon.colcon_core.package_identification:_identify(src) by extension 'ignore_ament_install'
[0.694s] Level 1:colcon.colcon_core.package_identification:_identify(src) by extensions ['colcon_pkg']
[0.694s] Level 1:colcon.colcon_core.package_identification:_identify(src) by extension 'colcon_pkg'
[0.694s] Level 1:colcon.colcon_core.package_identification:_identify(src) by extensions ['colcon_meta']
[0.694s] Level 1:colcon.colcon_core.package_identification:_identify(src) by extension 'colcon_meta'
[0.694s] Level 1:colcon.colcon_core.package_identification:_identify(src) by extensions ['ros']
[0.694s] Level 1:colcon.colcon_core.package_identification:_identify(src) by extension 'ros'
[0.694s] Level 1:colcon.colcon_core.package_identification:_identify(src) by extensions ['cmake', 'python']
[0.695s] Level 1:colcon.colcon_core.package_identification:_identify(src) by extension 'cmake'
[0.695s] Level 1:colcon.colcon_core.package_identification:_identify(src) by extension 'python'
[0.695s] Level 1:colcon.colcon_core.package_identification:_identify(src) by extensions ['python_setup_py']
[0.695s] Level 1:colcon.colcon_core.package_identification:_identify(src) by extension 'python_setup_py'
[0.695s] Level 1:colcon.colcon_core.package_identification:_identify(src/turtlesim_spiral) by extensions ['ignore', 'ignore_ament_install']
[0.695s] Level 1:colcon.colcon_core.package_identification:_identify(src/turtlesim_spiral) by extension 'ignore'
[0.695s] Level 1:colcon.colcon_core.package_identification:_identify(src/turtlesim_spiral) by extension 'ignore_ament_install'
[0.695s] Level 1:colcon.colcon_core.package_identification:_identify(src/turtlesim_spiral) by extensions ['colcon_pkg']
[0.695s] Level 1:colcon.colcon_core.package_identification:_identify(src/turtlesim_spiral) by extension 'colcon_pkg'
[0.695s] Level 1:colcon.colcon_core.package_identification:_identify(src/turtlesim_spiral) by extensions ['colcon_meta']
[0.696s] Level 1:colcon.colcon_core.package_identification:_identify(src/turtlesim_spiral) by extension 'colcon_meta'
[0.696s] Level 1:colcon.colcon_core.package_identification:_identify(src/turtlesim_spiral) by extensions ['ros']
[0.696s] Level 1:colcon.colcon_core.package_identification:_identify(src/turtlesim_spiral) by extension 'ros'
[0.700s] DEBUG:colcon.colcon_core.package_identification:Package 'src/turtlesim_spiral' with type 'ros.ament_python' and name 'turtlesim_spiral'
[0.700s] Level 1:colcon.colcon_core.package_discovery:discover_packages(recursive) using defaults
[0.701s] Level 1:colcon.colcon_core.package_discovery:discover_packages(ignore) discover
[0.701s] Level 1:colcon.colcon_core.package_discovery:discover_packages(ignore) using defaults
[0.701s] Level 1:colcon.colcon_core.package_discovery:discover_packages(path) discover
[0.701s] Level 1:colcon.colcon_core.package_discovery:discover_packages(path) using defaults
[0.741s] Level 1:colcon.colcon_core.package_discovery:discover_packages(prefix_path) check parameters
[0.741s] Level 1:colcon.colcon_core.package_discovery:discover_packages(prefix_path) discover
[0.746s] DEBUG:colcon.colcon_installed_package_information.package_discovery:Found 1 installed packages in /home/venkatesan/e-yantra/turtle_ws/install
[0.746s] DEBUG:colcon.colcon_installed_package_information.package_discovery:Found 0 installed packages in /home/venkatesan/Skills/robotics/ros2/ros2ws/install
[0.747s] DEBUG:colcon.colcon_installed_package_information.package_discovery:Found 1 installed packages in /home/venkatesan/Skills/robotics/ros2/ros2_ws/install
[0.749s] DEBUG:colcon.colcon_installed_package_information.package_discovery:Found 22 installed packages in /home/venkatesan/ros2_ws/install
[0.752s] DEBUG:colcon.colcon_installed_package_information.package_discovery:Found 406 installed packages in /opt/ros/humble
[0.774s] Level 1:colcon.colcon_core.package_discovery:discover_packages(prefix_path) using defaults
[0.889s] Level 5:colcon.colcon_core.verb:set package 'turtlesim_spiral' build argument 'cmake_args' from command line to 'None'
[0.889s] Level 5:colcon.colcon_core.verb:set package 'turtlesim_spiral' build argument 'cmake_target' from command line to 'None'
[0.889s] Level 5:colcon.colcon_core.verb:set package 'turtlesim_spiral' build argument 'cmake_target_skip_unavailable' from command line to 'False'
[0.889s] Level 5:colcon.colcon_core.verb:set package 'turtlesim_spiral' build argument 'cmake_clean_cache' from command line to 'False'
[0.889s] Level 5:colcon.colcon_core.verb:set package 'turtlesim_spiral' build argument 'cmake_clean_first' from command line to 'False'
[0.889s] Level 5:colcon.colcon_core.verb:set package 'turtlesim_spiral' build argument 'cmake_force_configure' from command line to 'False'
[0.889s] Level 5:colcon.colcon_core.verb:set package 'turtlesim_spiral' build argument 'ament_cmake_args' from command line to 'None'
[0.889s] Level 5:colcon.colcon_core.verb:set package 'turtlesim_spiral' build argument 'catkin_cmake_args' from command line to 'None'
[0.889s] Level 5:colcon.colcon_core.verb:set package 'turtlesim_spiral' build argument 'catkin_skip_building_tests' from command line to 'False'
[0.890s] DEBUG:colcon.colcon_core.verb:Building package 'turtlesim_spiral' with the following arguments: {'ament_cmake_args': None, 'build_base': '/home/venkatesan/e-yantra/turtle_ws/build/turtlesim_spiral', 'catkin_cmake_args': None, 'catkin_skip_building_tests': False, 'cmake_args': None, 'cmake_clean_cache': False, 'cmake_clean_first': False, 'cmake_force_configure': False, 'cmake_target': None, 'cmake_target_skip_unavailable': False, 'install_base': '/home/venkatesan/e-yantra/turtle_ws/install/turtlesim_spiral', 'merge_install': False, 'path': '/home/venkatesan/e-yantra/turtle_ws/src/turtlesim_spiral', 'symlink_install': False, 'test_result_base': None}
[0.890s] INFO:colcon.colcon_core.executor:Executing jobs using 'parallel' executor
[0.892s] DEBUG:colcon.colcon_parallel_executor.executor.parallel:run_until_complete
[0.892s] INFO:colcon.colcon_ros.task.ament_python.build:Building ROS package in '/home/venkatesan/e-yantra/turtle_ws/src/turtlesim_spiral' with build type 'ament_python'
[0.892s] Level 1:colcon.colcon_core.shell:create_environment_hook('turtlesim_spiral', 'ament_prefix_path')
[0.897s] INFO:colcon.colcon_core.plugin_system:Skipping extension 'colcon_core.shell.bat': Not used on non-Windows systems
[0.897s] INFO:colcon.colcon_core.shell:Creating environment hook '/home/venkatesan/e-yantra/turtle_ws/install/turtlesim_spiral/share/turtlesim_spiral/hook/ament_prefix_path.ps1'
[0.898s] INFO:colcon.colcon_core.shell:Creating environment descriptor '/home/venkatesan/e-yantra/turtle_ws/install/turtlesim_spiral/share/turtlesim_spiral/hook/ament_prefix_path.dsv'
[0.899s] INFO:colcon.colcon_core.shell:Creating environment hook '/home/venkatesan/e-yantra/turtle_ws/install/turtlesim_spiral/share/turtlesim_spiral/hook/ament_prefix_path.sh'
[0.901s] INFO:colcon.colcon_core.shell:Skip shell extension 'powershell' for command environment: Not usable outside of PowerShell
[0.901s] DEBUG:colcon.colcon_core.shell:Skip shell extension 'dsv' for command environment
[1.613s] INFO:colcon.colcon_core.task.python.build:Building Python package in '/home/venkatesan/e-yantra/turtle_ws/src/turtlesim_spiral'
[1.613s] INFO:colcon.colcon_core.shell:Skip shell extension 'powershell' for command environment: Not usable outside of PowerShell
[1.614s] DEBUG:colcon.colcon_core.shell:Skip shell extension 'dsv' for command environment
[2.646s] DEBUG:colcon.colcon_core.event_handler.log_command:Invoking command in '/home/venkatesan/e-yantra/turtle_ws/src/turtlesim_spiral': PYTHONPATH=/home/venkatesan/e-yantra/turtle_ws/build/turtlesim_spiral/prefix_override:/usr/lib/python3/dist-packages/colcon_core/task/python/colcon_distutils_commands:/home/venkatesan/e-yantra/turtle_ws/install/turtlesim_spiral/lib/python3.10/site-packages:${PYTHONPATH} /usr/bin/python3 -W ignore:setup.py install is deprecated setup.py egg_info --egg-base ../../build/turtlesim_spiral build --build-base /home/venkatesan/e-yantra/turtle_ws/build/turtlesim_spiral/build install --record /home/venkatesan/e-yantra/turtle_ws/build/turtlesim_spiral/install.log --single-version-externally-managed install_data
[3.521s] DEBUG:colcon.colcon_core.event_handler.log_command:Invoked command in '/home/venkatesan/e-yantra/turtle_ws/src/turtlesim_spiral' returned '0': PYTHONPATH=/home/venkatesan/e-yantra/turtle_ws/build/turtlesim_spiral/prefix_override:/usr/lib/python3/dist-packages/colcon_core/task/python/colcon_distutils_commands:/home/venkatesan/e-yantra/turtle_ws/install/turtlesim_spiral/lib/python3.10/site-packages:${PYTHONPATH} /usr/bin/python3 -W ignore:setup.py install is deprecated setup.py egg_info --egg-base ../../build/turtlesim_spiral build --build-base /home/venkatesan/e-yantra/turtle_ws/build/turtlesim_spiral/build install --record /home/venkatesan/e-yantra/turtle_ws/build/turtlesim_spiral/install.log --single-version-externally-managed install_data
[3.529s] Level 1:colcon.colcon_core.environment:checking '/home/venkatesan/e-yantra/turtle_ws/install/turtlesim_spiral' for CMake module files
[3.530s] Level 1:colcon.colcon_core.environment:checking '/home/venkatesan/e-yantra/turtle_ws/install/turtlesim_spiral' for CMake config files
[3.532s] Level 1:colcon.colcon_core.environment:checking '/home/venkatesan/e-yantra/turtle_ws/install/turtlesim_spiral/lib'
[3.532s] Level 1:colcon.colcon_core.environment:checking '/home/venkatesan/e-yantra/turtle_ws/install/turtlesim_spiral/bin'
[3.532s] Level 1:colcon.colcon_core.environment:checking '/home/venkatesan/e-yantra/turtle_ws/install/turtlesim_spiral/lib/pkgconfig/turtlesim_spiral.pc'
[3.533s] Level 1:colcon.colcon_core.environment:checking '/home/venkatesan/e-yantra/turtle_ws/install/turtlesim_spiral/lib/python3.10/site-packages'
[3.533s] Level 1:colcon.colcon_core.shell:create_environment_hook('turtlesim_spiral', 'pythonpath')
[3.534s] INFO:colcon.colcon_core.shell:Creating environment hook '/home/venkatesan/e-yantra/turtle_ws/install/turtlesim_spiral/share/turtlesim_spiral/hook/pythonpath.ps1'
[3.535s] INFO:colcon.colcon_core.shell:Creating environment descriptor '/home/venkatesan/e-yantra/turtle_ws/install/turtlesim_spiral/share/turtlesim_spiral/hook/pythonpath.dsv'
[3.536s] INFO:colcon.colcon_core.shell:Creating environment hook '/home/venkatesan/e-yantra/turtle_ws/install/turtlesim_spiral/share/turtlesim_spiral/hook/pythonpath.sh'
[3.537s] Level 1:colcon.colcon_core.environment:checking '/home/venkatesan/e-yantra/turtle_ws/install/turtlesim_spiral/bin'
[3.538s] Level 1:colcon.colcon_core.environment:create_environment_scripts_only(turtlesim_spiral)
[3.539s] INFO:colcon.colcon_core.shell:Creating package script '/home/venkatesan/e-yantra/turtle_ws/install/turtlesim_spiral/share/turtlesim_spiral/package.ps1'
[3.541s] INFO:colcon.colcon_core.shell:Creating package descriptor '/home/venkatesan/e-yantra/turtle_ws/install/turtlesim_spiral/share/turtlesim_spiral/package.dsv'
[3.542s] INFO:colcon.colcon_core.shell:Creating package script '/home/venkatesan/e-yantra/turtle_ws/install/turtlesim_spiral/share/turtlesim_spiral/package.sh'
[3.544s] INFO:colcon.colcon_core.shell:Creating package script '/home/venkatesan/e-yantra/turtle_ws/install/turtlesim_spiral/share/turtlesim_spiral/package.bash'
[3.546s] INFO:colcon.colcon_core.shell:Creating package script '/home/venkatesan/e-yantra/turtle_ws/install/turtlesim_spiral/share/turtlesim_spiral/package.zsh'
[3.548s] Level 1:colcon.colcon_core.environment:create_file_with_runtime_dependencies(/home/venkatesan/e-yantra/turtle_ws/install/turtlesim_spiral/share/colcon-core/packages/turtlesim_spiral)
[3.549s] DEBUG:colcon.colcon_parallel_executor.executor.parallel:closing loop
[3.550s] DEBUG:colcon.colcon_parallel_executor.executor.parallel:loop closed
[3.550s] DEBUG:colcon.colcon_parallel_executor.executor.parallel:run_until_complete finished with '0'
[3.550s] DEBUG:colcon.colcon_core.event_reactor:joining thread
[3.563s] INFO:colcon.colcon_core.plugin_system:Skipping extension 'colcon_notification.desktop_notification.terminal_notifier': Not used on non-Darwin systems
[3.564s] INFO:colcon.colcon_core.plugin_system:Skipping extension 'colcon_notification.desktop_notification.win32': Not used on non-Windows systems
[3.564s] INFO:colcon.colcon_notification.desktop_notification:Sending desktop notification using 'notify2'
[3.594s] DEBUG:colcon.colcon_core.event_reactor:joined thread
[3.595s] INFO:colcon.colcon_core.shell:Creating prefix script '/home/venkatesan/e-yantra/turtle_ws/install/local_setup.ps1'
[3.597s] INFO:colcon.colcon_core.shell:Creating prefix util module '/home/venkatesan/e-yantra/turtle_ws/install/_local_setup_util_ps1.py'
[3.601s] INFO:colcon.colcon_core.shell:Creating prefix chain script '/home/venkatesan/e-yantra/turtle_ws/install/setup.ps1'
[3.606s] INFO:colcon.colcon_core.shell:Creating prefix script '/home/venkatesan/e-yantra/turtle_ws/install/local_setup.sh'
[3.607s] INFO:colcon.colcon_core.shell:Creating prefix util module '/home/venkatesan/e-yantra/turtle_ws/install/_local_setup_util_sh.py'
[3.608s] INFO:colcon.colcon_core.shell:Creating prefix chain script '/home/venkatesan/e-yantra/turtle_ws/install/setup.sh'
[3.614s] INFO:colcon.colcon_core.shell:Creating prefix script '/home/venkatesan/e-yantra/turtle_ws/install/local_setup.bash'
[3.615s] INFO:colcon.colcon_core.shell:Creating prefix chain script '/home/venkatesan/e-yantra/turtle_ws/install/setup.bash'
[3.620s] INFO:colcon.colcon_core.shell:Creating prefix script '/home/venkatesan/e-yantra/turtle_ws/install/local_setup.zsh'
[3.621s] INFO:colcon.colcon_core.shell:Creating prefix chain script '/home/venkatesan/e-yantra/turtle_ws/install/setup.zsh'
