[1.017s] Invoking command in '/home/venkatesan/e-yantra/tf2_ws/src/learning_tf2_py': PYTHONPATH=/home/venkatesan/e-yantra/tf2_ws/build/learning_tf2_py/prefix_override:/usr/lib/python3/dist-packages/colcon_core/task/python/colcon_distutils_commands:/home/venkatesan/e-yantra/tf2_ws/install/learning_tf2_py/lib/python3.10/site-packages:${PYTHONPATH} /usr/bin/python3 -W ignore:setup.py install is deprecated setup.py egg_info --egg-base ../../build/learning_tf2_py build --build-base /home/venkatesan/e-yantra/tf2_ws/build/learning_tf2_py/build install --record /home/venkatesan/e-yantra/tf2_ws/build/learning_tf2_py/install.log --single-version-externally-managed install_data
[1.320s] running egg_info
[1.321s] writing ../../build/learning_tf2_py/learning_tf2_py.egg-info/PKG-INFO
[1.325s] writing dependency_links to ../../build/learning_tf2_py/learning_tf2_py.egg-info/dependency_links.txt
[1.325s] writing entry points to ../../build/learning_tf2_py/learning_tf2_py.egg-info/entry_points.txt
[1.325s] writing requirements to ../../build/learning_tf2_py/learning_tf2_py.egg-info/requires.txt
[1.325s] writing top-level names to ../../build/learning_tf2_py/learning_tf2_py.egg-info/top_level.txt
[1.327s] reading manifest file '../../build/learning_tf2_py/learning_tf2_py.egg-info/SOURCES.txt'
[1.328s] adding license file 'LICENSE'
[1.328s] writing manifest file '../../build/learning_tf2_py/learning_tf2_py.egg-info/SOURCES.txt'
[1.329s] running build
[1.329s] running build_py
[1.329s] running install
[1.330s] running install_lib
[1.332s] running install_data
[1.333s] running install_egg_info
[1.335s] removing '/home/venkatesan/e-yantra/tf2_ws/install/learning_tf2_py/lib/python3.10/site-packages/learning_tf2_py-0.0.0-py3.10.egg-info' (and everything under it)
[1.335s] Copying ../../build/learning_tf2_py/learning_tf2_py.egg-info to /home/venkatesan/e-yantra/tf2_ws/install/learning_tf2_py/lib/python3.10/site-packages/learning_tf2_py-0.0.0-py3.10.egg-info
[1.336s] running install_scripts
[1.358s] Installing static_turtle_tf2_broadcaster script to /home/venkatesan/e-yantra/tf2_ws/install/learning_tf2_py/lib/learning_tf2_py
[1.359s] writing list of installed files to '/home/venkatesan/e-yantra/tf2_ws/build/learning_tf2_py/install.log'
[1.385s] Invoked command in '/home/venkatesan/e-yantra/tf2_ws/src/learning_tf2_py' returned '0': PYTHONPATH=/home/venkatesan/e-yantra/tf2_ws/build/learning_tf2_py/prefix_override:/usr/lib/python3/dist-packages/colcon_core/task/python/colcon_distutils_commands:/home/venkatesan/e-yantra/tf2_ws/install/learning_tf2_py/lib/python3.10/site-packages:${PYTHONPATH} /usr/bin/python3 -W ignore:setup.py install is deprecated setup.py egg_info --egg-base ../../build/learning_tf2_py build --build-base /home/venkatesan/e-yantra/tf2_ws/build/learning_tf2_py/build install --record /home/venkatesan/e-yantra/tf2_ws/build/learning_tf2_py/install.log --single-version-externally-managed install_data
