-- Install configuration: ""
-- Installing: /home/venkatesan/e-yantra/lb_ws/install/ebot_description/share/ebot_description//launch
-- Installing: /home/venkatesan/e-yantra/lb_ws/install/ebot_description/share/ebot_description//launch/ebot_gazebo_launch.py
-- Installing: /home/venkatesan/e-yantra/lb_ws/install/ebot_description/share/ebot_description//launch/spawn_robot.py
-- Installing: /home/venkatesan/e-yantra/lb_ws/install/ebot_description/share/ebot_description//launch/start_world_launch.py
-- Installing: /home/venkatesan/e-yantra/lb_ws/install/ebot_description/share/ebot_description//worlds
-- Installing: /home/venkatesan/e-yantra/lb_ws/install/ebot_description/share/ebot_description//worlds/empty.world
-- Installing: /home/venkatesan/e-yantra/lb_ws/install/ebot_description/share/ebot_description//models
-- Installing: /home/venkatesan/e-yantra/lb_ws/install/ebot_description/share/ebot_description//models/ebot
-- Installing: /home/venkatesan/e-yantra/lb_ws/install/ebot_description/share/ebot_description//models/ebot/ebot_description.xacro
-- Installing: /home/venkatesan/e-yantra/lb_ws/install/ebot_description/share/ebot_description//models/ebot/ebot.gazebo
-- Installing: /home/venkatesan/e-yantra/lb_ws/install/ebot_description/share/ebot_description//meshes
-- Installing: /home/venkatesan/e-yantra/lb_ws/install/ebot_description/share/ebot_description//meshes/RUS6.STL
-- Installing: /home/venkatesan/e-yantra/lb_ws/install/ebot_description/share/ebot_description//meshes/FUS2.STL
-- Installing: /home/venkatesan/e-yantra/lb_ws/install/ebot_description/share/ebot_description//meshes/FWL.STL
-- Installing: /home/venkatesan/e-yantra/lb_ws/install/ebot_description/share/ebot_description//meshes/RHUS7.STL
-- Installing: /home/venkatesan/e-yantra/lb_ws/install/ebot_description/share/ebot_description//meshes/RUS5.STL
-- Installing: /home/venkatesan/e-yantra/lb_ws/install/ebot_description/share/ebot_description//meshes/chassis.dae
-- Installing: /home/venkatesan/e-yantra/lb_ws/install/ebot_description/share/ebot_description//meshes/FUS4.STL
-- Installing: /home/venkatesan/e-yantra/lb_ws/install/ebot_description/share/ebot_description//meshes/robot_base.stl
-- Installing: /home/venkatesan/e-yantra/lb_ws/install/ebot_description/share/ebot_description//meshes/RWR.STL
-- Installing: /home/venkatesan/e-yantra/lb_ws/install/ebot_description/share/ebot_description//meshes/LHUS10.STL
-- Installing: /home/venkatesan/e-yantra/lb_ws/install/ebot_description/share/ebot_description//meshes/FUS3.STL
-- Installing: /home/venkatesan/e-yantra/lb_ws/install/ebot_description/share/ebot_description//meshes/FUS1.STL
-- Installing: /home/venkatesan/e-yantra/lb_ws/install/ebot_description/share/ebot_description//meshes/LHUS9.STL
-- Installing: /home/venkatesan/e-yantra/lb_ws/install/ebot_description/share/ebot_description//meshes/RWL.STL
-- Installing: /home/venkatesan/e-yantra/lb_ws/install/ebot_description/share/ebot_description//meshes/FWR.STL
-- Installing: /home/venkatesan/e-yantra/lb_ws/install/ebot_description/share/ebot_description//meshes/RHUS9.STL
-- Installing: /home/venkatesan/e-yantra/lb_ws/install/ebot_description/share/ebot_description//plugins
-- Installing: /home/venkatesan/e-yantra/lb_ws/install/ebot_description/share/ebot_description//plugins/libgazebo_ros_vacuum_gripper.so
-- Installing: /home/venkatesan/e-yantra/lb_ws/install/ebot_description/share/ebot_description//plugins/libgazebo_collision_sensor.so
-- Installing: /home/venkatesan/e-yantra/lb_ws/install/ebot_description/share/ament_index/resource_index/package_run_dependencies/ebot_description
-- Installing: /home/venkatesan/e-yantra/lb_ws/install/ebot_description/share/ament_index/resource_index/parent_prefix_path/ebot_description
-- Installing: /home/venkatesan/e-yantra/lb_ws/install/ebot_description/share/ebot_description/environment/ament_prefix_path.sh
-- Installing: /home/venkatesan/e-yantra/lb_ws/install/ebot_description/share/ebot_description/environment/ament_prefix_path.dsv
-- Installing: /home/venkatesan/e-yantra/lb_ws/install/ebot_description/share/ebot_description/environment/path.sh
-- Installing: /home/venkatesan/e-yantra/lb_ws/install/ebot_description/share/ebot_description/environment/path.dsv
-- Installing: /home/venkatesan/e-yantra/lb_ws/install/ebot_description/share/ebot_description/local_setup.bash
-- Installing: /home/venkatesan/e-yantra/lb_ws/install/ebot_description/share/ebot_description/local_setup.sh
-- Installing: /home/venkatesan/e-yantra/lb_ws/install/ebot_description/share/ebot_description/local_setup.zsh
-- Installing: /home/venkatesan/e-yantra/lb_ws/install/ebot_description/share/ebot_description/local_setup.dsv
-- Installing: /home/venkatesan/e-yantra/lb_ws/install/ebot_description/share/ebot_description/package.dsv
-- Installing: /home/venkatesan/e-yantra/lb_ws/install/ebot_description/share/ament_index/resource_index/packages/ebot_description
-- Installing: /home/venkatesan/e-yantra/lb_ws/install/ebot_description/share/ebot_description/cmake/ebot_descriptionConfig.cmake
-- Installing: /home/venkatesan/e-yantra/lb_ws/install/ebot_description/share/ebot_description/cmake/ebot_descriptionConfig-version.cmake
-- Installing: /home/venkatesan/e-yantra/lb_ws/install/ebot_description/share/ebot_description/package.xml
