[1.663s] Invoking command in '/home/venkatesan/e-yantra/tf2_ws/learning_tf2_py': PYTHONPATH=/home/venkatesan/e-yantra/tf2_ws/build/learning_tf2_py/prefix_override:/usr/lib/python3/dist-packages/colcon_core/task/python/colcon_distutils_commands:/home/venkatesan/e-yantra/tf2_ws/install/learning_tf2_py/lib/python3.10/site-packages:${PYTHONPATH} /usr/bin/python3 -W ignore:setup.py install is deprecated setup.py egg_info --egg-base ../build/learning_tf2_py build --build-base /home/venkatesan/e-yantra/tf2_ws/build/learning_tf2_py/build install --record /home/venkatesan/e-yantra/tf2_ws/build/learning_tf2_py/install.log --single-version-externally-managed install_data
[2.310s] running egg_info
[2.311s] creating ../build/learning_tf2_py/learning_tf2_py.egg-info
[2.311s] writing ../build/learning_tf2_py/learning_tf2_py.egg-info/PKG-INFO
[2.312s] writing dependency_links to ../build/learning_tf2_py/learning_tf2_py.egg-info/dependency_links.txt
[2.312s] writing entry points to ../build/learning_tf2_py/learning_tf2_py.egg-info/entry_points.txt
[2.312s] writing requirements to ../build/learning_tf2_py/learning_tf2_py.egg-info/requires.txt
[2.312s] writing top-level names to ../build/learning_tf2_py/learning_tf2_py.egg-info/top_level.txt
[2.313s] writing manifest file '../build/learning_tf2_py/learning_tf2_py.egg-info/SOURCES.txt'
[2.316s] reading manifest file '../build/learning_tf2_py/learning_tf2_py.egg-info/SOURCES.txt'
[2.316s] adding license file 'LICENSE'
[2.317s] writing manifest file '../build/learning_tf2_py/learning_tf2_py.egg-info/SOURCES.txt'
[2.317s] running build
[2.317s] running build_py
[2.317s] creating /home/venkatesan/e-yantra/tf2_ws/build/learning_tf2_py/build
[2.318s] creating /home/venkatesan/e-yantra/tf2_ws/build/learning_tf2_py/build/lib
[2.318s] creating /home/venkatesan/e-yantra/tf2_ws/build/learning_tf2_py/build/lib/learning_tf2_py
[2.318s] copying learning_tf2_py/__init__.py -> /home/venkatesan/e-yantra/tf2_ws/build/learning_tf2_py/build/lib/learning_tf2_py
[2.318s] running install
[2.318s] running install_lib
[2.320s] creating /home/venkatesan/e-yantra/tf2_ws/install/learning_tf2_py/lib/python3.10/site-packages/learning_tf2_py
[2.320s] copying /home/venkatesan/e-yantra/tf2_ws/build/learning_tf2_py/build/lib/learning_tf2_py/__init__.py -> /home/venkatesan/e-yantra/tf2_ws/install/learning_tf2_py/lib/python3.10/site-packages/learning_tf2_py
[2.321s] byte-compiling /home/venkatesan/e-yantra/tf2_ws/install/learning_tf2_py/lib/python3.10/site-packages/learning_tf2_py/__init__.py to __init__.cpython-310.pyc
[2.321s] running install_data
[2.322s] creating /home/venkatesan/e-yantra/tf2_ws/install/learning_tf2_py/share/ament_index
[2.322s] creating /home/venkatesan/e-yantra/tf2_ws/install/learning_tf2_py/share/ament_index/resource_index
[2.322s] creating /home/venkatesan/e-yantra/tf2_ws/install/learning_tf2_py/share/ament_index/resource_index/packages
[2.322s] copying resource/learning_tf2_py -> /home/venkatesan/e-yantra/tf2_ws/install/learning_tf2_py/share/ament_index/resource_index/packages
[2.322s] copying package.xml -> /home/venkatesan/e-yantra/tf2_ws/install/learning_tf2_py/share/learning_tf2_py
[2.322s] running install_egg_info
[2.326s] Copying ../build/learning_tf2_py/learning_tf2_py.egg-info to /home/venkatesan/e-yantra/tf2_ws/install/learning_tf2_py/lib/python3.10/site-packages/learning_tf2_py-0.0.0-py3.10.egg-info
[2.327s] running install_scripts
[2.368s] writing list of installed files to '/home/venkatesan/e-yantra/tf2_ws/build/learning_tf2_py/install.log'
[2.411s] Invoked command in '/home/venkatesan/e-yantra/tf2_ws/learning_tf2_py' returned '0': PYTHONPATH=/home/venkatesan/e-yantra/tf2_ws/build/learning_tf2_py/prefix_override:/usr/lib/python3/dist-packages/colcon_core/task/python/colcon_distutils_commands:/home/venkatesan/e-yantra/tf2_ws/install/learning_tf2_py/lib/python3.10/site-packages:${PYTHONPATH} /usr/bin/python3 -W ignore:setup.py install is deprecated setup.py egg_info --egg-base ../build/learning_tf2_py build --build-base /home/venkatesan/e-yantra/tf2_ws/build/learning_tf2_py/build install --record /home/venkatesan/e-yantra/tf2_ws/build/learning_tf2_py/install.log --single-version-externally-managed install_data
