[0.026s] Invoking command in '/home/venkatesan/e-yantra/lb_ws/build/eyantra_warehouse': CMAKE_PREFIX_PATH=${CMAKE_PREFIX_PATH}:/home/venkatesan/e-yantra/turtle_ws/install/turtlesim_spiral:/home/venkatesan/ros2_ws/install/launch_testing_examples:/home/venkatesan/ros2_ws/install/examples_rclpy_pointcloud_publisher:/home/venkatesan/ros2_ws/install/examples_rclpy_minimal_subscriber:/home/venkatesan/ros2_ws/install/examples_rclpy_minimal_service:/home/venkatesan/ros2_ws/install/examples_rclpy_minimal_publisher:/home/venkatesan/ros2_ws/install/examples_rclpy_minimal_client:/home/venkatesan/ros2_ws/install/examples_rclpy_minimal_action_server:/home/venkatesan/ros2_ws/install/examples_rclpy_minimal_action_client:/home/venkatesan/ros2_ws/install/examples_rclpy_guard_conditions:/home/venkatesan/ros2_ws/install/examples_rclpy_executors:/home/venkatesan/Skills/robotics/ros2/ros2_ws/install/my_robot_controller:/opt/ros/humble /usr/bin/cmake /home/venkatesan/e-yantra/lb_ws/src/eyantra_warehouse -DAMENT_CMAKE_SYMLINK_INSTALL=1 -DCMAKE_INSTALL_PREFIX=/home/venkatesan/e-yantra/lb_ws/install/eyantra_warehouse
[0.045s] -- Found ament_cmake: 1.3.10 (/opt/ros/humble/share/ament_cmake/cmake)
[0.324s] -- Override CMake install command with custom implementation using symlinks instead of copying resources
[0.337s] -- Found ament_lint_auto: 0.12.11 (/opt/ros/humble/share/ament_lint_auto/cmake)
[0.482s] -- Added test 'copyright' to check source files copyright and LICENSE
[0.546s] -- Added test 'flake8' to check Python code syntax and style conventions
[0.554s] -- Added test 'lint_cmake' to check CMake code style
[0.558s] -- Added test 'pep257' to check Python code against some of the docstring style conventions in PEP 257
[0.591s] -- Added test 'xmllint' to check XML markup files
[0.593s] -- Configuring done
[0.597s] -- Generating done
[0.599s] -- Build files have been written to: /home/venkatesan/e-yantra/lb_ws/build/eyantra_warehouse
[0.604s] Invoked command in '/home/venkatesan/e-yantra/lb_ws/build/eyantra_warehouse' returned '0': CMAKE_PREFIX_PATH=${CMAKE_PREFIX_PATH}:/home/venkatesan/e-yantra/turtle_ws/install/turtlesim_spiral:/home/venkatesan/ros2_ws/install/launch_testing_examples:/home/venkatesan/ros2_ws/install/examples_rclpy_pointcloud_publisher:/home/venkatesan/ros2_ws/install/examples_rclpy_minimal_subscriber:/home/venkatesan/ros2_ws/install/examples_rclpy_minimal_service:/home/venkatesan/ros2_ws/install/examples_rclpy_minimal_publisher:/home/venkatesan/ros2_ws/install/examples_rclpy_minimal_client:/home/venkatesan/ros2_ws/install/examples_rclpy_minimal_action_server:/home/venkatesan/ros2_ws/install/examples_rclpy_minimal_action_client:/home/venkatesan/ros2_ws/install/examples_rclpy_guard_conditions:/home/venkatesan/ros2_ws/install/examples_rclpy_executors:/home/venkatesan/Skills/robotics/ros2/ros2_ws/install/my_robot_controller:/opt/ros/humble /usr/bin/cmake /home/venkatesan/e-yantra/lb_ws/src/eyantra_warehouse -DAMENT_CMAKE_SYMLINK_INSTALL=1 -DCMAKE_INSTALL_PREFIX=/home/venkatesan/e-yantra/lb_ws/install/eyantra_warehouse
[0.607s] Invoking command in '/home/venkatesan/e-yantra/lb_ws/build/eyantra_warehouse': CMAKE_PREFIX_PATH=${CMAKE_PREFIX_PATH}:/home/venkatesan/e-yantra/turtle_ws/install/turtlesim_spiral:/home/venkatesan/ros2_ws/install/launch_testing_examples:/home/venkatesan/ros2_ws/install/examples_rclpy_pointcloud_publisher:/home/venkatesan/ros2_ws/install/examples_rclpy_minimal_subscriber:/home/venkatesan/ros2_ws/install/examples_rclpy_minimal_service:/home/venkatesan/ros2_ws/install/examples_rclpy_minimal_publisher:/home/venkatesan/ros2_ws/install/examples_rclpy_minimal_client:/home/venkatesan/ros2_ws/install/examples_rclpy_minimal_action_server:/home/venkatesan/ros2_ws/install/examples_rclpy_minimal_action_client:/home/venkatesan/ros2_ws/install/examples_rclpy_guard_conditions:/home/venkatesan/ros2_ws/install/examples_rclpy_executors:/home/venkatesan/Skills/robotics/ros2/ros2_ws/install/my_robot_controller:/opt/ros/humble /usr/bin/cmake --build /home/venkatesan/e-yantra/lb_ws/build/eyantra_warehouse -- -j8 -l8
[0.672s] Invoked command in '/home/venkatesan/e-yantra/lb_ws/build/eyantra_warehouse' returned '0': CMAKE_PREFIX_PATH=${CMAKE_PREFIX_PATH}:/home/venkatesan/e-yantra/turtle_ws/install/turtlesim_spiral:/home/venkatesan/ros2_ws/install/launch_testing_examples:/home/venkatesan/ros2_ws/install/examples_rclpy_pointcloud_publisher:/home/venkatesan/ros2_ws/install/examples_rclpy_minimal_subscriber:/home/venkatesan/ros2_ws/install/examples_rclpy_minimal_service:/home/venkatesan/ros2_ws/install/examples_rclpy_minimal_publisher:/home/venkatesan/ros2_ws/install/examples_rclpy_minimal_client:/home/venkatesan/ros2_ws/install/examples_rclpy_minimal_action_server:/home/venkatesan/ros2_ws/install/examples_rclpy_minimal_action_client:/home/venkatesan/ros2_ws/install/examples_rclpy_guard_conditions:/home/venkatesan/ros2_ws/install/examples_rclpy_executors:/home/venkatesan/Skills/robotics/ros2/ros2_ws/install/my_robot_controller:/opt/ros/humble /usr/bin/cmake --build /home/venkatesan/e-yantra/lb_ws/build/eyantra_warehouse -- -j8 -l8
[0.723s] Invoking command in '/home/venkatesan/e-yantra/lb_ws/build/eyantra_warehouse': CMAKE_PREFIX_PATH=${CMAKE_PREFIX_PATH}:/home/venkatesan/e-yantra/turtle_ws/install/turtlesim_spiral:/home/venkatesan/ros2_ws/install/launch_testing_examples:/home/venkatesan/ros2_ws/install/examples_rclpy_pointcloud_publisher:/home/venkatesan/ros2_ws/install/examples_rclpy_minimal_subscriber:/home/venkatesan/ros2_ws/install/examples_rclpy_minimal_service:/home/venkatesan/ros2_ws/install/examples_rclpy_minimal_publisher:/home/venkatesan/ros2_ws/install/examples_rclpy_minimal_client:/home/venkatesan/ros2_ws/install/examples_rclpy_minimal_action_server:/home/venkatesan/ros2_ws/install/examples_rclpy_minimal_action_client:/home/venkatesan/ros2_ws/install/examples_rclpy_guard_conditions:/home/venkatesan/ros2_ws/install/examples_rclpy_executors:/home/venkatesan/Skills/robotics/ros2/ros2_ws/install/my_robot_controller:/opt/ros/humble /usr/bin/cmake --install /home/venkatesan/e-yantra/lb_ws/build/eyantra_warehouse
[0.736s] -- Install configuration: ""
[0.736s] -- Execute custom install script
[0.737s] -- Symlinking: /home/venkatesan/e-yantra/lb_ws/install/eyantra_warehouse/share/eyantra_warehouse//launch/task0.launch.py
[0.752s] -- Symlinking: /home/venkatesan/e-yantra/lb_ws/install/eyantra_warehouse/share/eyantra_warehouse//worlds/eyantra_warehouse_task0.world
[0.773s] -- Symlinking: /home/venkatesan/e-yantra/lb_ws/install/eyantra_warehouse/share/eyantra_warehouse//models/LB_city/meshes/LAWN.jpg
[0.788s] -- Symlinking: /home/venkatesan/e-yantra/lb_ws/install/eyantra_warehouse/share/eyantra_warehouse//models/LB_city/meshes/LB_city.dae
[0.807s] -- Symlinking: /home/venkatesan/e-yantra/lb_ws/install/eyantra_warehouse/share/eyantra_warehouse//models/LB_city/meshes/SolarPanelsPolycrystallineTypeBFramedClean001_COL_3K.jpg.004.jp.jpg
[0.823s] -- Symlinking: /home/venkatesan/e-yantra/lb_ws/install/eyantra_warehouse/share/eyantra_warehouse//models/LB_city/meshes/dm1.jpg
[0.839s] -- Symlinking: /home/venkatesan/e-yantra/lb_ws/install/eyantra_warehouse/share/eyantra_warehouse//models/LB_city/meshes/f1q.jpg
[0.854s] -- Symlinking: /home/venkatesan/e-yantra/lb_ws/install/eyantra_warehouse/share/eyantra_warehouse//models/LB_city/meshes/f1q.jpg.001.jpg
[0.869s] -- Symlinking: /home/venkatesan/e-yantra/lb_ws/install/eyantra_warehouse/share/eyantra_warehouse//models/LB_city/meshes/grass.png
[0.885s] -- Symlinking: /home/venkatesan/e-yantra/lb_ws/install/eyantra_warehouse/share/eyantra_warehouse//models/LB_city/meshes/ocean_texture.jpeg
[0.900s] -- Symlinking: /home/venkatesan/e-yantra/lb_ws/install/eyantra_warehouse/share/eyantra_warehouse//models/LB_city/meshes/pb2.jpg
[0.916s] -- Symlinking: /home/venkatesan/e-yantra/lb_ws/install/eyantra_warehouse/share/eyantra_warehouse//models/LB_city/meshes/pv2c.jpg
[0.932s] -- Symlinking: /home/venkatesan/e-yantra/lb_ws/install/eyantra_warehouse/share/eyantra_warehouse//models/LB_city/model.config
[0.948s] -- Symlinking: /home/venkatesan/e-yantra/lb_ws/install/eyantra_warehouse/share/eyantra_warehouse//models/LB_city/model.sdf
[0.963s] -- Symlinking: /home/venkatesan/e-yantra/lb_ws/install/eyantra_warehouse/share/eyantra_warehouse//models/arm_base/meshes/arm_base.dae
[0.978s] -- Symlinking: /home/venkatesan/e-yantra/lb_ws/install/eyantra_warehouse/share/eyantra_warehouse//models/arm_base/model.config
[0.994s] -- Symlinking: /home/venkatesan/e-yantra/lb_ws/install/eyantra_warehouse/share/eyantra_warehouse//models/arm_base/model.sdf
[1.009s] -- Symlinking: /home/venkatesan/e-yantra/lb_ws/install/eyantra_warehouse/share/eyantra_warehouse//models/aws_robomaker_warehouse_ClutteringC_01/materials/textures/aws_robomaker_warehouse_ClutteringC_01.png
[1.025s] -- Symlinking: /home/venkatesan/e-yantra/lb_ws/install/eyantra_warehouse/share/eyantra_warehouse//models/aws_robomaker_warehouse_ClutteringC_01/materials/textures/aws_robomaker_warehouse_ClutteringC_02.png
[1.040s] -- Symlinking: /home/venkatesan/e-yantra/lb_ws/install/eyantra_warehouse/share/eyantra_warehouse//models/aws_robomaker_warehouse_ClutteringC_01/meshes/aws_robomaker_warehouse_ClutteringC_01_collision.DAE
[1.056s] -- Symlinking: /home/venkatesan/e-yantra/lb_ws/install/eyantra_warehouse/share/eyantra_warehouse//models/aws_robomaker_warehouse_ClutteringC_01/meshes/aws_robomaker_warehouse_ClutteringC_01_visual.DAE
[1.072s] -- Symlinking: /home/venkatesan/e-yantra/lb_ws/install/eyantra_warehouse/share/eyantra_warehouse//models/aws_robomaker_warehouse_ClutteringC_01/model.config
[1.088s] -- Symlinking: /home/venkatesan/e-yantra/lb_ws/install/eyantra_warehouse/share/eyantra_warehouse//models/aws_robomaker_warehouse_ClutteringC_01/model.sdf
[1.104s] -- Symlinking: /home/venkatesan/e-yantra/lb_ws/install/eyantra_warehouse/share/eyantra_warehouse//models/aws_robomaker_warehouse_ClutteringD_01/materials/textures/aws_robomaker_warehouse_ClutteringD_01.png
[1.121s] -- Symlinking: /home/venkatesan/e-yantra/lb_ws/install/eyantra_warehouse/share/eyantra_warehouse//models/aws_robomaker_warehouse_ClutteringD_01/materials/textures/aws_robomaker_warehouse_ClutteringD_02.png
[1.137s] -- Symlinking: /home/venkatesan/e-yantra/lb_ws/install/eyantra_warehouse/share/eyantra_warehouse//models/aws_robomaker_warehouse_ClutteringD_01/meshes/aws_robomaker_warehouse_ClutteringD_01_collision.DAE
[1.152s] -- Symlinking: /home/venkatesan/e-yantra/lb_ws/install/eyantra_warehouse/share/eyantra_warehouse//models/aws_robomaker_warehouse_ClutteringD_01/meshes/aws_robomaker_warehouse_ClutteringD_01_visual.DAE
[1.168s] -- Symlinking: /home/venkatesan/e-yantra/lb_ws/install/eyantra_warehouse/share/eyantra_warehouse//models/aws_robomaker_warehouse_ClutteringD_01/model.config
[1.183s] -- Symlinking: /home/venkatesan/e-yantra/lb_ws/install/eyantra_warehouse/share/eyantra_warehouse//models/aws_robomaker_warehouse_ClutteringD_01/model.sdf
[1.200s] -- Symlinking: /home/venkatesan/e-yantra/lb_ws/install/eyantra_warehouse/share/eyantra_warehouse//models/aws_robomaker_warehouse_DeskC_01/materials/.DS_Store
[1.216s] -- Symlinking: /home/venkatesan/e-yantra/lb_ws/install/eyantra_warehouse/share/eyantra_warehouse//models/aws_robomaker_warehouse_DeskC_01/materials/textures/aws_robomaker_warehouse_DeskC_01.png
[1.232s] -- Symlinking: /home/venkatesan/e-yantra/lb_ws/install/eyantra_warehouse/share/eyantra_warehouse//models/aws_robomaker_warehouse_DeskC_01/materials/textures/aws_robomaker_warehouse_DeskC_02.png
[1.247s] -- Symlinking: /home/venkatesan/e-yantra/lb_ws/install/eyantra_warehouse/share/eyantra_warehouse//models/aws_robomaker_warehouse_DeskC_01/materials/textures/aws_robomaker_warehouse_DeskC_03.png
[1.261s] -- Symlinking: /home/venkatesan/e-yantra/lb_ws/install/eyantra_warehouse/share/eyantra_warehouse//models/aws_robomaker_warehouse_DeskC_01/materials/textures/aws_robomaker_warehouse_DeskC_03.psd
[1.276s] -- Symlinking: /home/venkatesan/e-yantra/lb_ws/install/eyantra_warehouse/share/eyantra_warehouse//models/aws_robomaker_warehouse_DeskC_01/materials/textures/aws_robomaker_warehouse_DeskC_04.png
[1.291s] -- Symlinking: /home/venkatesan/e-yantra/lb_ws/install/eyantra_warehouse/share/eyantra_warehouse//models/aws_robomaker_warehouse_DeskC_01/meshes/aws_robomaker_warehouse_DeskC_01_collision.DAE
[1.306s] -- Symlinking: /home/venkatesan/e-yantra/lb_ws/install/eyantra_warehouse/share/eyantra_warehouse//models/aws_robomaker_warehouse_DeskC_01/meshes/aws_robomaker_warehouse_DeskC_01_visual.DAE
[1.321s] -- Symlinking: /home/venkatesan/e-yantra/lb_ws/install/eyantra_warehouse/share/eyantra_warehouse//models/aws_robomaker_warehouse_DeskC_01/model.config
[1.336s] -- Symlinking: /home/venkatesan/e-yantra/lb_ws/install/eyantra_warehouse/share/eyantra_warehouse//models/aws_robomaker_warehouse_DeskC_01/model.sdf
[1.350s] -- Symlinking: /home/venkatesan/e-yantra/lb_ws/install/eyantra_warehouse/share/eyantra_warehouse//models/aws_robomaker_warehouse_PalletJackB_01/.DS_Store
[1.366s] -- Symlinking: /home/venkatesan/e-yantra/lb_ws/install/eyantra_warehouse/share/eyantra_warehouse//models/aws_robomaker_warehouse_PalletJackB_01/materials/.DS_Store
[1.381s] -- Symlinking: /home/venkatesan/e-yantra/lb_ws/install/eyantra_warehouse/share/eyantra_warehouse//models/aws_robomaker_warehouse_PalletJackB_01/materials/textures/aws_robomaker_warehouse_PalletJackB_01.png
[1.395s] -- Symlinking: /home/venkatesan/e-yantra/lb_ws/install/eyantra_warehouse/share/eyantra_warehouse//models/aws_robomaker_warehouse_PalletJackB_01/materials/textures/aws_robomaker_warehouse_PalletJackB_02.png
[1.410s] -- Symlinking: /home/venkatesan/e-yantra/lb_ws/install/eyantra_warehouse/share/eyantra_warehouse//models/aws_robomaker_warehouse_PalletJackB_01/meshes/aws_robomaker_warehouse_PalletJackB_01_collision.DAE
[1.427s] -- Symlinking: /home/venkatesan/e-yantra/lb_ws/install/eyantra_warehouse/share/eyantra_warehouse//models/aws_robomaker_warehouse_PalletJackB_01/meshes/aws_robomaker_warehouse_PalletJackB_01_visual.DAE
[1.442s] -- Symlinking: /home/venkatesan/e-yantra/lb_ws/install/eyantra_warehouse/share/eyantra_warehouse//models/aws_robomaker_warehouse_PalletJackB_01/model.config
[1.456s] -- Symlinking: /home/venkatesan/e-yantra/lb_ws/install/eyantra_warehouse/share/eyantra_warehouse//models/aws_robomaker_warehouse_PalletJackB_01/model.sdf
[1.471s] -- Symlinking: /home/venkatesan/e-yantra/lb_ws/install/eyantra_warehouse/share/eyantra_warehouse//models/box/meshes/aruco_tag.jpg
[1.487s] -- Symlinking: /home/venkatesan/e-yantra/lb_ws/install/eyantra_warehouse/share/eyantra_warehouse//models/box/meshes/box.dae
[1.502s] -- Symlinking: /home/venkatesan/e-yantra/lb_ws/install/eyantra_warehouse/share/eyantra_warehouse//models/box/meshes/box__bg.png
[1.517s] -- Symlinking: /home/venkatesan/e-yantra/lb_ws/install/eyantra_warehouse/share/eyantra_warehouse//models/box/meshes/cardboard_bg.png
[1.533s] -- Symlinking: /home/venkatesan/e-yantra/lb_ws/install/eyantra_warehouse/share/eyantra_warehouse//models/box/meshes/centroid_old_box.zip
[1.549s] -- Symlinking: /home/venkatesan/e-yantra/lb_ws/install/eyantra_warehouse/share/eyantra_warehouse//models/box/model.config
[1.564s] -- Symlinking: /home/venkatesan/e-yantra/lb_ws/install/eyantra_warehouse/share/eyantra_warehouse//models/box/model.sdf
[1.580s] -- Symlinking: /home/venkatesan/e-yantra/lb_ws/install/eyantra_warehouse/share/eyantra_warehouse//models/boxes/box.stl
[1.596s] -- Symlinking: /home/venkatesan/e-yantra/lb_ws/install/eyantra_warehouse/share/eyantra_warehouse//models/boxes/box_1/meshes/aruco_tag.jpg
[1.612s] -- Symlinking: /home/venkatesan/e-yantra/lb_ws/install/eyantra_warehouse/share/eyantra_warehouse//models/boxes/box_1/meshes/box.dae
[1.630s] -- Symlinking: /home/venkatesan/e-yantra/lb_ws/install/eyantra_warehouse/share/eyantra_warehouse//models/boxes/box_1/meshes/box__bg.png
[1.646s] -- Symlinking: /home/venkatesan/e-yantra/lb_ws/install/eyantra_warehouse/share/eyantra_warehouse//models/boxes/box_1/meshes/cardboard_bg.png
[1.660s] -- Symlinking: /home/venkatesan/e-yantra/lb_ws/install/eyantra_warehouse/share/eyantra_warehouse//models/boxes/box_1/model.config
[1.675s] -- Symlinking: /home/venkatesan/e-yantra/lb_ws/install/eyantra_warehouse/share/eyantra_warehouse//models/boxes/box_1/model.sdf
[1.690s] -- Symlinking: /home/venkatesan/e-yantra/lb_ws/install/eyantra_warehouse/share/eyantra_warehouse//models/boxes/box_10/meshes/aruco_tag.jpg
[1.704s] -- Symlinking: /home/venkatesan/e-yantra/lb_ws/install/eyantra_warehouse/share/eyantra_warehouse//models/boxes/box_10/meshes/box.dae
[1.720s] -- Symlinking: /home/venkatesan/e-yantra/lb_ws/install/eyantra_warehouse/share/eyantra_warehouse//models/boxes/box_10/meshes/box__bg.png
[1.735s] -- Symlinking: /home/venkatesan/e-yantra/lb_ws/install/eyantra_warehouse/share/eyantra_warehouse//models/boxes/box_10/meshes/cardboard_bg.png
[1.750s] -- Symlinking: /home/venkatesan/e-yantra/lb_ws/install/eyantra_warehouse/share/eyantra_warehouse//models/boxes/box_10/model.config
[1.764s] -- Symlinking: /home/venkatesan/e-yantra/lb_ws/install/eyantra_warehouse/share/eyantra_warehouse//models/boxes/box_10/model.sdf
[1.779s] -- Symlinking: /home/venkatesan/e-yantra/lb_ws/install/eyantra_warehouse/share/eyantra_warehouse//models/boxes/box_11/meshes/aruco_tag.jpg
[1.794s] -- Symlinking: /home/venkatesan/e-yantra/lb_ws/install/eyantra_warehouse/share/eyantra_warehouse//models/boxes/box_11/meshes/box.dae
[1.809s] -- Symlinking: /home/venkatesan/e-yantra/lb_ws/install/eyantra_warehouse/share/eyantra_warehouse//models/boxes/box_11/meshes/box__bg.png
[1.824s] -- Symlinking: /home/venkatesan/e-yantra/lb_ws/install/eyantra_warehouse/share/eyantra_warehouse//models/boxes/box_11/meshes/cardboard_bg.png
[1.840s] -- Symlinking: /home/venkatesan/e-yantra/lb_ws/install/eyantra_warehouse/share/eyantra_warehouse//models/boxes/box_11/model.config
[1.859s] -- Symlinking: /home/venkatesan/e-yantra/lb_ws/install/eyantra_warehouse/share/eyantra_warehouse//models/boxes/box_11/model.sdf
[1.874s] -- Symlinking: /home/venkatesan/e-yantra/lb_ws/install/eyantra_warehouse/share/eyantra_warehouse//models/boxes/box_12/meshes/aruco_tag.jpg
[1.889s] -- Symlinking: /home/venkatesan/e-yantra/lb_ws/install/eyantra_warehouse/share/eyantra_warehouse//models/boxes/box_12/meshes/box.dae
[1.907s] -- Symlinking: /home/venkatesan/e-yantra/lb_ws/install/eyantra_warehouse/share/eyantra_warehouse//models/boxes/box_12/meshes/box__bg.png
[1.923s] -- Symlinking: /home/venkatesan/e-yantra/lb_ws/install/eyantra_warehouse/share/eyantra_warehouse//models/boxes/box_12/meshes/cardboard_bg.png
[1.941s] -- Symlinking: /home/venkatesan/e-yantra/lb_ws/install/eyantra_warehouse/share/eyantra_warehouse//models/boxes/box_12/model.config
[1.959s] -- Symlinking: /home/venkatesan/e-yantra/lb_ws/install/eyantra_warehouse/share/eyantra_warehouse//models/boxes/box_12/model.sdf
[1.978s] -- Symlinking: /home/venkatesan/e-yantra/lb_ws/install/eyantra_warehouse/share/eyantra_warehouse//models/boxes/box_13/meshes/aruco_tag.jpg
[1.999s] -- Symlinking: /home/venkatesan/e-yantra/lb_ws/install/eyantra_warehouse/share/eyantra_warehouse//models/boxes/box_13/meshes/box.dae
[2.026s] -- Symlinking: /home/venkatesan/e-yantra/lb_ws/install/eyantra_warehouse/share/eyantra_warehouse//models/boxes/box_13/meshes/box__bg.png
[2.057s] -- Symlinking: /home/venkatesan/e-yantra/lb_ws/install/eyantra_warehouse/share/eyantra_warehouse//models/boxes/box_13/meshes/cardboard_bg.png
[2.086s] -- Symlinking: /home/venkatesan/e-yantra/lb_ws/install/eyantra_warehouse/share/eyantra_warehouse//models/boxes/box_13/model.config
[2.118s] -- Symlinking: /home/venkatesan/e-yantra/lb_ws/install/eyantra_warehouse/share/eyantra_warehouse//models/boxes/box_13/model.sdf
[2.150s] -- Symlinking: /home/venkatesan/e-yantra/lb_ws/install/eyantra_warehouse/share/eyantra_warehouse//models/boxes/box_14/meshes/aruco_tag.jpg
[2.180s] -- Symlinking: /home/venkatesan/e-yantra/lb_ws/install/eyantra_warehouse/share/eyantra_warehouse//models/boxes/box_14/meshes/box.dae
[2.210s] -- Symlinking: /home/venkatesan/e-yantra/lb_ws/install/eyantra_warehouse/share/eyantra_warehouse//models/boxes/box_14/meshes/box__bg.png
[2.242s] -- Symlinking: /home/venkatesan/e-yantra/lb_ws/install/eyantra_warehouse/share/eyantra_warehouse//models/boxes/box_14/meshes/cardboard_bg.png
[2.273s] -- Symlinking: /home/venkatesan/e-yantra/lb_ws/install/eyantra_warehouse/share/eyantra_warehouse//models/boxes/box_14/model.config
[2.303s] -- Symlinking: /home/venkatesan/e-yantra/lb_ws/install/eyantra_warehouse/share/eyantra_warehouse//models/boxes/box_14/model.sdf
[2.335s] -- Symlinking: /home/venkatesan/e-yantra/lb_ws/install/eyantra_warehouse/share/eyantra_warehouse//models/boxes/box_15/meshes/aruco_tag.jpg
[2.365s] -- Symlinking: /home/venkatesan/e-yantra/lb_ws/install/eyantra_warehouse/share/eyantra_warehouse//models/boxes/box_15/meshes/box.dae
[2.394s] -- Symlinking: /home/venkatesan/e-yantra/lb_ws/install/eyantra_warehouse/share/eyantra_warehouse//models/boxes/box_15/meshes/box__bg.png
[2.426s] -- Symlinking: /home/venkatesan/e-yantra/lb_ws/install/eyantra_warehouse/share/eyantra_warehouse//models/boxes/box_15/meshes/cardboard_bg.png
[2.461s] -- Symlinking: /home/venkatesan/e-yantra/lb_ws/install/eyantra_warehouse/share/eyantra_warehouse//models/boxes/box_15/model.config
[2.495s] -- Symlinking: /home/venkatesan/e-yantra/lb_ws/install/eyantra_warehouse/share/eyantra_warehouse//models/boxes/box_15/model.sdf
[2.530s] -- Symlinking: /home/venkatesan/e-yantra/lb_ws/install/eyantra_warehouse/share/eyantra_warehouse//models/boxes/box_16/meshes/aruco_tag.jpg
[2.564s] -- Symlinking: /home/venkatesan/e-yantra/lb_ws/install/eyantra_warehouse/share/eyantra_warehouse//models/boxes/box_16/meshes/box.dae
[2.598s] -- Symlinking: /home/venkatesan/e-yantra/lb_ws/install/eyantra_warehouse/share/eyantra_warehouse//models/boxes/box_16/meshes/box__bg.png
[2.631s] -- Symlinking: /home/venkatesan/e-yantra/lb_ws/install/eyantra_warehouse/share/eyantra_warehouse//models/boxes/box_16/meshes/cardboard_bg.png
[2.647s] -- Symlinking: /home/venkatesan/e-yantra/lb_ws/install/eyantra_warehouse/share/eyantra_warehouse//models/boxes/box_16/model.config
[2.662s] -- Symlinking: /home/venkatesan/e-yantra/lb_ws/install/eyantra_warehouse/share/eyantra_warehouse//models/boxes/box_16/model.sdf
[2.677s] -- Symlinking: /home/venkatesan/e-yantra/lb_ws/install/eyantra_warehouse/share/eyantra_warehouse//models/boxes/box_17/meshes/aruco_tag.jpg
[2.691s] -- Symlinking: /home/venkatesan/e-yantra/lb_ws/install/eyantra_warehouse/share/eyantra_warehouse//models/boxes/box_17/meshes/box.dae
[2.707s] -- Symlinking: /home/venkatesan/e-yantra/lb_ws/install/eyantra_warehouse/share/eyantra_warehouse//models/boxes/box_17/meshes/box__bg.png
[2.723s] -- Symlinking: /home/venkatesan/e-yantra/lb_ws/install/eyantra_warehouse/share/eyantra_warehouse//models/boxes/box_17/meshes/cardboard_bg.png
[2.740s] -- Symlinking: /home/venkatesan/e-yantra/lb_ws/install/eyantra_warehouse/share/eyantra_warehouse//models/boxes/box_17/model.config
[2.755s] -- Symlinking: /home/venkatesan/e-yantra/lb_ws/install/eyantra_warehouse/share/eyantra_warehouse//models/boxes/box_17/model.sdf
[2.770s] -- Symlinking: /home/venkatesan/e-yantra/lb_ws/install/eyantra_warehouse/share/eyantra_warehouse//models/boxes/box_18/meshes/aruco_tag.jpg
[2.785s] -- Symlinking: /home/venkatesan/e-yantra/lb_ws/install/eyantra_warehouse/share/eyantra_warehouse//models/boxes/box_18/meshes/box.dae
[2.801s] -- Symlinking: /home/venkatesan/e-yantra/lb_ws/install/eyantra_warehouse/share/eyantra_warehouse//models/boxes/box_18/meshes/box__bg.png
[2.819s] -- Symlinking: /home/venkatesan/e-yantra/lb_ws/install/eyantra_warehouse/share/eyantra_warehouse//models/boxes/box_18/meshes/cardboard_bg.png
[2.838s] -- Symlinking: /home/venkatesan/e-yantra/lb_ws/install/eyantra_warehouse/share/eyantra_warehouse//models/boxes/box_18/model.config
[2.866s] -- Symlinking: /home/venkatesan/e-yantra/lb_ws/install/eyantra_warehouse/share/eyantra_warehouse//models/boxes/box_18/model.sdf
[2.901s] -- Symlinking: /home/venkatesan/e-yantra/lb_ws/install/eyantra_warehouse/share/eyantra_warehouse//models/boxes/box_19/meshes/aruco_tag.jpg
[2.938s] -- Symlinking: /home/venkatesan/e-yantra/lb_ws/install/eyantra_warehouse/share/eyantra_warehouse//models/boxes/box_19/meshes/box.dae
[2.957s] -- Symlinking: /home/venkatesan/e-yantra/lb_ws/install/eyantra_warehouse/share/eyantra_warehouse//models/boxes/box_19/meshes/box__bg.png
[2.973s] -- Symlinking: /home/venkatesan/e-yantra/lb_ws/install/eyantra_warehouse/share/eyantra_warehouse//models/boxes/box_19/meshes/cardboard_bg.png
[2.996s] -- Symlinking: /home/venkatesan/e-yantra/lb_ws/install/eyantra_warehouse/share/eyantra_warehouse//models/boxes/box_19/model.config
[3.018s] -- Symlinking: /home/venkatesan/e-yantra/lb_ws/install/eyantra_warehouse/share/eyantra_warehouse//models/boxes/box_19/model.sdf
[3.042s] -- Symlinking: /home/venkatesan/e-yantra/lb_ws/install/eyantra_warehouse/share/eyantra_warehouse//models/boxes/box_2/meshes/aruco_tag.jpg
[3.064s] -- Symlinking: /home/venkatesan/e-yantra/lb_ws/install/eyantra_warehouse/share/eyantra_warehouse//models/boxes/box_2/meshes/box.dae
[3.086s] -- Symlinking: /home/venkatesan/e-yantra/lb_ws/install/eyantra_warehouse/share/eyantra_warehouse//models/boxes/box_2/meshes/box__bg.png
[3.106s] -- Symlinking: /home/venkatesan/e-yantra/lb_ws/install/eyantra_warehouse/share/eyantra_warehouse//models/boxes/box_2/meshes/cardboard_bg.png
[3.122s] -- Symlinking: /home/venkatesan/e-yantra/lb_ws/install/eyantra_warehouse/share/eyantra_warehouse//models/boxes/box_2/model.config
[3.139s] -- Symlinking: /home/venkatesan/e-yantra/lb_ws/install/eyantra_warehouse/share/eyantra_warehouse//models/boxes/box_2/model.sdf
[3.155s] -- Symlinking: /home/venkatesan/e-yantra/lb_ws/install/eyantra_warehouse/share/eyantra_warehouse//models/boxes/box_20/meshes/aruco_tag.jpg
[3.170s] -- Symlinking: /home/venkatesan/e-yantra/lb_ws/install/eyantra_warehouse/share/eyantra_warehouse//models/boxes/box_20/meshes/box.dae
[3.185s] -- Symlinking: /home/venkatesan/e-yantra/lb_ws/install/eyantra_warehouse/share/eyantra_warehouse//models/boxes/box_20/meshes/box__bg.png
[3.200s] -- Symlinking: /home/venkatesan/e-yantra/lb_ws/install/eyantra_warehouse/share/eyantra_warehouse//models/boxes/box_20/meshes/cardboard_bg.png
[3.215s] -- Symlinking: /home/venkatesan/e-yantra/lb_ws/install/eyantra_warehouse/share/eyantra_warehouse//models/boxes/box_20/model.config
[3.233s] -- Symlinking: /home/venkatesan/e-yantra/lb_ws/install/eyantra_warehouse/share/eyantra_warehouse//models/boxes/box_20/model.sdf
[3.248s] -- Symlinking: /home/venkatesan/e-yantra/lb_ws/install/eyantra_warehouse/share/eyantra_warehouse//models/boxes/box_21/meshes/aruco_tag.jpg
[3.263s] -- Symlinking: /home/venkatesan/e-yantra/lb_ws/install/eyantra_warehouse/share/eyantra_warehouse//models/boxes/box_21/meshes/box.dae
[3.278s] -- Symlinking: /home/venkatesan/e-yantra/lb_ws/install/eyantra_warehouse/share/eyantra_warehouse//models/boxes/box_21/meshes/box__bg.png
[3.294s] -- Symlinking: /home/venkatesan/e-yantra/lb_ws/install/eyantra_warehouse/share/eyantra_warehouse//models/boxes/box_21/meshes/cardboard_bg.png
[3.309s] -- Symlinking: /home/venkatesan/e-yantra/lb_ws/install/eyantra_warehouse/share/eyantra_warehouse//models/boxes/box_21/model.config
[3.325s] -- Symlinking: /home/venkatesan/e-yantra/lb_ws/install/eyantra_warehouse/share/eyantra_warehouse//models/boxes/box_21/model.sdf
[3.343s] -- Symlinking: /home/venkatesan/e-yantra/lb_ws/install/eyantra_warehouse/share/eyantra_warehouse//models/boxes/box_22/meshes/aruco_tag.jpg
[3.362s] -- Symlinking: /home/venkatesan/e-yantra/lb_ws/install/eyantra_warehouse/share/eyantra_warehouse//models/boxes/box_22/meshes/box.dae
[3.381s] -- Symlinking: /home/venkatesan/e-yantra/lb_ws/install/eyantra_warehouse/share/eyantra_warehouse//models/boxes/box_22/meshes/box__bg.png
[3.400s] -- Symlinking: /home/venkatesan/e-yantra/lb_ws/install/eyantra_warehouse/share/eyantra_warehouse//models/boxes/box_22/meshes/cardboard_bg.png
[3.419s] -- Symlinking: /home/venkatesan/e-yantra/lb_ws/install/eyantra_warehouse/share/eyantra_warehouse//models/boxes/box_22/model.config
[3.439s] -- Symlinking: /home/venkatesan/e-yantra/lb_ws/install/eyantra_warehouse/share/eyantra_warehouse//models/boxes/box_22/model.sdf
[3.457s] -- Symlinking: /home/venkatesan/e-yantra/lb_ws/install/eyantra_warehouse/share/eyantra_warehouse//models/boxes/box_23/meshes/aruco_tag.jpg
[3.475s] -- Symlinking: /home/venkatesan/e-yantra/lb_ws/install/eyantra_warehouse/share/eyantra_warehouse//models/boxes/box_23/meshes/box.dae
[3.489s] -- Symlinking: /home/venkatesan/e-yantra/lb_ws/install/eyantra_warehouse/share/eyantra_warehouse//models/boxes/box_23/meshes/box__bg.png
[3.503s] -- Symlinking: /home/venkatesan/e-yantra/lb_ws/install/eyantra_warehouse/share/eyantra_warehouse//models/boxes/box_23/meshes/cardboard_bg.png
[3.518s] -- Symlinking: /home/venkatesan/e-yantra/lb_ws/install/eyantra_warehouse/share/eyantra_warehouse//models/boxes/box_23/model.config
[3.534s] -- Symlinking: /home/venkatesan/e-yantra/lb_ws/install/eyantra_warehouse/share/eyantra_warehouse//models/boxes/box_23/model.sdf
[3.551s] -- Symlinking: /home/venkatesan/e-yantra/lb_ws/install/eyantra_warehouse/share/eyantra_warehouse//models/boxes/box_24/meshes/aruco_tag.jpg
[3.571s] -- Symlinking: /home/venkatesan/e-yantra/lb_ws/install/eyantra_warehouse/share/eyantra_warehouse//models/boxes/box_24/meshes/box.dae
[3.603s] -- Symlinking: /home/venkatesan/e-yantra/lb_ws/install/eyantra_warehouse/share/eyantra_warehouse//models/boxes/box_24/meshes/box__bg.png
[3.641s] -- Symlinking: /home/venkatesan/e-yantra/lb_ws/install/eyantra_warehouse/share/eyantra_warehouse//models/boxes/box_24/meshes/cardboard_bg.png
[3.675s] -- Symlinking: /home/venkatesan/e-yantra/lb_ws/install/eyantra_warehouse/share/eyantra_warehouse//models/boxes/box_24/model.config
[3.710s] -- Symlinking: /home/venkatesan/e-yantra/lb_ws/install/eyantra_warehouse/share/eyantra_warehouse//models/boxes/box_24/model.sdf
[3.745s] -- Symlinking: /home/venkatesan/e-yantra/lb_ws/install/eyantra_warehouse/share/eyantra_warehouse//models/boxes/box_25/meshes/aruco_tag.jpg
[3.779s] -- Symlinking: /home/venkatesan/e-yantra/lb_ws/install/eyantra_warehouse/share/eyantra_warehouse//models/boxes/box_25/meshes/box.dae
[3.813s] -- Symlinking: /home/venkatesan/e-yantra/lb_ws/install/eyantra_warehouse/share/eyantra_warehouse//models/boxes/box_25/meshes/box__bg.png
[3.848s] -- Symlinking: /home/venkatesan/e-yantra/lb_ws/install/eyantra_warehouse/share/eyantra_warehouse//models/boxes/box_25/meshes/cardboard_bg.png
[3.881s] -- Symlinking: /home/venkatesan/e-yantra/lb_ws/install/eyantra_warehouse/share/eyantra_warehouse//models/boxes/box_25/model.config
[3.915s] -- Symlinking: /home/venkatesan/e-yantra/lb_ws/install/eyantra_warehouse/share/eyantra_warehouse//models/boxes/box_25/model.sdf
[3.949s] -- Symlinking: /home/venkatesan/e-yantra/lb_ws/install/eyantra_warehouse/share/eyantra_warehouse//models/boxes/box_26/meshes/aruco_tag.jpg
[3.968s] -- Symlinking: /home/venkatesan/e-yantra/lb_ws/install/eyantra_warehouse/share/eyantra_warehouse//models/boxes/box_26/meshes/box.dae
[3.984s] -- Symlinking: /home/venkatesan/e-yantra/lb_ws/install/eyantra_warehouse/share/eyantra_warehouse//models/boxes/box_26/meshes/box__bg.png
[4.000s] -- Symlinking: /home/venkatesan/e-yantra/lb_ws/install/eyantra_warehouse/share/eyantra_warehouse//models/boxes/box_26/meshes/cardboard_bg.png
[4.016s] -- Symlinking: /home/venkatesan/e-yantra/lb_ws/install/eyantra_warehouse/share/eyantra_warehouse//models/boxes/box_26/model.config
[4.034s] -- Symlinking: /home/venkatesan/e-yantra/lb_ws/install/eyantra_warehouse/share/eyantra_warehouse//models/boxes/box_26/model.sdf
[4.052s] -- Symlinking: /home/venkatesan/e-yantra/lb_ws/install/eyantra_warehouse/share/eyantra_warehouse//models/boxes/box_27/meshes/aruco_tag.jpg
[4.070s] -- Symlinking: /home/venkatesan/e-yantra/lb_ws/install/eyantra_warehouse/share/eyantra_warehouse//models/boxes/box_27/meshes/box.dae
[4.087s] -- Symlinking: /home/venkatesan/e-yantra/lb_ws/install/eyantra_warehouse/share/eyantra_warehouse//models/boxes/box_27/meshes/box__bg.png
[4.104s] -- Symlinking: /home/venkatesan/e-yantra/lb_ws/install/eyantra_warehouse/share/eyantra_warehouse//models/boxes/box_27/meshes/cardboard_bg.png
[4.119s] -- Symlinking: /home/venkatesan/e-yantra/lb_ws/install/eyantra_warehouse/share/eyantra_warehouse//models/boxes/box_27/model.config
[4.135s] -- Symlinking: /home/venkatesan/e-yantra/lb_ws/install/eyantra_warehouse/share/eyantra_warehouse//models/boxes/box_27/model.sdf
[4.150s] -- Symlinking: /home/venkatesan/e-yantra/lb_ws/install/eyantra_warehouse/share/eyantra_warehouse//models/boxes/box_28/meshes/aruco_tag.jpg
[4.166s] -- Symlinking: /home/venkatesan/e-yantra/lb_ws/install/eyantra_warehouse/share/eyantra_warehouse//models/boxes/box_28/meshes/box.dae
[4.184s] -- Symlinking: /home/venkatesan/e-yantra/lb_ws/install/eyantra_warehouse/share/eyantra_warehouse//models/boxes/box_28/meshes/box__bg.png
[4.202s] -- Symlinking: /home/venkatesan/e-yantra/lb_ws/install/eyantra_warehouse/share/eyantra_warehouse//models/boxes/box_28/meshes/cardboard_bg.png
[4.222s] -- Symlinking: /home/venkatesan/e-yantra/lb_ws/install/eyantra_warehouse/share/eyantra_warehouse//models/boxes/box_28/model.config
[4.249s] -- Symlinking: /home/venkatesan/e-yantra/lb_ws/install/eyantra_warehouse/share/eyantra_warehouse//models/boxes/box_28/model.sdf
[4.281s] -- Symlinking: /home/venkatesan/e-yantra/lb_ws/install/eyantra_warehouse/share/eyantra_warehouse//models/boxes/box_29/meshes/aruco_tag.jpg
[4.316s] -- Symlinking: /home/venkatesan/e-yantra/lb_ws/install/eyantra_warehouse/share/eyantra_warehouse//models/boxes/box_29/meshes/box.dae
[4.354s] -- Symlinking: /home/venkatesan/e-yantra/lb_ws/install/eyantra_warehouse/share/eyantra_warehouse//models/boxes/box_29/meshes/box__bg.png
[4.388s] -- Symlinking: /home/venkatesan/e-yantra/lb_ws/install/eyantra_warehouse/share/eyantra_warehouse//models/boxes/box_29/meshes/cardboard_bg.png
[4.422s] -- Symlinking: /home/venkatesan/e-yantra/lb_ws/install/eyantra_warehouse/share/eyantra_warehouse//models/boxes/box_29/model.config
[4.459s] -- Symlinking: /home/venkatesan/e-yantra/lb_ws/install/eyantra_warehouse/share/eyantra_warehouse//models/boxes/box_29/model.sdf
[4.493s] -- Symlinking: /home/venkatesan/e-yantra/lb_ws/install/eyantra_warehouse/share/eyantra_warehouse//models/boxes/box_3/meshes/aruco_tag.jpg
[4.529s] -- Symlinking: /home/venkatesan/e-yantra/lb_ws/install/eyantra_warehouse/share/eyantra_warehouse//models/boxes/box_3/meshes/box.dae
[4.563s] -- Symlinking: /home/venkatesan/e-yantra/lb_ws/install/eyantra_warehouse/share/eyantra_warehouse//models/boxes/box_3/meshes/box__bg.png
[4.596s] -- Symlinking: /home/venkatesan/e-yantra/lb_ws/install/eyantra_warehouse/share/eyantra_warehouse//models/boxes/box_3/meshes/cardboard_bg.png
[4.619s] -- Symlinking: /home/venkatesan/e-yantra/lb_ws/install/eyantra_warehouse/share/eyantra_warehouse//models/boxes/box_3/model.config
[4.649s] -- Symlinking: /home/venkatesan/e-yantra/lb_ws/install/eyantra_warehouse/share/eyantra_warehouse//models/boxes/box_3/model.sdf
[4.678s] -- Symlinking: /home/venkatesan/e-yantra/lb_ws/install/eyantra_warehouse/share/eyantra_warehouse//models/boxes/box_30/meshes/aruco_tag.jpg
[4.711s] -- Symlinking: /home/venkatesan/e-yantra/lb_ws/install/eyantra_warehouse/share/eyantra_warehouse//models/boxes/box_30/meshes/box.dae
[4.747s] -- Symlinking: /home/venkatesan/e-yantra/lb_ws/install/eyantra_warehouse/share/eyantra_warehouse//models/boxes/box_30/meshes/box__bg.png
[4.780s] -- Symlinking: /home/venkatesan/e-yantra/lb_ws/install/eyantra_warehouse/share/eyantra_warehouse//models/boxes/box_30/meshes/cardboard_bg.png
[4.816s] -- Symlinking: /home/venkatesan/e-yantra/lb_ws/install/eyantra_warehouse/share/eyantra_warehouse//models/boxes/box_30/model.config
[4.854s] -- Symlinking: /home/venkatesan/e-yantra/lb_ws/install/eyantra_warehouse/share/eyantra_warehouse//models/boxes/box_30/model.sdf
[4.888s] -- Symlinking: /home/venkatesan/e-yantra/lb_ws/install/eyantra_warehouse/share/eyantra_warehouse//models/boxes/box_31/meshes/aruco_tag.jpg
[4.922s] -- Symlinking: /home/venkatesan/e-yantra/lb_ws/install/eyantra_warehouse/share/eyantra_warehouse//models/boxes/box_31/meshes/box.dae
[4.958s] -- Symlinking: /home/venkatesan/e-yantra/lb_ws/install/eyantra_warehouse/share/eyantra_warehouse//models/boxes/box_31/meshes/box__bg.png
[4.993s] -- Symlinking: /home/venkatesan/e-yantra/lb_ws/install/eyantra_warehouse/share/eyantra_warehouse//models/boxes/box_31/meshes/cardboard_bg.png
[5.030s] -- Symlinking: /home/venkatesan/e-yantra/lb_ws/install/eyantra_warehouse/share/eyantra_warehouse//models/boxes/box_31/model.config
[5.064s] -- Symlinking: /home/venkatesan/e-yantra/lb_ws/install/eyantra_warehouse/share/eyantra_warehouse//models/boxes/box_31/model.sdf
[5.101s] -- Symlinking: /home/venkatesan/e-yantra/lb_ws/install/eyantra_warehouse/share/eyantra_warehouse//models/boxes/box_32/meshes/aruco_tag.jpg
[5.136s] -- Symlinking: /home/venkatesan/e-yantra/lb_ws/install/eyantra_warehouse/share/eyantra_warehouse//models/boxes/box_32/meshes/box.dae
[5.170s] -- Symlinking: /home/venkatesan/e-yantra/lb_ws/install/eyantra_warehouse/share/eyantra_warehouse//models/boxes/box_32/meshes/box__bg.png
[5.203s] -- Symlinking: /home/venkatesan/e-yantra/lb_ws/install/eyantra_warehouse/share/eyantra_warehouse//models/boxes/box_32/meshes/cardboard_bg.png
[5.241s] -- Symlinking: /home/venkatesan/e-yantra/lb_ws/install/eyantra_warehouse/share/eyantra_warehouse//models/boxes/box_32/model.config
[5.275s] -- Symlinking: /home/venkatesan/e-yantra/lb_ws/install/eyantra_warehouse/share/eyantra_warehouse//models/boxes/box_32/model.sdf
[5.308s] -- Symlinking: /home/venkatesan/e-yantra/lb_ws/install/eyantra_warehouse/share/eyantra_warehouse//models/boxes/box_33/meshes/aruco_tag.jpg
[5.346s] -- Symlinking: /home/venkatesan/e-yantra/lb_ws/install/eyantra_warehouse/share/eyantra_warehouse//models/boxes/box_33/meshes/box.dae
[5.381s] -- Symlinking: /home/venkatesan/e-yantra/lb_ws/install/eyantra_warehouse/share/eyantra_warehouse//models/boxes/box_33/meshes/box__bg.png
[5.418s] -- Symlinking: /home/venkatesan/e-yantra/lb_ws/install/eyantra_warehouse/share/eyantra_warehouse//models/boxes/box_33/meshes/cardboard_bg.png
[5.455s] -- Symlinking: /home/venkatesan/e-yantra/lb_ws/install/eyantra_warehouse/share/eyantra_warehouse//models/boxes/box_33/model.config
[5.491s] -- Symlinking: /home/venkatesan/e-yantra/lb_ws/install/eyantra_warehouse/share/eyantra_warehouse//models/boxes/box_33/model.sdf
[5.529s] -- Symlinking: /home/venkatesan/e-yantra/lb_ws/install/eyantra_warehouse/share/eyantra_warehouse//models/boxes/box_34/meshes/aruco_tag.jpg
[5.565s] -- Symlinking: /home/venkatesan/e-yantra/lb_ws/install/eyantra_warehouse/share/eyantra_warehouse//models/boxes/box_34/meshes/box.dae
[5.599s] -- Symlinking: /home/venkatesan/e-yantra/lb_ws/install/eyantra_warehouse/share/eyantra_warehouse//models/boxes/box_34/meshes/box__bg.png
[5.638s] -- Symlinking: /home/venkatesan/e-yantra/lb_ws/install/eyantra_warehouse/share/eyantra_warehouse//models/boxes/box_34/meshes/cardboard_bg.png
[5.672s] -- Symlinking: /home/venkatesan/e-yantra/lb_ws/install/eyantra_warehouse/share/eyantra_warehouse//models/boxes/box_34/model.config
[5.707s] -- Symlinking: /home/venkatesan/e-yantra/lb_ws/install/eyantra_warehouse/share/eyantra_warehouse//models/boxes/box_34/model.sdf
[5.742s] -- Symlinking: /home/venkatesan/e-yantra/lb_ws/install/eyantra_warehouse/share/eyantra_warehouse//models/boxes/box_35/meshes/aruco_tag.jpg
[5.776s] -- Symlinking: /home/venkatesan/e-yantra/lb_ws/install/eyantra_warehouse/share/eyantra_warehouse//models/boxes/box_35/meshes/box.dae
[5.812s] -- Symlinking: /home/venkatesan/e-yantra/lb_ws/install/eyantra_warehouse/share/eyantra_warehouse//models/boxes/box_35/meshes/box__bg.png
[5.847s] -- Symlinking: /home/venkatesan/e-yantra/lb_ws/install/eyantra_warehouse/share/eyantra_warehouse//models/boxes/box_35/meshes/cardboard_bg.png
[5.880s] -- Symlinking: /home/venkatesan/e-yantra/lb_ws/install/eyantra_warehouse/share/eyantra_warehouse//models/boxes/box_35/model.config
[5.915s] -- Symlinking: /home/venkatesan/e-yantra/lb_ws/install/eyantra_warehouse/share/eyantra_warehouse//models/boxes/box_35/model.sdf
[5.950s] -- Symlinking: /home/venkatesan/e-yantra/lb_ws/install/eyantra_warehouse/share/eyantra_warehouse//models/boxes/box_36/meshes/aruco_tag.jpg
[5.984s] -- Symlinking: /home/venkatesan/e-yantra/lb_ws/install/eyantra_warehouse/share/eyantra_warehouse//models/boxes/box_36/meshes/box.dae
[6.018s] -- Symlinking: /home/venkatesan/e-yantra/lb_ws/install/eyantra_warehouse/share/eyantra_warehouse//models/boxes/box_36/meshes/box__bg.png
[6.055s] -- Symlinking: /home/venkatesan/e-yantra/lb_ws/install/eyantra_warehouse/share/eyantra_warehouse//models/boxes/box_36/meshes/cardboard_bg.png
[6.090s] -- Symlinking: /home/venkatesan/e-yantra/lb_ws/install/eyantra_warehouse/share/eyantra_warehouse//models/boxes/box_36/model.config
[6.126s] -- Symlinking: /home/venkatesan/e-yantra/lb_ws/install/eyantra_warehouse/share/eyantra_warehouse//models/boxes/box_36/model.sdf
[6.162s] -- Symlinking: /home/venkatesan/e-yantra/lb_ws/install/eyantra_warehouse/share/eyantra_warehouse//models/boxes/box_37/meshes/aruco_tag.jpg
[6.184s] -- Symlinking: /home/venkatesan/e-yantra/lb_ws/install/eyantra_warehouse/share/eyantra_warehouse//models/boxes/box_37/meshes/box.dae
[6.200s] -- Symlinking: /home/venkatesan/e-yantra/lb_ws/install/eyantra_warehouse/share/eyantra_warehouse//models/boxes/box_37/meshes/box__bg.png
[6.216s] -- Symlinking: /home/venkatesan/e-yantra/lb_ws/install/eyantra_warehouse/share/eyantra_warehouse//models/boxes/box_37/meshes/cardboard_bg.png
[6.234s] -- Symlinking: /home/venkatesan/e-yantra/lb_ws/install/eyantra_warehouse/share/eyantra_warehouse//models/boxes/box_37/model.config
[6.249s] -- Symlinking: /home/venkatesan/e-yantra/lb_ws/install/eyantra_warehouse/share/eyantra_warehouse//models/boxes/box_37/model.sdf
[6.265s] -- Symlinking: /home/venkatesan/e-yantra/lb_ws/install/eyantra_warehouse/share/eyantra_warehouse//models/boxes/box_38/meshes/aruco_tag.jpg
[6.281s] -- Symlinking: /home/venkatesan/e-yantra/lb_ws/install/eyantra_warehouse/share/eyantra_warehouse//models/boxes/box_38/meshes/box.dae
[6.298s] -- Symlinking: /home/venkatesan/e-yantra/lb_ws/install/eyantra_warehouse/share/eyantra_warehouse//models/boxes/box_38/meshes/box__bg.png
[6.313s] -- Symlinking: /home/venkatesan/e-yantra/lb_ws/install/eyantra_warehouse/share/eyantra_warehouse//models/boxes/box_38/meshes/cardboard_bg.png
[6.331s] -- Symlinking: /home/venkatesan/e-yantra/lb_ws/install/eyantra_warehouse/share/eyantra_warehouse//models/boxes/box_38/model.config
[6.347s] -- Symlinking: /home/venkatesan/e-yantra/lb_ws/install/eyantra_warehouse/share/eyantra_warehouse//models/boxes/box_38/model.sdf
[6.362s] -- Symlinking: /home/venkatesan/e-yantra/lb_ws/install/eyantra_warehouse/share/eyantra_warehouse//models/boxes/box_39/meshes/aruco_tag.jpg
[6.377s] -- Symlinking: /home/venkatesan/e-yantra/lb_ws/install/eyantra_warehouse/share/eyantra_warehouse//models/boxes/box_39/meshes/box.dae
[6.393s] -- Symlinking: /home/venkatesan/e-yantra/lb_ws/install/eyantra_warehouse/share/eyantra_warehouse//models/boxes/box_39/meshes/box__bg.png
[6.409s] -- Symlinking: /home/venkatesan/e-yantra/lb_ws/install/eyantra_warehouse/share/eyantra_warehouse//models/boxes/box_39/meshes/cardboard_bg.png
[6.425s] -- Symlinking: /home/venkatesan/e-yantra/lb_ws/install/eyantra_warehouse/share/eyantra_warehouse//models/boxes/box_39/model.config
[6.442s] -- Symlinking: /home/venkatesan/e-yantra/lb_ws/install/eyantra_warehouse/share/eyantra_warehouse//models/boxes/box_39/model.sdf
[6.459s] -- Symlinking: /home/venkatesan/e-yantra/lb_ws/install/eyantra_warehouse/share/eyantra_warehouse//models/boxes/box_4/meshes/aruco_tag.jpg
[6.474s] -- Symlinking: /home/venkatesan/e-yantra/lb_ws/install/eyantra_warehouse/share/eyantra_warehouse//models/boxes/box_4/meshes/box.dae
[6.490s] -- Symlinking: /home/venkatesan/e-yantra/lb_ws/install/eyantra_warehouse/share/eyantra_warehouse//models/boxes/box_4/meshes/box__bg.png
[6.505s] -- Symlinking: /home/venkatesan/e-yantra/lb_ws/install/eyantra_warehouse/share/eyantra_warehouse//models/boxes/box_4/meshes/cardboard_bg.png
[6.521s] -- Symlinking: /home/venkatesan/e-yantra/lb_ws/install/eyantra_warehouse/share/eyantra_warehouse//models/boxes/box_4/model.config
[6.538s] -- Symlinking: /home/venkatesan/e-yantra/lb_ws/install/eyantra_warehouse/share/eyantra_warehouse//models/boxes/box_4/model.sdf
[6.553s] -- Symlinking: /home/venkatesan/e-yantra/lb_ws/install/eyantra_warehouse/share/eyantra_warehouse//models/boxes/box_40/meshes/aruco_tag.jpg
[6.569s] -- Symlinking: /home/venkatesan/e-yantra/lb_ws/install/eyantra_warehouse/share/eyantra_warehouse//models/boxes/box_40/meshes/box.dae
[6.585s] -- Symlinking: /home/venkatesan/e-yantra/lb_ws/install/eyantra_warehouse/share/eyantra_warehouse//models/boxes/box_40/meshes/box__bg.png
[6.601s] -- Symlinking: /home/venkatesan/e-yantra/lb_ws/install/eyantra_warehouse/share/eyantra_warehouse//models/boxes/box_40/meshes/cardboard_bg.png
[6.617s] -- Symlinking: /home/venkatesan/e-yantra/lb_ws/install/eyantra_warehouse/share/eyantra_warehouse//models/boxes/box_40/model.config
[6.635s] -- Symlinking: /home/venkatesan/e-yantra/lb_ws/install/eyantra_warehouse/share/eyantra_warehouse//models/boxes/box_40/model.sdf
[6.650s] -- Symlinking: /home/venkatesan/e-yantra/lb_ws/install/eyantra_warehouse/share/eyantra_warehouse//models/boxes/box_41/meshes/aruco_tag.jpg
[6.666s] -- Symlinking: /home/venkatesan/e-yantra/lb_ws/install/eyantra_warehouse/share/eyantra_warehouse//models/boxes/box_41/meshes/box.dae
[6.681s] -- Symlinking: /home/venkatesan/e-yantra/lb_ws/install/eyantra_warehouse/share/eyantra_warehouse//models/boxes/box_41/meshes/box__bg.png
[6.696s] -- Symlinking: /home/venkatesan/e-yantra/lb_ws/install/eyantra_warehouse/share/eyantra_warehouse//models/boxes/box_41/meshes/cardboard_bg.png
[6.711s] -- Symlinking: /home/venkatesan/e-yantra/lb_ws/install/eyantra_warehouse/share/eyantra_warehouse//models/boxes/box_41/model.config
[6.729s] -- Symlinking: /home/venkatesan/e-yantra/lb_ws/install/eyantra_warehouse/share/eyantra_warehouse//models/boxes/box_41/model.sdf
[6.744s] -- Symlinking: /home/venkatesan/e-yantra/lb_ws/install/eyantra_warehouse/share/eyantra_warehouse//models/boxes/box_42/meshes/aruco_tag.jpg
[6.760s] -- Symlinking: /home/venkatesan/e-yantra/lb_ws/install/eyantra_warehouse/share/eyantra_warehouse//models/boxes/box_42/meshes/box.dae
[6.776s] -- Symlinking: /home/venkatesan/e-yantra/lb_ws/install/eyantra_warehouse/share/eyantra_warehouse//models/boxes/box_42/meshes/box__bg.png
[6.792s] -- Symlinking: /home/venkatesan/e-yantra/lb_ws/install/eyantra_warehouse/share/eyantra_warehouse//models/boxes/box_42/meshes/cardboard_bg.png
[6.808s] -- Symlinking: /home/venkatesan/e-yantra/lb_ws/install/eyantra_warehouse/share/eyantra_warehouse//models/boxes/box_42/model.config
[6.823s] -- Symlinking: /home/venkatesan/e-yantra/lb_ws/install/eyantra_warehouse/share/eyantra_warehouse//models/boxes/box_42/model.sdf
[6.839s] -- Symlinking: /home/venkatesan/e-yantra/lb_ws/install/eyantra_warehouse/share/eyantra_warehouse//models/boxes/box_43/meshes/aruco_tag.jpg
[6.855s] -- Symlinking: /home/venkatesan/e-yantra/lb_ws/install/eyantra_warehouse/share/eyantra_warehouse//models/boxes/box_43/meshes/box.dae
[6.870s] -- Symlinking: /home/venkatesan/e-yantra/lb_ws/install/eyantra_warehouse/share/eyantra_warehouse//models/boxes/box_43/meshes/box__bg.png
[6.886s] -- Symlinking: /home/venkatesan/e-yantra/lb_ws/install/eyantra_warehouse/share/eyantra_warehouse//models/boxes/box_43/meshes/cardboard_bg.png
[6.903s] -- Symlinking: /home/venkatesan/e-yantra/lb_ws/install/eyantra_warehouse/share/eyantra_warehouse//models/boxes/box_43/model.config
[6.918s] -- Symlinking: /home/venkatesan/e-yantra/lb_ws/install/eyantra_warehouse/share/eyantra_warehouse//models/boxes/box_43/model.sdf
[6.936s] -- Symlinking: /home/venkatesan/e-yantra/lb_ws/install/eyantra_warehouse/share/eyantra_warehouse//models/boxes/box_44/meshes/aruco_tag.jpg
[6.952s] -- Symlinking: /home/venkatesan/e-yantra/lb_ws/install/eyantra_warehouse/share/eyantra_warehouse//models/boxes/box_44/meshes/box.dae
[6.968s] -- Symlinking: /home/venkatesan/e-yantra/lb_ws/install/eyantra_warehouse/share/eyantra_warehouse//models/boxes/box_44/meshes/box__bg.png
[6.984s] -- Symlinking: /home/venkatesan/e-yantra/lb_ws/install/eyantra_warehouse/share/eyantra_warehouse//models/boxes/box_44/meshes/cardboard_bg.png
[7.000s] -- Symlinking: /home/venkatesan/e-yantra/lb_ws/install/eyantra_warehouse/share/eyantra_warehouse//models/boxes/box_44/model.config
[7.015s] -- Symlinking: /home/venkatesan/e-yantra/lb_ws/install/eyantra_warehouse/share/eyantra_warehouse//models/boxes/box_44/model.sdf
[7.032s] -- Symlinking: /home/venkatesan/e-yantra/lb_ws/install/eyantra_warehouse/share/eyantra_warehouse//models/boxes/box_45/meshes/aruco_tag.jpg
[7.054s] -- Symlinking: /home/venkatesan/e-yantra/lb_ws/install/eyantra_warehouse/share/eyantra_warehouse//models/boxes/box_45/meshes/box.dae
[7.070s] -- Symlinking: /home/venkatesan/e-yantra/lb_ws/install/eyantra_warehouse/share/eyantra_warehouse//models/boxes/box_45/meshes/box__bg.png
[7.086s] -- Symlinking: /home/venkatesan/e-yantra/lb_ws/install/eyantra_warehouse/share/eyantra_warehouse//models/boxes/box_45/meshes/cardboard_bg.png
[7.102s] -- Symlinking: /home/venkatesan/e-yantra/lb_ws/install/eyantra_warehouse/share/eyantra_warehouse//models/boxes/box_45/model.config
[7.118s] -- Symlinking: /home/venkatesan/e-yantra/lb_ws/install/eyantra_warehouse/share/eyantra_warehouse//models/boxes/box_45/model.sdf
[7.135s] -- Symlinking: /home/venkatesan/e-yantra/lb_ws/install/eyantra_warehouse/share/eyantra_warehouse//models/boxes/box_46/meshes/aruco_tag.jpg
[7.151s] -- Symlinking: /home/venkatesan/e-yantra/lb_ws/install/eyantra_warehouse/share/eyantra_warehouse//models/boxes/box_46/meshes/box.dae
[7.166s] -- Symlinking: /home/venkatesan/e-yantra/lb_ws/install/eyantra_warehouse/share/eyantra_warehouse//models/boxes/box_46/meshes/box__bg.png
[7.181s] -- Symlinking: /home/venkatesan/e-yantra/lb_ws/install/eyantra_warehouse/share/eyantra_warehouse//models/boxes/box_46/meshes/cardboard_bg.png
[7.196s] -- Symlinking: /home/venkatesan/e-yantra/lb_ws/install/eyantra_warehouse/share/eyantra_warehouse//models/boxes/box_46/model.config
[7.211s] -- Symlinking: /home/venkatesan/e-yantra/lb_ws/install/eyantra_warehouse/share/eyantra_warehouse//models/boxes/box_46/model.sdf
[7.227s] -- Symlinking: /home/venkatesan/e-yantra/lb_ws/install/eyantra_warehouse/share/eyantra_warehouse//models/boxes/box_47/meshes/aruco_tag.jpg
[7.242s] -- Symlinking: /home/venkatesan/e-yantra/lb_ws/install/eyantra_warehouse/share/eyantra_warehouse//models/boxes/box_47/meshes/box.dae
[7.257s] -- Symlinking: /home/venkatesan/e-yantra/lb_ws/install/eyantra_warehouse/share/eyantra_warehouse//models/boxes/box_47/meshes/box__bg.png
[7.273s] -- Symlinking: /home/venkatesan/e-yantra/lb_ws/install/eyantra_warehouse/share/eyantra_warehouse//models/boxes/box_47/meshes/cardboard_bg.png
[7.294s] -- Symlinking: /home/venkatesan/e-yantra/lb_ws/install/eyantra_warehouse/share/eyantra_warehouse//models/boxes/box_47/model.config
[7.318s] -- Symlinking: /home/venkatesan/e-yantra/lb_ws/install/eyantra_warehouse/share/eyantra_warehouse//models/boxes/box_47/model.sdf
[7.352s] -- Symlinking: /home/venkatesan/e-yantra/lb_ws/install/eyantra_warehouse/share/eyantra_warehouse//models/boxes/box_48/meshes/aruco_tag.jpg
[7.385s] -- Symlinking: /home/venkatesan/e-yantra/lb_ws/install/eyantra_warehouse/share/eyantra_warehouse//models/boxes/box_48/meshes/box.dae
[7.418s] -- Symlinking: /home/venkatesan/e-yantra/lb_ws/install/eyantra_warehouse/share/eyantra_warehouse//models/boxes/box_48/meshes/box__bg.png
[7.453s] -- Symlinking: /home/venkatesan/e-yantra/lb_ws/install/eyantra_warehouse/share/eyantra_warehouse//models/boxes/box_48/meshes/cardboard_bg.png
[7.486s] -- Symlinking: /home/venkatesan/e-yantra/lb_ws/install/eyantra_warehouse/share/eyantra_warehouse//models/boxes/box_48/model.config
[7.520s] -- Symlinking: /home/venkatesan/e-yantra/lb_ws/install/eyantra_warehouse/share/eyantra_warehouse//models/boxes/box_48/model.sdf
[7.555s] -- Symlinking: /home/venkatesan/e-yantra/lb_ws/install/eyantra_warehouse/share/eyantra_warehouse//models/boxes/box_49/meshes/aruco_tag.jpg
[7.588s] -- Symlinking: /home/venkatesan/e-yantra/lb_ws/install/eyantra_warehouse/share/eyantra_warehouse//models/boxes/box_49/meshes/box.dae
[7.621s] -- Symlinking: /home/venkatesan/e-yantra/lb_ws/install/eyantra_warehouse/share/eyantra_warehouse//models/boxes/box_49/meshes/box__bg.png
[7.656s] -- Symlinking: /home/venkatesan/e-yantra/lb_ws/install/eyantra_warehouse/share/eyantra_warehouse//models/boxes/box_49/meshes/cardboard_bg.png
[7.689s] -- Symlinking: /home/venkatesan/e-yantra/lb_ws/install/eyantra_warehouse/share/eyantra_warehouse//models/boxes/box_49/model.config
[7.723s] -- Symlinking: /home/venkatesan/e-yantra/lb_ws/install/eyantra_warehouse/share/eyantra_warehouse//models/boxes/box_49/model.sdf
[7.757s] -- Symlinking: /home/venkatesan/e-yantra/lb_ws/install/eyantra_warehouse/share/eyantra_warehouse//models/boxes/box_5/meshes/aruco_tag.jpg
[7.791s] -- Symlinking: /home/venkatesan/e-yantra/lb_ws/install/eyantra_warehouse/share/eyantra_warehouse//models/boxes/box_5/meshes/box.dae
[7.824s] -- Symlinking: /home/venkatesan/e-yantra/lb_ws/install/eyantra_warehouse/share/eyantra_warehouse//models/boxes/box_5/meshes/box__bg.png
[7.859s] -- Symlinking: /home/venkatesan/e-yantra/lb_ws/install/eyantra_warehouse/share/eyantra_warehouse//models/boxes/box_5/meshes/cardboard_bg.png
[7.892s] -- Symlinking: /home/venkatesan/e-yantra/lb_ws/install/eyantra_warehouse/share/eyantra_warehouse//models/boxes/box_5/model.config
[7.926s] -- Symlinking: /home/venkatesan/e-yantra/lb_ws/install/eyantra_warehouse/share/eyantra_warehouse//models/boxes/box_5/model.sdf
[7.960s] -- Symlinking: /home/venkatesan/e-yantra/lb_ws/install/eyantra_warehouse/share/eyantra_warehouse//models/boxes/box_50/meshes/aruco_tag.jpg
[7.992s] -- Symlinking: /home/venkatesan/e-yantra/lb_ws/install/eyantra_warehouse/share/eyantra_warehouse//models/boxes/box_50/meshes/box.dae
[8.012s] -- Symlinking: /home/venkatesan/e-yantra/lb_ws/install/eyantra_warehouse/share/eyantra_warehouse//models/boxes/box_50/meshes/box__bg.png
[8.027s] -- Symlinking: /home/venkatesan/e-yantra/lb_ws/install/eyantra_warehouse/share/eyantra_warehouse//models/boxes/box_50/meshes/cardboard_bg.png
[8.043s] -- Symlinking: /home/venkatesan/e-yantra/lb_ws/install/eyantra_warehouse/share/eyantra_warehouse//models/boxes/box_50/model.config
[8.059s] -- Symlinking: /home/venkatesan/e-yantra/lb_ws/install/eyantra_warehouse/share/eyantra_warehouse//models/boxes/box_50/model.sdf
[8.075s] -- Symlinking: /home/venkatesan/e-yantra/lb_ws/install/eyantra_warehouse/share/eyantra_warehouse//models/boxes/box_6/meshes/aruco_tag.jpg
[8.094s] -- Symlinking: /home/venkatesan/e-yantra/lb_ws/install/eyantra_warehouse/share/eyantra_warehouse//models/boxes/box_6/meshes/box.dae
[8.121s] -- Symlinking: /home/venkatesan/e-yantra/lb_ws/install/eyantra_warehouse/share/eyantra_warehouse//models/boxes/box_6/meshes/box__bg.png
[8.154s] -- Symlinking: /home/venkatesan/e-yantra/lb_ws/install/eyantra_warehouse/share/eyantra_warehouse//models/boxes/box_6/meshes/cardboard_bg.png
[8.188s] -- Symlinking: /home/venkatesan/e-yantra/lb_ws/install/eyantra_warehouse/share/eyantra_warehouse//models/boxes/box_6/model.config
[8.222s] -- Symlinking: /home/venkatesan/e-yantra/lb_ws/install/eyantra_warehouse/share/eyantra_warehouse//models/boxes/box_6/model.sdf
[8.257s] -- Symlinking: /home/venkatesan/e-yantra/lb_ws/install/eyantra_warehouse/share/eyantra_warehouse//models/boxes/box_7/meshes/aruco_tag.jpg
[8.290s] -- Symlinking: /home/venkatesan/e-yantra/lb_ws/install/eyantra_warehouse/share/eyantra_warehouse//models/boxes/box_7/meshes/box.dae
[8.324s] -- Symlinking: /home/venkatesan/e-yantra/lb_ws/install/eyantra_warehouse/share/eyantra_warehouse//models/boxes/box_7/meshes/box__bg.png
[8.359s] -- Symlinking: /home/venkatesan/e-yantra/lb_ws/install/eyantra_warehouse/share/eyantra_warehouse//models/boxes/box_7/meshes/cardboard_bg.png
[8.392s] -- Symlinking: /home/venkatesan/e-yantra/lb_ws/install/eyantra_warehouse/share/eyantra_warehouse//models/boxes/box_7/model.config
[8.426s] -- Symlinking: /home/venkatesan/e-yantra/lb_ws/install/eyantra_warehouse/share/eyantra_warehouse//models/boxes/box_7/model.sdf
[8.461s] -- Symlinking: /home/venkatesan/e-yantra/lb_ws/install/eyantra_warehouse/share/eyantra_warehouse//models/boxes/box_8/meshes/aruco_tag.jpg
[8.494s] -- Symlinking: /home/venkatesan/e-yantra/lb_ws/install/eyantra_warehouse/share/eyantra_warehouse//models/boxes/box_8/meshes/box.dae
[8.528s] -- Symlinking: /home/venkatesan/e-yantra/lb_ws/install/eyantra_warehouse/share/eyantra_warehouse//models/boxes/box_8/meshes/box__bg.png
[8.562s] -- Symlinking: /home/venkatesan/e-yantra/lb_ws/install/eyantra_warehouse/share/eyantra_warehouse//models/boxes/box_8/meshes/cardboard_bg.png
[8.596s] -- Symlinking: /home/venkatesan/e-yantra/lb_ws/install/eyantra_warehouse/share/eyantra_warehouse//models/boxes/box_8/model.config
[8.629s] -- Symlinking: /home/venkatesan/e-yantra/lb_ws/install/eyantra_warehouse/share/eyantra_warehouse//models/boxes/box_8/model.sdf
[8.663s] -- Symlinking: /home/venkatesan/e-yantra/lb_ws/install/eyantra_warehouse/share/eyantra_warehouse//models/boxes/box_9/meshes/aruco_tag.jpg
[8.682s] -- Symlinking: /home/venkatesan/e-yantra/lb_ws/install/eyantra_warehouse/share/eyantra_warehouse//models/boxes/box_9/meshes/box.dae
[8.698s] -- Symlinking: /home/venkatesan/e-yantra/lb_ws/install/eyantra_warehouse/share/eyantra_warehouse//models/boxes/box_9/meshes/box__bg.png
[8.714s] -- Symlinking: /home/venkatesan/e-yantra/lb_ws/install/eyantra_warehouse/share/eyantra_warehouse//models/boxes/box_9/meshes/cardboard_bg.png
[8.729s] -- Symlinking: /home/venkatesan/e-yantra/lb_ws/install/eyantra_warehouse/share/eyantra_warehouse//models/boxes/box_9/model.config
[8.745s] -- Symlinking: /home/venkatesan/e-yantra/lb_ws/install/eyantra_warehouse/share/eyantra_warehouse//models/boxes/box_9/model.sdf
[8.760s] -- Symlinking: /home/venkatesan/e-yantra/lb_ws/install/eyantra_warehouse/share/eyantra_warehouse//models/conveyor_belt/meshes/conveyor_belt.dae
[8.775s] -- Symlinking: /home/venkatesan/e-yantra/lb_ws/install/eyantra_warehouse/share/eyantra_warehouse//models/conveyor_belt/meshes/conveyor_belt.stl
[8.791s] -- Symlinking: /home/venkatesan/e-yantra/lb_ws/install/eyantra_warehouse/share/eyantra_warehouse//models/conveyor_belt/model.config
[8.806s] -- Symlinking: /home/venkatesan/e-yantra/lb_ws/install/eyantra_warehouse/share/eyantra_warehouse//models/conveyor_belt/model.sdf
[8.821s] -- Symlinking: /home/venkatesan/e-yantra/lb_ws/install/eyantra_warehouse/share/eyantra_warehouse//models/drop_table/meshes/eyantra_logo~red_280x55.png
[8.839s] -- Symlinking: /home/venkatesan/e-yantra/lb_ws/install/eyantra_warehouse/share/eyantra_warehouse//models/drop_table/meshes/eyantra_logo~red_280x55.png.001.png
[8.864s] -- Symlinking: /home/venkatesan/e-yantra/lb_ws/install/eyantra_warehouse/share/eyantra_warehouse//models/drop_table/meshes/table.dae
[8.894s] -- Symlinking: /home/venkatesan/e-yantra/lb_ws/install/eyantra_warehouse/share/eyantra_warehouse//models/drop_table/model.config
[8.925s] -- Symlinking: /home/venkatesan/e-yantra/lb_ws/install/eyantra_warehouse/share/eyantra_warehouse//models/drop_table/model.sdf
[8.960s] -- Symlinking: /home/venkatesan/e-yantra/lb_ws/install/eyantra_warehouse/share/eyantra_warehouse//models/ground_plane/model.config
[8.995s] -- Symlinking: /home/venkatesan/e-yantra/lb_ws/install/eyantra_warehouse/share/eyantra_warehouse//models/ground_plane/model.sdf
[9.029s] -- Symlinking: /home/venkatesan/e-yantra/lb_ws/install/eyantra_warehouse/share/eyantra_warehouse//models/package_box/meshes/4x4_1000-0.png
[9.063s] -- Symlinking: /home/venkatesan/e-yantra/lb_ws/install/eyantra_warehouse/share/eyantra_warehouse//models/package_box/meshes/aws_robomaker_warehouse_ClutteringC_02.png
[9.085s] -- Symlinking: /home/venkatesan/e-yantra/lb_ws/install/eyantra_warehouse/share/eyantra_warehouse//models/package_box/meshes/package_box.dae
[9.102s] -- Symlinking: /home/venkatesan/e-yantra/lb_ws/install/eyantra_warehouse/share/eyantra_warehouse//models/package_box/model.config
[9.119s] -- Symlinking: /home/venkatesan/e-yantra/lb_ws/install/eyantra_warehouse/share/eyantra_warehouse//models/package_box/model.sdf
[9.140s] -- Symlinking: /home/venkatesan/e-yantra/lb_ws/install/eyantra_warehouse/share/eyantra_warehouse//models/rack/meshes/brushedsteel4.jpg
[9.161s] -- Symlinking: /home/venkatesan/e-yantra/lb_ws/install/eyantra_warehouse/share/eyantra_warehouse//models/rack/meshes/brushedsteel_bg.jpg
[9.183s] -- Symlinking: /home/venkatesan/e-yantra/lb_ws/install/eyantra_warehouse/share/eyantra_warehouse//models/rack/meshes/rack.dae
[9.203s] -- Symlinking: /home/venkatesan/e-yantra/lb_ws/install/eyantra_warehouse/share/eyantra_warehouse//models/rack/meshes/rack.stl
[9.225s] -- Symlinking: /home/venkatesan/e-yantra/lb_ws/install/eyantra_warehouse/share/eyantra_warehouse//models/rack/model.config
[9.252s] -- Symlinking: /home/venkatesan/e-yantra/lb_ws/install/eyantra_warehouse/share/eyantra_warehouse//models/rack/model.sdf
[9.286s] -- Symlinking: /home/venkatesan/e-yantra/lb_ws/install/eyantra_warehouse/share/eyantra_warehouse//models/warehouse_boundary/meshes/warehouse_boundary.dae
[9.328s] -- Symlinking: /home/venkatesan/e-yantra/lb_ws/install/eyantra_warehouse/share/eyantra_warehouse//models/warehouse_boundary/meshes/warehouse_boundary_glass_cover.dae
[9.363s] -- Symlinking: /home/venkatesan/e-yantra/lb_ws/install/eyantra_warehouse/share/eyantra_warehouse//models/warehouse_boundary/meshes/warehouse_floor.jpg
[9.396s] -- Symlinking: /home/venkatesan/e-yantra/lb_ws/install/eyantra_warehouse/share/eyantra_warehouse//models/warehouse_boundary/model.config
[9.426s] -- Symlinking: /home/venkatesan/e-yantra/lb_ws/install/eyantra_warehouse/share/eyantra_warehouse//models/warehouse_boundary/model.sdf
[9.450s] -- Symlinking: /home/venkatesan/e-yantra/lb_ws/install/eyantra_warehouse/share/eyantra_warehouse//models/window/model.config
[9.476s] -- Symlinking: /home/venkatesan/e-yantra/lb_ws/install/eyantra_warehouse/share/eyantra_warehouse//models/window/model.sdf
[9.506s] -- Symlinking: /home/venkatesan/e-yantra/lb_ws/install/eyantra_warehouse/share/eyantra_warehouse//config/SkyX_Moon.fragment
[9.538s] -- Symlinking: /home/venkatesan/e-yantra/lb_ws/install/eyantra_warehouse/share/eyantra_warehouse//config/SkyX_Moon.png
[9.573s] -- Symlinking: /home/venkatesan/e-yantra/lb_ws/install/eyantra_warehouse/share/eyantra_warehouse//config/package_link.json
[9.607s] -- Symlinking: /home/venkatesan/e-yantra/lb_ws/install/eyantra_warehouse/share/ament_index/resource_index/package_run_dependencies/eyantra_warehouse
[9.641s] -- Symlinking: /home/venkatesan/e-yantra/lb_ws/install/eyantra_warehouse/share/ament_index/resource_index/parent_prefix_path/eyantra_warehouse
[9.674s] -- Symlinking: /home/venkatesan/e-yantra/lb_ws/install/eyantra_warehouse/share/eyantra_warehouse/environment/ament_prefix_path.sh
[9.692s] -- Symlinking: /home/venkatesan/e-yantra/lb_ws/install/eyantra_warehouse/share/eyantra_warehouse/environment/ament_prefix_path.dsv
[9.707s] -- Symlinking: /home/venkatesan/e-yantra/lb_ws/install/eyantra_warehouse/share/eyantra_warehouse/environment/path.sh
[9.723s] -- Symlinking: /home/venkatesan/e-yantra/lb_ws/install/eyantra_warehouse/share/eyantra_warehouse/environment/path.dsv
[9.738s] -- Symlinking: /home/venkatesan/e-yantra/lb_ws/install/eyantra_warehouse/share/eyantra_warehouse/local_setup.bash
[9.755s] -- Symlinking: /home/venkatesan/e-yantra/lb_ws/install/eyantra_warehouse/share/eyantra_warehouse/local_setup.sh
[9.770s] -- Symlinking: /home/venkatesan/e-yantra/lb_ws/install/eyantra_warehouse/share/eyantra_warehouse/local_setup.zsh
[9.786s] -- Symlinking: /home/venkatesan/e-yantra/lb_ws/install/eyantra_warehouse/share/eyantra_warehouse/local_setup.dsv
[9.801s] -- Symlinking: /home/venkatesan/e-yantra/lb_ws/install/eyantra_warehouse/share/eyantra_warehouse/package.dsv
[9.816s] -- Symlinking: /home/venkatesan/e-yantra/lb_ws/install/eyantra_warehouse/share/ament_index/resource_index/packages/eyantra_warehouse
[9.832s] -- Symlinking: /home/venkatesan/e-yantra/lb_ws/install/eyantra_warehouse/share/eyantra_warehouse/cmake/eyantra_warehouseConfig.cmake
[9.851s] -- Symlinking: /home/venkatesan/e-yantra/lb_ws/install/eyantra_warehouse/share/eyantra_warehouse/cmake/eyantra_warehouseConfig-version.cmake
[9.870s] -- Symlinking: /home/venkatesan/e-yantra/lb_ws/install/eyantra_warehouse/share/eyantra_warehouse/package.xml
[9.892s] Invoked command in '/home/venkatesan/e-yantra/lb_ws/build/eyantra_warehouse' returned '0': CMAKE_PREFIX_PATH=${CMAKE_PREFIX_PATH}:/home/venkatesan/e-yantra/turtle_ws/install/turtlesim_spiral:/home/venkatesan/ros2_ws/install/launch_testing_examples:/home/venkatesan/ros2_ws/install/examples_rclpy_pointcloud_publisher:/home/venkatesan/ros2_ws/install/examples_rclpy_minimal_subscriber:/home/venkatesan/ros2_ws/install/examples_rclpy_minimal_service:/home/venkatesan/ros2_ws/install/examples_rclpy_minimal_publisher:/home/venkatesan/ros2_ws/install/examples_rclpy_minimal_client:/home/venkatesan/ros2_ws/install/examples_rclpy_minimal_action_server:/home/venkatesan/ros2_ws/install/examples_rclpy_minimal_action_client:/home/venkatesan/ros2_ws/install/examples_rclpy_guard_conditions:/home/venkatesan/ros2_ws/install/examples_rclpy_executors:/home/venkatesan/Skills/robotics/ros2/ros2_ws/install/my_robot_controller:/opt/ros/humble /usr/bin/cmake --install /home/venkatesan/e-yantra/lb_ws/build/eyantra_warehouse
