[0.028s] Invoking command in '/home/venkatesan/e-yantra/lb_ws/build/eyantra_warehouse': CMAKE_PREFIX_PATH=${CMAKE_PREFIX_PATH}:/home/venkatesan/e-yantra/turtle_ws/install/turtlesim_spiral:/home/venkatesan/ros2_ws/install/launch_testing_examples:/home/venkatesan/ros2_ws/install/examples_rclpy_pointcloud_publisher:/home/venkatesan/ros2_ws/install/examples_rclpy_minimal_subscriber:/home/venkatesan/ros2_ws/install/examples_rclpy_minimal_service:/home/venkatesan/ros2_ws/install/examples_rclpy_minimal_publisher:/home/venkatesan/ros2_ws/install/examples_rclpy_minimal_client:/home/venkatesan/ros2_ws/install/examples_rclpy_minimal_action_server:/home/venkatesan/ros2_ws/install/examples_rclpy_minimal_action_client:/home/venkatesan/ros2_ws/install/examples_rclpy_guard_conditions:/home/venkatesan/ros2_ws/install/examples_rclpy_executors:/home/venkatesan/Skills/robotics/ros2/ros2_ws/install/my_robot_controller:/opt/ros/humble /usr/bin/cmake --build /home/venkatesan/e-yantra/lb_ws/build/eyantra_warehouse -- -j8 -l8
[0.065s] -- Found ament_cmake: 1.3.10 (/opt/ros/humble/share/ament_cmake/cmake)
[0.345s] -- Found ament_lint_auto: 0.12.11 (/opt/ros/humble/share/ament_lint_auto/cmake)
[0.492s] -- Added test 'copyright' to check source files copyright and LICENSE
[0.556s] -- Added test 'flake8' to check Python code syntax and style conventions
[0.563s] -- Added test 'lint_cmake' to check CMake code style
[0.567s] -- Added test 'pep257' to check Python code against some of the docstring style conventions in PEP 257
[0.600s] -- Added test 'xmllint' to check XML markup files
[0.605s] -- Configuring done
[0.611s] -- Generating done
[0.613s] -- Build files have been written to: /home/venkatesan/e-yantra/lb_ws/build/eyantra_warehouse
[0.650s] Invoked command in '/home/venkatesan/e-yantra/lb_ws/build/eyantra_warehouse' returned '0': CMAKE_PREFIX_PATH=${CMAKE_PREFIX_PATH}:/home/venkatesan/e-yantra/turtle_ws/install/turtlesim_spiral:/home/venkatesan/ros2_ws/install/launch_testing_examples:/home/venkatesan/ros2_ws/install/examples_rclpy_pointcloud_publisher:/home/venkatesan/ros2_ws/install/examples_rclpy_minimal_subscriber:/home/venkatesan/ros2_ws/install/examples_rclpy_minimal_service:/home/venkatesan/ros2_ws/install/examples_rclpy_minimal_publisher:/home/venkatesan/ros2_ws/install/examples_rclpy_minimal_client:/home/venkatesan/ros2_ws/install/examples_rclpy_minimal_action_server:/home/venkatesan/ros2_ws/install/examples_rclpy_minimal_action_client:/home/venkatesan/ros2_ws/install/examples_rclpy_guard_conditions:/home/venkatesan/ros2_ws/install/examples_rclpy_executors:/home/venkatesan/Skills/robotics/ros2/ros2_ws/install/my_robot_controller:/opt/ros/humble /usr/bin/cmake --build /home/venkatesan/e-yantra/lb_ws/build/eyantra_warehouse -- -j8 -l8
[0.700s] Invoking command in '/home/venkatesan/e-yantra/lb_ws/build/eyantra_warehouse': CMAKE_PREFIX_PATH=${CMAKE_PREFIX_PATH}:/home/venkatesan/e-yantra/turtle_ws/install/turtlesim_spiral:/home/venkatesan/ros2_ws/install/launch_testing_examples:/home/venkatesan/ros2_ws/install/examples_rclpy_pointcloud_publisher:/home/venkatesan/ros2_ws/install/examples_rclpy_minimal_subscriber:/home/venkatesan/ros2_ws/install/examples_rclpy_minimal_service:/home/venkatesan/ros2_ws/install/examples_rclpy_minimal_publisher:/home/venkatesan/ros2_ws/install/examples_rclpy_minimal_client:/home/venkatesan/ros2_ws/install/examples_rclpy_minimal_action_server:/home/venkatesan/ros2_ws/install/examples_rclpy_minimal_action_client:/home/venkatesan/ros2_ws/install/examples_rclpy_guard_conditions:/home/venkatesan/ros2_ws/install/examples_rclpy_executors:/home/venkatesan/Skills/robotics/ros2/ros2_ws/install/my_robot_controller:/opt/ros/humble /usr/bin/cmake --install /home/venkatesan/e-yantra/lb_ws/build/eyantra_warehouse
[0.712s] -- Install configuration: ""
[0.712s] -- Up-to-date: /home/venkatesan/e-yantra/lb_ws/install/eyantra_warehouse/share/eyantra_warehouse//launch
[0.712s] -- Installing: /home/venkatesan/e-yantra/lb_ws/install/eyantra_warehouse/share/eyantra_warehouse//launch/task0.launch.py
[0.713s] -- Up-to-date: /home/venkatesan/e-yantra/lb_ws/install/eyantra_warehouse/share/eyantra_warehouse//worlds
[0.713s] -- Installing: /home/venkatesan/e-yantra/lb_ws/install/eyantra_warehouse/share/eyantra_warehouse//worlds/eyantra_warehouse_task0.world
[0.713s] -- Up-to-date: /home/venkatesan/e-yantra/lb_ws/install/eyantra_warehouse/share/eyantra_warehouse//models
[0.713s] -- Up-to-date: /home/venkatesan/e-yantra/lb_ws/install/eyantra_warehouse/share/eyantra_warehouse//models/rack
[0.713s] -- Installing: /home/venkatesan/e-yantra/lb_ws/install/eyantra_warehouse/share/eyantra_warehouse//models/rack/model.config
[0.714s] -- Installing: /home/venkatesan/e-yantra/lb_ws/install/eyantra_warehouse/share/eyantra_warehouse//models/rack/model.sdf
[0.714s] -- Up-to-date: /home/venkatesan/e-yantra/lb_ws/install/eyantra_warehouse/share/eyantra_warehouse//models/rack/meshes
[0.714s] -- Installing: /home/venkatesan/e-yantra/lb_ws/install/eyantra_warehouse/share/eyantra_warehouse//models/rack/meshes/rack.stl
[0.721s] -- Installing: /home/venkatesan/e-yantra/lb_ws/install/eyantra_warehouse/share/eyantra_warehouse//models/rack/meshes/brushedsteel4.jpg
[0.722s] -- Installing: /home/venkatesan/e-yantra/lb_ws/install/eyantra_warehouse/share/eyantra_warehouse//models/rack/meshes/rack.dae
[0.722s] -- Installing: /home/venkatesan/e-yantra/lb_ws/install/eyantra_warehouse/share/eyantra_warehouse//models/rack/meshes/brushedsteel_bg.jpg
[0.724s] -- Up-to-date: /home/venkatesan/e-yantra/lb_ws/install/eyantra_warehouse/share/eyantra_warehouse//models/aws_robomaker_warehouse_DeskC_01
[0.725s] -- Up-to-date: /home/venkatesan/e-yantra/lb_ws/install/eyantra_warehouse/share/eyantra_warehouse//models/aws_robomaker_warehouse_DeskC_01/materials
[0.725s] -- Installing: /home/venkatesan/e-yantra/lb_ws/install/eyantra_warehouse/share/eyantra_warehouse//models/aws_robomaker_warehouse_DeskC_01/materials/.DS_Store
[0.725s] -- Up-to-date: /home/venkatesan/e-yantra/lb_ws/install/eyantra_warehouse/share/eyantra_warehouse//models/aws_robomaker_warehouse_DeskC_01/materials/textures
[0.725s] -- Installing: /home/venkatesan/e-yantra/lb_ws/install/eyantra_warehouse/share/eyantra_warehouse//models/aws_robomaker_warehouse_DeskC_01/materials/textures/aws_robomaker_warehouse_DeskC_01.png
[0.726s] -- Installing: /home/venkatesan/e-yantra/lb_ws/install/eyantra_warehouse/share/eyantra_warehouse//models/aws_robomaker_warehouse_DeskC_01/materials/textures/aws_robomaker_warehouse_DeskC_03.png
[0.726s] -- Installing: /home/venkatesan/e-yantra/lb_ws/install/eyantra_warehouse/share/eyantra_warehouse//models/aws_robomaker_warehouse_DeskC_01/materials/textures/aws_robomaker_warehouse_DeskC_03.psd
[0.728s] -- Installing: /home/venkatesan/e-yantra/lb_ws/install/eyantra_warehouse/share/eyantra_warehouse//models/aws_robomaker_warehouse_DeskC_01/materials/textures/aws_robomaker_warehouse_DeskC_02.png
[0.729s] -- Installing: /home/venkatesan/e-yantra/lb_ws/install/eyantra_warehouse/share/eyantra_warehouse//models/aws_robomaker_warehouse_DeskC_01/materials/textures/aws_robomaker_warehouse_DeskC_04.png
[0.729s] -- Installing: /home/venkatesan/e-yantra/lb_ws/install/eyantra_warehouse/share/eyantra_warehouse//models/aws_robomaker_warehouse_DeskC_01/model.config
[0.729s] -- Installing: /home/venkatesan/e-yantra/lb_ws/install/eyantra_warehouse/share/eyantra_warehouse//models/aws_robomaker_warehouse_DeskC_01/model.sdf
[0.730s] -- Up-to-date: /home/venkatesan/e-yantra/lb_ws/install/eyantra_warehouse/share/eyantra_warehouse//models/aws_robomaker_warehouse_DeskC_01/meshes
[0.730s] -- Installing: /home/venkatesan/e-yantra/lb_ws/install/eyantra_warehouse/share/eyantra_warehouse//models/aws_robomaker_warehouse_DeskC_01/meshes/aws_robomaker_warehouse_DeskC_01_collision.DAE
[0.730s] -- Installing: /home/venkatesan/e-yantra/lb_ws/install/eyantra_warehouse/share/eyantra_warehouse//models/aws_robomaker_warehouse_DeskC_01/meshes/aws_robomaker_warehouse_DeskC_01_visual.DAE
[0.730s] -- Up-to-date: /home/venkatesan/e-yantra/lb_ws/install/eyantra_warehouse/share/eyantra_warehouse//models/package_box
[0.730s] -- Installing: /home/venkatesan/e-yantra/lb_ws/install/eyantra_warehouse/share/eyantra_warehouse//models/package_box/model.config
[0.730s] -- Installing: /home/venkatesan/e-yantra/lb_ws/install/eyantra_warehouse/share/eyantra_warehouse//models/package_box/model.sdf
[0.730s] -- Up-to-date: /home/venkatesan/e-yantra/lb_ws/install/eyantra_warehouse/share/eyantra_warehouse//models/package_box/meshes
[0.731s] -- Installing: /home/venkatesan/e-yantra/lb_ws/install/eyantra_warehouse/share/eyantra_warehouse//models/package_box/meshes/aws_robomaker_warehouse_ClutteringC_02.png
[0.731s] -- Installing: /home/venkatesan/e-yantra/lb_ws/install/eyantra_warehouse/share/eyantra_warehouse//models/package_box/meshes/package_box.dae
[0.731s] -- Installing: /home/venkatesan/e-yantra/lb_ws/install/eyantra_warehouse/share/eyantra_warehouse//models/package_box/meshes/4x4_1000-0.png
[0.731s] -- Up-to-date: /home/venkatesan/e-yantra/lb_ws/install/eyantra_warehouse/share/eyantra_warehouse//models/warehouse_boundary
[0.731s] -- Installing: /home/venkatesan/e-yantra/lb_ws/install/eyantra_warehouse/share/eyantra_warehouse//models/warehouse_boundary/model.config
[0.731s] -- Installing: /home/venkatesan/e-yantra/lb_ws/install/eyantra_warehouse/share/eyantra_warehouse//models/warehouse_boundary/model.sdf
[0.732s] -- Up-to-date: /home/venkatesan/e-yantra/lb_ws/install/eyantra_warehouse/share/eyantra_warehouse//models/warehouse_boundary/meshes
[0.732s] -- Installing: /home/venkatesan/e-yantra/lb_ws/install/eyantra_warehouse/share/eyantra_warehouse//models/warehouse_boundary/meshes/warehouse_boundary_glass_cover.dae
[0.732s] -- Installing: /home/venkatesan/e-yantra/lb_ws/install/eyantra_warehouse/share/eyantra_warehouse//models/warehouse_boundary/meshes/warehouse_boundary.dae
[0.747s] -- Installing: /home/venkatesan/e-yantra/lb_ws/install/eyantra_warehouse/share/eyantra_warehouse//models/warehouse_boundary/meshes/warehouse_floor.jpg
[0.747s] -- Up-to-date: /home/venkatesan/e-yantra/lb_ws/install/eyantra_warehouse/share/eyantra_warehouse//models/conveyor_belt
[0.748s] -- Installing: /home/venkatesan/e-yantra/lb_ws/install/eyantra_warehouse/share/eyantra_warehouse//models/conveyor_belt/model.config
[0.748s] -- Installing: /home/venkatesan/e-yantra/lb_ws/install/eyantra_warehouse/share/eyantra_warehouse//models/conveyor_belt/model.sdf
[0.748s] -- Up-to-date: /home/venkatesan/e-yantra/lb_ws/install/eyantra_warehouse/share/eyantra_warehouse//models/conveyor_belt/meshes
[0.748s] -- Installing: /home/venkatesan/e-yantra/lb_ws/install/eyantra_warehouse/share/eyantra_warehouse//models/conveyor_belt/meshes/conveyor_belt.dae
[0.749s] -- Installing: /home/venkatesan/e-yantra/lb_ws/install/eyantra_warehouse/share/eyantra_warehouse//models/conveyor_belt/meshes/conveyor_belt.stl
[0.751s] -- Up-to-date: /home/venkatesan/e-yantra/lb_ws/install/eyantra_warehouse/share/eyantra_warehouse//models/box
[0.751s] -- Installing: /home/venkatesan/e-yantra/lb_ws/install/eyantra_warehouse/share/eyantra_warehouse//models/box/model.config
[0.751s] -- Installing: /home/venkatesan/e-yantra/lb_ws/install/eyantra_warehouse/share/eyantra_warehouse//models/box/model.sdf
[0.751s] -- Up-to-date: /home/venkatesan/e-yantra/lb_ws/install/eyantra_warehouse/share/eyantra_warehouse//models/box/meshes
[0.751s] -- Installing: /home/venkatesan/e-yantra/lb_ws/install/eyantra_warehouse/share/eyantra_warehouse//models/box/meshes/aruco_tag.jpg
[0.752s] -- Installing: /home/venkatesan/e-yantra/lb_ws/install/eyantra_warehouse/share/eyantra_warehouse//models/box/meshes/cardboard_bg.png
[0.752s] -- Installing: /home/venkatesan/e-yantra/lb_ws/install/eyantra_warehouse/share/eyantra_warehouse//models/box/meshes/box__bg.png
[0.752s] -- Installing: /home/venkatesan/e-yantra/lb_ws/install/eyantra_warehouse/share/eyantra_warehouse//models/box/meshes/box.dae
[0.752s] -- Installing: /home/venkatesan/e-yantra/lb_ws/install/eyantra_warehouse/share/eyantra_warehouse//models/box/meshes/centroid_old_box.zip
[0.753s] -- Up-to-date: /home/venkatesan/e-yantra/lb_ws/install/eyantra_warehouse/share/eyantra_warehouse//models/aws_robomaker_warehouse_ClutteringC_01
[0.753s] -- Up-to-date: /home/venkatesan/e-yantra/lb_ws/install/eyantra_warehouse/share/eyantra_warehouse//models/aws_robomaker_warehouse_ClutteringC_01/materials
[0.753s] -- Up-to-date: /home/venkatesan/e-yantra/lb_ws/install/eyantra_warehouse/share/eyantra_warehouse//models/aws_robomaker_warehouse_ClutteringC_01/materials/textures
[0.753s] -- Installing: /home/venkatesan/e-yantra/lb_ws/install/eyantra_warehouse/share/eyantra_warehouse//models/aws_robomaker_warehouse_ClutteringC_01/materials/textures/aws_robomaker_warehouse_ClutteringC_02.png
[0.753s] -- Installing: /home/venkatesan/e-yantra/lb_ws/install/eyantra_warehouse/share/eyantra_warehouse//models/aws_robomaker_warehouse_ClutteringC_01/materials/textures/aws_robomaker_warehouse_ClutteringC_01.png
[0.753s] -- Installing: /home/venkatesan/e-yantra/lb_ws/install/eyantra_warehouse/share/eyantra_warehouse//models/aws_robomaker_warehouse_ClutteringC_01/model.config
[0.753s] -- Installing: /home/venkatesan/e-yantra/lb_ws/install/eyantra_warehouse/share/eyantra_warehouse//models/aws_robomaker_warehouse_ClutteringC_01/model.sdf
[0.754s] -- Up-to-date: /home/venkatesan/e-yantra/lb_ws/install/eyantra_warehouse/share/eyantra_warehouse//models/aws_robomaker_warehouse_ClutteringC_01/meshes
[0.754s] -- Installing: /home/venkatesan/e-yantra/lb_ws/install/eyantra_warehouse/share/eyantra_warehouse//models/aws_robomaker_warehouse_ClutteringC_01/meshes/aws_robomaker_warehouse_ClutteringC_01_visual.DAE
[0.754s] -- Installing: /home/venkatesan/e-yantra/lb_ws/install/eyantra_warehouse/share/eyantra_warehouse//models/aws_robomaker_warehouse_ClutteringC_01/meshes/aws_robomaker_warehouse_ClutteringC_01_collision.DAE
[0.754s] -- Up-to-date: /home/venkatesan/e-yantra/lb_ws/install/eyantra_warehouse/share/eyantra_warehouse//models/LB_city
[0.754s] -- Installing: /home/venkatesan/e-yantra/lb_ws/install/eyantra_warehouse/share/eyantra_warehouse//models/LB_city/model.config
[0.754s] -- Installing: /home/venkatesan/e-yantra/lb_ws/install/eyantra_warehouse/share/eyantra_warehouse//models/LB_city/model.sdf
[0.755s] -- Up-to-date: /home/venkatesan/e-yantra/lb_ws/install/eyantra_warehouse/share/eyantra_warehouse//models/LB_city/meshes
[0.755s] -- Installing: /home/venkatesan/e-yantra/lb_ws/install/eyantra_warehouse/share/eyantra_warehouse//models/LB_city/meshes/f1q.jpg
[0.755s] -- Installing: /home/venkatesan/e-yantra/lb_ws/install/eyantra_warehouse/share/eyantra_warehouse//models/LB_city/meshes/pv2c.jpg
[0.756s] -- Installing: /home/venkatesan/e-yantra/lb_ws/install/eyantra_warehouse/share/eyantra_warehouse//models/LB_city/meshes/LB_city.dae
[0.773s] -- Installing: /home/venkatesan/e-yantra/lb_ws/install/eyantra_warehouse/share/eyantra_warehouse//models/LB_city/meshes/f1q.jpg.001.jpg
[0.774s] -- Installing: /home/venkatesan/e-yantra/lb_ws/install/eyantra_warehouse/share/eyantra_warehouse//models/LB_city/meshes/SolarPanelsPolycrystallineTypeBFramedClean001_COL_3K.jpg.004.jp.jpg
[0.775s] -- Installing: /home/venkatesan/e-yantra/lb_ws/install/eyantra_warehouse/share/eyantra_warehouse//models/LB_city/meshes/pb2.jpg
[0.776s] -- Installing: /home/venkatesan/e-yantra/lb_ws/install/eyantra_warehouse/share/eyantra_warehouse//models/LB_city/meshes/grass.png
[0.779s] -- Installing: /home/venkatesan/e-yantra/lb_ws/install/eyantra_warehouse/share/eyantra_warehouse//models/LB_city/meshes/dm1.jpg
[0.782s] -- Installing: /home/venkatesan/e-yantra/lb_ws/install/eyantra_warehouse/share/eyantra_warehouse//models/LB_city/meshes/LAWN.jpg
[0.786s] -- Installing: /home/venkatesan/e-yantra/lb_ws/install/eyantra_warehouse/share/eyantra_warehouse//models/LB_city/meshes/ocean_texture.jpeg
[0.788s] -- Up-to-date: /home/venkatesan/e-yantra/lb_ws/install/eyantra_warehouse/share/eyantra_warehouse//models/ground_plane
[0.788s] -- Installing: /home/venkatesan/e-yantra/lb_ws/install/eyantra_warehouse/share/eyantra_warehouse//models/ground_plane/model.config
[0.788s] -- Installing: /home/venkatesan/e-yantra/lb_ws/install/eyantra_warehouse/share/eyantra_warehouse//models/ground_plane/model.sdf
[0.788s] -- Up-to-date: /home/venkatesan/e-yantra/lb_ws/install/eyantra_warehouse/share/eyantra_warehouse//models/boxes
[0.788s] -- Up-to-date: /home/venkatesan/e-yantra/lb_ws/install/eyantra_warehouse/share/eyantra_warehouse//models/boxes/box_30
[0.789s] -- Installing: /home/venkatesan/e-yantra/lb_ws/install/eyantra_warehouse/share/eyantra_warehouse//models/boxes/box_30/model.config
[0.789s] -- Installing: /home/venkatesan/e-yantra/lb_ws/install/eyantra_warehouse/share/eyantra_warehouse//models/boxes/box_30/model.sdf
[0.789s] -- Up-to-date: /home/venkatesan/e-yantra/lb_ws/install/eyantra_warehouse/share/eyantra_warehouse//models/boxes/box_30/meshes
[0.789s] -- Installing: /home/venkatesan/e-yantra/lb_ws/install/eyantra_warehouse/share/eyantra_warehouse//models/boxes/box_30/meshes/aruco_tag.jpg
[0.789s] -- Installing: /home/venkatesan/e-yantra/lb_ws/install/eyantra_warehouse/share/eyantra_warehouse//models/boxes/box_30/meshes/cardboard_bg.png
[0.789s] -- Installing: /home/venkatesan/e-yantra/lb_ws/install/eyantra_warehouse/share/eyantra_warehouse//models/boxes/box_30/meshes/box__bg.png
[0.789s] -- Installing: /home/venkatesan/e-yantra/lb_ws/install/eyantra_warehouse/share/eyantra_warehouse//models/boxes/box_30/meshes/box.dae
[0.789s] -- Up-to-date: /home/venkatesan/e-yantra/lb_ws/install/eyantra_warehouse/share/eyantra_warehouse//models/boxes/box_26
[0.790s] -- Installing: /home/venkatesan/e-yantra/lb_ws/install/eyantra_warehouse/share/eyantra_warehouse//models/boxes/box_26/model.config
[0.790s] -- Installing: /home/venkatesan/e-yantra/lb_ws/install/eyantra_warehouse/share/eyantra_warehouse//models/boxes/box_26/model.sdf
[0.790s] -- Up-to-date: /home/venkatesan/e-yantra/lb_ws/install/eyantra_warehouse/share/eyantra_warehouse//models/boxes/box_26/meshes
[0.790s] -- Installing: /home/venkatesan/e-yantra/lb_ws/install/eyantra_warehouse/share/eyantra_warehouse//models/boxes/box_26/meshes/aruco_tag.jpg
[0.790s] -- Installing: /home/venkatesan/e-yantra/lb_ws/install/eyantra_warehouse/share/eyantra_warehouse//models/boxes/box_26/meshes/cardboard_bg.png
[0.790s] -- Installing: /home/venkatesan/e-yantra/lb_ws/install/eyantra_warehouse/share/eyantra_warehouse//models/boxes/box_26/meshes/box__bg.png
[0.791s] -- Installing: /home/venkatesan/e-yantra/lb_ws/install/eyantra_warehouse/share/eyantra_warehouse//models/boxes/box_26/meshes/box.dae
[0.794s] -- Up-to-date: /home/venkatesan/e-yantra/lb_ws/install/eyantra_warehouse/share/eyantra_warehouse//models/boxes/box_36
[0.794s] -- Installing: /home/venkatesan/e-yantra/lb_ws/install/eyantra_warehouse/share/eyantra_warehouse//models/boxes/box_36/model.config
[0.795s] -- Installing: /home/venkatesan/e-yantra/lb_ws/install/eyantra_warehouse/share/eyantra_warehouse//models/boxes/box_36/model.sdf
[0.795s] -- Up-to-date: /home/venkatesan/e-yantra/lb_ws/install/eyantra_warehouse/share/eyantra_warehouse//models/boxes/box_36/meshes
[0.795s] -- Installing: /home/venkatesan/e-yantra/lb_ws/install/eyantra_warehouse/share/eyantra_warehouse//models/boxes/box_36/meshes/aruco_tag.jpg
[0.795s] -- Installing: /home/venkatesan/e-yantra/lb_ws/install/eyantra_warehouse/share/eyantra_warehouse//models/boxes/box_36/meshes/cardboard_bg.png
[0.795s] -- Installing: /home/venkatesan/e-yantra/lb_ws/install/eyantra_warehouse/share/eyantra_warehouse//models/boxes/box_36/meshes/box__bg.png
[0.796s] -- Installing: /home/venkatesan/e-yantra/lb_ws/install/eyantra_warehouse/share/eyantra_warehouse//models/boxes/box_36/meshes/box.dae
[0.796s] -- Up-to-date: /home/venkatesan/e-yantra/lb_ws/install/eyantra_warehouse/share/eyantra_warehouse//models/boxes/box_41
[0.796s] -- Installing: /home/venkatesan/e-yantra/lb_ws/install/eyantra_warehouse/share/eyantra_warehouse//models/boxes/box_41/model.config
[0.796s] -- Installing: /home/venkatesan/e-yantra/lb_ws/install/eyantra_warehouse/share/eyantra_warehouse//models/boxes/box_41/model.sdf
[0.796s] -- Up-to-date: /home/venkatesan/e-yantra/lb_ws/install/eyantra_warehouse/share/eyantra_warehouse//models/boxes/box_41/meshes
[0.796s] -- Installing: /home/venkatesan/e-yantra/lb_ws/install/eyantra_warehouse/share/eyantra_warehouse//models/boxes/box_41/meshes/aruco_tag.jpg
[0.797s] -- Installing: /home/venkatesan/e-yantra/lb_ws/install/eyantra_warehouse/share/eyantra_warehouse//models/boxes/box_41/meshes/cardboard_bg.png
[0.797s] -- Installing: /home/venkatesan/e-yantra/lb_ws/install/eyantra_warehouse/share/eyantra_warehouse//models/boxes/box_41/meshes/box__bg.png
[0.797s] -- Installing: /home/venkatesan/e-yantra/lb_ws/install/eyantra_warehouse/share/eyantra_warehouse//models/boxes/box_41/meshes/box.dae
[0.797s] -- Up-to-date: /home/venkatesan/e-yantra/lb_ws/install/eyantra_warehouse/share/eyantra_warehouse//models/boxes/box_5
[0.797s] -- Installing: /home/venkatesan/e-yantra/lb_ws/install/eyantra_warehouse/share/eyantra_warehouse//models/boxes/box_5/model.config
[0.797s] -- Installing: /home/venkatesan/e-yantra/lb_ws/install/eyantra_warehouse/share/eyantra_warehouse//models/boxes/box_5/model.sdf
[0.797s] -- Up-to-date: /home/venkatesan/e-yantra/lb_ws/install/eyantra_warehouse/share/eyantra_warehouse//models/boxes/box_5/meshes
[0.798s] -- Installing: /home/venkatesan/e-yantra/lb_ws/install/eyantra_warehouse/share/eyantra_warehouse//models/boxes/box_5/meshes/aruco_tag.jpg
[0.798s] -- Installing: /home/venkatesan/e-yantra/lb_ws/install/eyantra_warehouse/share/eyantra_warehouse//models/boxes/box_5/meshes/cardboard_bg.png
[0.798s] -- Installing: /home/venkatesan/e-yantra/lb_ws/install/eyantra_warehouse/share/eyantra_warehouse//models/boxes/box_5/meshes/box__bg.png
[0.798s] -- Installing: /home/venkatesan/e-yantra/lb_ws/install/eyantra_warehouse/share/eyantra_warehouse//models/boxes/box_5/meshes/box.dae
[0.798s] -- Up-to-date: /home/venkatesan/e-yantra/lb_ws/install/eyantra_warehouse/share/eyantra_warehouse//models/boxes/box_9
[0.798s] -- Installing: /home/venkatesan/e-yantra/lb_ws/install/eyantra_warehouse/share/eyantra_warehouse//models/boxes/box_9/model.config
[0.798s] -- Installing: /home/venkatesan/e-yantra/lb_ws/install/eyantra_warehouse/share/eyantra_warehouse//models/boxes/box_9/model.sdf
[0.798s] -- Up-to-date: /home/venkatesan/e-yantra/lb_ws/install/eyantra_warehouse/share/eyantra_warehouse//models/boxes/box_9/meshes
[0.799s] -- Installing: /home/venkatesan/e-yantra/lb_ws/install/eyantra_warehouse/share/eyantra_warehouse//models/boxes/box_9/meshes/aruco_tag.jpg
[0.799s] -- Installing: /home/venkatesan/e-yantra/lb_ws/install/eyantra_warehouse/share/eyantra_warehouse//models/boxes/box_9/meshes/cardboard_bg.png
[0.799s] -- Installing: /home/venkatesan/e-yantra/lb_ws/install/eyantra_warehouse/share/eyantra_warehouse//models/boxes/box_9/meshes/box__bg.png
[0.799s] -- Installing: /home/venkatesan/e-yantra/lb_ws/install/eyantra_warehouse/share/eyantra_warehouse//models/boxes/box_9/meshes/box.dae
[0.799s] -- Up-to-date: /home/venkatesan/e-yantra/lb_ws/install/eyantra_warehouse/share/eyantra_warehouse//models/boxes/box_25
[0.799s] -- Installing: /home/venkatesan/e-yantra/lb_ws/install/eyantra_warehouse/share/eyantra_warehouse//models/boxes/box_25/model.config
[0.799s] -- Installing: /home/venkatesan/e-yantra/lb_ws/install/eyantra_warehouse/share/eyantra_warehouse//models/boxes/box_25/model.sdf
[0.800s] -- Up-to-date: /home/venkatesan/e-yantra/lb_ws/install/eyantra_warehouse/share/eyantra_warehouse//models/boxes/box_25/meshes
[0.800s] -- Installing: /home/venkatesan/e-yantra/lb_ws/install/eyantra_warehouse/share/eyantra_warehouse//models/boxes/box_25/meshes/aruco_tag.jpg
[0.800s] -- Installing: /home/venkatesan/e-yantra/lb_ws/install/eyantra_warehouse/share/eyantra_warehouse//models/boxes/box_25/meshes/cardboard_bg.png
[0.800s] -- Installing: /home/venkatesan/e-yantra/lb_ws/install/eyantra_warehouse/share/eyantra_warehouse//models/boxes/box_25/meshes/box__bg.png
[0.800s] -- Installing: /home/venkatesan/e-yantra/lb_ws/install/eyantra_warehouse/share/eyantra_warehouse//models/boxes/box_25/meshes/box.dae
[0.800s] -- Up-to-date: /home/venkatesan/e-yantra/lb_ws/install/eyantra_warehouse/share/eyantra_warehouse//models/boxes/box_34
[0.800s] -- Installing: /home/venkatesan/e-yantra/lb_ws/install/eyantra_warehouse/share/eyantra_warehouse//models/boxes/box_34/model.config
[0.801s] -- Installing: /home/venkatesan/e-yantra/lb_ws/install/eyantra_warehouse/share/eyantra_warehouse//models/boxes/box_34/model.sdf
[0.801s] -- Up-to-date: /home/venkatesan/e-yantra/lb_ws/install/eyantra_warehouse/share/eyantra_warehouse//models/boxes/box_34/meshes
[0.801s] -- Installing: /home/venkatesan/e-yantra/lb_ws/install/eyantra_warehouse/share/eyantra_warehouse//models/boxes/box_34/meshes/aruco_tag.jpg
[0.801s] -- Installing: /home/venkatesan/e-yantra/lb_ws/install/eyantra_warehouse/share/eyantra_warehouse//models/boxes/box_34/meshes/cardboard_bg.png
[0.801s] -- Installing: /home/venkatesan/e-yantra/lb_ws/install/eyantra_warehouse/share/eyantra_warehouse//models/boxes/box_34/meshes/box__bg.png
[0.801s] -- Installing: /home/venkatesan/e-yantra/lb_ws/install/eyantra_warehouse/share/eyantra_warehouse//models/boxes/box_34/meshes/box.dae
[0.801s] -- Up-to-date: /home/venkatesan/e-yantra/lb_ws/install/eyantra_warehouse/share/eyantra_warehouse//models/boxes/box_2
[0.802s] -- Installing: /home/venkatesan/e-yantra/lb_ws/install/eyantra_warehouse/share/eyantra_warehouse//models/boxes/box_2/model.config
[0.802s] -- Installing: /home/venkatesan/e-yantra/lb_ws/install/eyantra_warehouse/share/eyantra_warehouse//models/boxes/box_2/model.sdf
[0.802s] -- Up-to-date: /home/venkatesan/e-yantra/lb_ws/install/eyantra_warehouse/share/eyantra_warehouse//models/boxes/box_2/meshes
[0.802s] -- Installing: /home/venkatesan/e-yantra/lb_ws/install/eyantra_warehouse/share/eyantra_warehouse//models/boxes/box_2/meshes/aruco_tag.jpg
[0.802s] -- Installing: /home/venkatesan/e-yantra/lb_ws/install/eyantra_warehouse/share/eyantra_warehouse//models/boxes/box_2/meshes/cardboard_bg.png
[0.802s] -- Installing: /home/venkatesan/e-yantra/lb_ws/install/eyantra_warehouse/share/eyantra_warehouse//models/boxes/box_2/meshes/box__bg.png
[0.802s] -- Installing: /home/venkatesan/e-yantra/lb_ws/install/eyantra_warehouse/share/eyantra_warehouse//models/boxes/box_2/meshes/box.dae
[0.803s] -- Up-to-date: /home/venkatesan/e-yantra/lb_ws/install/eyantra_warehouse/share/eyantra_warehouse//models/boxes/box_33
[0.803s] -- Installing: /home/venkatesan/e-yantra/lb_ws/install/eyantra_warehouse/share/eyantra_warehouse//models/boxes/box_33/model.config
[0.803s] -- Installing: /home/venkatesan/e-yantra/lb_ws/install/eyantra_warehouse/share/eyantra_warehouse//models/boxes/box_33/model.sdf
[0.803s] -- Up-to-date: /home/venkatesan/e-yantra/lb_ws/install/eyantra_warehouse/share/eyantra_warehouse//models/boxes/box_33/meshes
[0.803s] -- Installing: /home/venkatesan/e-yantra/lb_ws/install/eyantra_warehouse/share/eyantra_warehouse//models/boxes/box_33/meshes/aruco_tag.jpg
[0.803s] -- Installing: /home/venkatesan/e-yantra/lb_ws/install/eyantra_warehouse/share/eyantra_warehouse//models/boxes/box_33/meshes/cardboard_bg.png
[0.804s] -- Installing: /home/venkatesan/e-yantra/lb_ws/install/eyantra_warehouse/share/eyantra_warehouse//models/boxes/box_33/meshes/box__bg.png
[0.804s] -- Installing: /home/venkatesan/e-yantra/lb_ws/install/eyantra_warehouse/share/eyantra_warehouse//models/boxes/box_33/meshes/box.dae
[0.804s] -- Up-to-date: /home/venkatesan/e-yantra/lb_ws/install/eyantra_warehouse/share/eyantra_warehouse//models/boxes/box_32
[0.804s] -- Installing: /home/venkatesan/e-yantra/lb_ws/install/eyantra_warehouse/share/eyantra_warehouse//models/boxes/box_32/model.config
[0.804s] -- Installing: /home/venkatesan/e-yantra/lb_ws/install/eyantra_warehouse/share/eyantra_warehouse//models/boxes/box_32/model.sdf
[0.804s] -- Up-to-date: /home/venkatesan/e-yantra/lb_ws/install/eyantra_warehouse/share/eyantra_warehouse//models/boxes/box_32/meshes
[0.805s] -- Installing: /home/venkatesan/e-yantra/lb_ws/install/eyantra_warehouse/share/eyantra_warehouse//models/boxes/box_32/meshes/aruco_tag.jpg
[0.805s] -- Installing: /home/venkatesan/e-yantra/lb_ws/install/eyantra_warehouse/share/eyantra_warehouse//models/boxes/box_32/meshes/cardboard_bg.png
[0.805s] -- Installing: /home/venkatesan/e-yantra/lb_ws/install/eyantra_warehouse/share/eyantra_warehouse//models/boxes/box_32/meshes/box__bg.png
[0.805s] -- Installing: /home/venkatesan/e-yantra/lb_ws/install/eyantra_warehouse/share/eyantra_warehouse//models/boxes/box_32/meshes/box.dae
[0.805s] -- Up-to-date: /home/venkatesan/e-yantra/lb_ws/install/eyantra_warehouse/share/eyantra_warehouse//models/boxes/box_42
[0.805s] -- Installing: /home/venkatesan/e-yantra/lb_ws/install/eyantra_warehouse/share/eyantra_warehouse//models/boxes/box_42/model.config
[0.806s] -- Installing: /home/venkatesan/e-yantra/lb_ws/install/eyantra_warehouse/share/eyantra_warehouse//models/boxes/box_42/model.sdf
[0.806s] -- Up-to-date: /home/venkatesan/e-yantra/lb_ws/install/eyantra_warehouse/share/eyantra_warehouse//models/boxes/box_42/meshes
[0.806s] -- Installing: /home/venkatesan/e-yantra/lb_ws/install/eyantra_warehouse/share/eyantra_warehouse//models/boxes/box_42/meshes/aruco_tag.jpg
[0.806s] -- Installing: /home/venkatesan/e-yantra/lb_ws/install/eyantra_warehouse/share/eyantra_warehouse//models/boxes/box_42/meshes/cardboard_bg.png
[0.806s] -- Installing: /home/venkatesan/e-yantra/lb_ws/install/eyantra_warehouse/share/eyantra_warehouse//models/boxes/box_42/meshes/box__bg.png
[0.806s] -- Installing: /home/venkatesan/e-yantra/lb_ws/install/eyantra_warehouse/share/eyantra_warehouse//models/boxes/box_42/meshes/box.dae
[0.806s] -- Up-to-date: /home/venkatesan/e-yantra/lb_ws/install/eyantra_warehouse/share/eyantra_warehouse//models/boxes/box_3
[0.807s] -- Installing: /home/venkatesan/e-yantra/lb_ws/install/eyantra_warehouse/share/eyantra_warehouse//models/boxes/box_3/model.config
[0.807s] -- Installing: /home/venkatesan/e-yantra/lb_ws/install/eyantra_warehouse/share/eyantra_warehouse//models/boxes/box_3/model.sdf
[0.807s] -- Up-to-date: /home/venkatesan/e-yantra/lb_ws/install/eyantra_warehouse/share/eyantra_warehouse//models/boxes/box_3/meshes
[0.807s] -- Installing: /home/venkatesan/e-yantra/lb_ws/install/eyantra_warehouse/share/eyantra_warehouse//models/boxes/box_3/meshes/aruco_tag.jpg
[0.807s] -- Installing: /home/venkatesan/e-yantra/lb_ws/install/eyantra_warehouse/share/eyantra_warehouse//models/boxes/box_3/meshes/cardboard_bg.png
[0.807s] -- Installing: /home/venkatesan/e-yantra/lb_ws/install/eyantra_warehouse/share/eyantra_warehouse//models/boxes/box_3/meshes/box__bg.png
[0.808s] -- Installing: /home/venkatesan/e-yantra/lb_ws/install/eyantra_warehouse/share/eyantra_warehouse//models/boxes/box_3/meshes/box.dae
[0.808s] -- Up-to-date: /home/venkatesan/e-yantra/lb_ws/install/eyantra_warehouse/share/eyantra_warehouse//models/boxes/box_43
[0.808s] -- Installing: /home/venkatesan/e-yantra/lb_ws/install/eyantra_warehouse/share/eyantra_warehouse//models/boxes/box_43/model.config
[0.808s] -- Installing: /home/venkatesan/e-yantra/lb_ws/install/eyantra_warehouse/share/eyantra_warehouse//models/boxes/box_43/model.sdf
[0.808s] -- Up-to-date: /home/venkatesan/e-yantra/lb_ws/install/eyantra_warehouse/share/eyantra_warehouse//models/boxes/box_43/meshes
[0.808s] -- Installing: /home/venkatesan/e-yantra/lb_ws/install/eyantra_warehouse/share/eyantra_warehouse//models/boxes/box_43/meshes/aruco_tag.jpg
[0.808s] -- Installing: /home/venkatesan/e-yantra/lb_ws/install/eyantra_warehouse/share/eyantra_warehouse//models/boxes/box_43/meshes/cardboard_bg.png
[0.809s] -- Installing: /home/venkatesan/e-yantra/lb_ws/install/eyantra_warehouse/share/eyantra_warehouse//models/boxes/box_43/meshes/box__bg.png
[0.809s] -- Installing: /home/venkatesan/e-yantra/lb_ws/install/eyantra_warehouse/share/eyantra_warehouse//models/boxes/box_43/meshes/box.dae
[0.809s] -- Up-to-date: /home/venkatesan/e-yantra/lb_ws/install/eyantra_warehouse/share/eyantra_warehouse//models/boxes/box_7
[0.809s] -- Installing: /home/venkatesan/e-yantra/lb_ws/install/eyantra_warehouse/share/eyantra_warehouse//models/boxes/box_7/model.config
[0.809s] -- Installing: /home/venkatesan/e-yantra/lb_ws/install/eyantra_warehouse/share/eyantra_warehouse//models/boxes/box_7/model.sdf
[0.810s] -- Up-to-date: /home/venkatesan/e-yantra/lb_ws/install/eyantra_warehouse/share/eyantra_warehouse//models/boxes/box_7/meshes
[0.810s] -- Installing: /home/venkatesan/e-yantra/lb_ws/install/eyantra_warehouse/share/eyantra_warehouse//models/boxes/box_7/meshes/aruco_tag.jpg
[0.810s] -- Installing: /home/venkatesan/e-yantra/lb_ws/install/eyantra_warehouse/share/eyantra_warehouse//models/boxes/box_7/meshes/cardboard_bg.png
[0.810s] -- Installing: /home/venkatesan/e-yantra/lb_ws/install/eyantra_warehouse/share/eyantra_warehouse//models/boxes/box_7/meshes/box__bg.png
[0.810s] -- Installing: /home/venkatesan/e-yantra/lb_ws/install/eyantra_warehouse/share/eyantra_warehouse//models/boxes/box_7/meshes/box.dae
[0.810s] -- Up-to-date: /home/venkatesan/e-yantra/lb_ws/install/eyantra_warehouse/share/eyantra_warehouse//models/boxes/box_11
[0.810s] -- Installing: /home/venkatesan/e-yantra/lb_ws/install/eyantra_warehouse/share/eyantra_warehouse//models/boxes/box_11/model.config
[0.811s] -- Installing: /home/venkatesan/e-yantra/lb_ws/install/eyantra_warehouse/share/eyantra_warehouse//models/boxes/box_11/model.sdf
[0.811s] -- Up-to-date: /home/venkatesan/e-yantra/lb_ws/install/eyantra_warehouse/share/eyantra_warehouse//models/boxes/box_11/meshes
[0.811s] -- Installing: /home/venkatesan/e-yantra/lb_ws/install/eyantra_warehouse/share/eyantra_warehouse//models/boxes/box_11/meshes/aruco_tag.jpg
[0.811s] -- Installing: /home/venkatesan/e-yantra/lb_ws/install/eyantra_warehouse/share/eyantra_warehouse//models/boxes/box_11/meshes/cardboard_bg.png
[0.811s] -- Installing: /home/venkatesan/e-yantra/lb_ws/install/eyantra_warehouse/share/eyantra_warehouse//models/boxes/box_11/meshes/box__bg.png
[0.811s] -- Installing: /home/venkatesan/e-yantra/lb_ws/install/eyantra_warehouse/share/eyantra_warehouse//models/boxes/box_11/meshes/box.dae
[0.812s] -- Up-to-date: /home/venkatesan/e-yantra/lb_ws/install/eyantra_warehouse/share/eyantra_warehouse//models/boxes/box_23
[0.812s] -- Installing: /home/venkatesan/e-yantra/lb_ws/install/eyantra_warehouse/share/eyantra_warehouse//models/boxes/box_23/model.config
[0.812s] -- Installing: /home/venkatesan/e-yantra/lb_ws/install/eyantra_warehouse/share/eyantra_warehouse//models/boxes/box_23/model.sdf
[0.812s] -- Up-to-date: /home/venkatesan/e-yantra/lb_ws/install/eyantra_warehouse/share/eyantra_warehouse//models/boxes/box_23/meshes
[0.813s] -- Installing: /home/venkatesan/e-yantra/lb_ws/install/eyantra_warehouse/share/eyantra_warehouse//models/boxes/box_23/meshes/aruco_tag.jpg
[0.813s] -- Installing: /home/venkatesan/e-yantra/lb_ws/install/eyantra_warehouse/share/eyantra_warehouse//models/boxes/box_23/meshes/cardboard_bg.png
[0.813s] -- Installing: /home/venkatesan/e-yantra/lb_ws/install/eyantra_warehouse/share/eyantra_warehouse//models/boxes/box_23/meshes/box__bg.png
[0.813s] -- Installing: /home/venkatesan/e-yantra/lb_ws/install/eyantra_warehouse/share/eyantra_warehouse//models/boxes/box_23/meshes/box.dae
[0.814s] -- Up-to-date: /home/venkatesan/e-yantra/lb_ws/install/eyantra_warehouse/share/eyantra_warehouse//models/boxes/box_47
[0.814s] -- Installing: /home/venkatesan/e-yantra/lb_ws/install/eyantra_warehouse/share/eyantra_warehouse//models/boxes/box_47/model.config
[0.814s] -- Installing: /home/venkatesan/e-yantra/lb_ws/install/eyantra_warehouse/share/eyantra_warehouse//models/boxes/box_47/model.sdf
[0.815s] -- Up-to-date: /home/venkatesan/e-yantra/lb_ws/install/eyantra_warehouse/share/eyantra_warehouse//models/boxes/box_47/meshes
[0.815s] -- Installing: /home/venkatesan/e-yantra/lb_ws/install/eyantra_warehouse/share/eyantra_warehouse//models/boxes/box_47/meshes/aruco_tag.jpg
[0.815s] -- Installing: /home/venkatesan/e-yantra/lb_ws/install/eyantra_warehouse/share/eyantra_warehouse//models/boxes/box_47/meshes/cardboard_bg.png
[0.816s] -- Installing: /home/venkatesan/e-yantra/lb_ws/install/eyantra_warehouse/share/eyantra_warehouse//models/boxes/box_47/meshes/box__bg.png
[0.816s] -- Installing: /home/venkatesan/e-yantra/lb_ws/install/eyantra_warehouse/share/eyantra_warehouse//models/boxes/box_47/meshes/box.dae
[0.816s] -- Up-to-date: /home/venkatesan/e-yantra/lb_ws/install/eyantra_warehouse/share/eyantra_warehouse//models/boxes/box_4
[0.816s] -- Installing: /home/venkatesan/e-yantra/lb_ws/install/eyantra_warehouse/share/eyantra_warehouse//models/boxes/box_4/model.config
[0.816s] -- Installing: /home/venkatesan/e-yantra/lb_ws/install/eyantra_warehouse/share/eyantra_warehouse//models/boxes/box_4/model.sdf
[0.816s] -- Up-to-date: /home/venkatesan/e-yantra/lb_ws/install/eyantra_warehouse/share/eyantra_warehouse//models/boxes/box_4/meshes
[0.817s] -- Installing: /home/venkatesan/e-yantra/lb_ws/install/eyantra_warehouse/share/eyantra_warehouse//models/boxes/box_4/meshes/aruco_tag.jpg
[0.817s] -- Installing: /home/venkatesan/e-yantra/lb_ws/install/eyantra_warehouse/share/eyantra_warehouse//models/boxes/box_4/meshes/cardboard_bg.png
[0.817s] -- Installing: /home/venkatesan/e-yantra/lb_ws/install/eyantra_warehouse/share/eyantra_warehouse//models/boxes/box_4/meshes/box__bg.png
[0.817s] -- Installing: /home/venkatesan/e-yantra/lb_ws/install/eyantra_warehouse/share/eyantra_warehouse//models/boxes/box_4/meshes/box.dae
[0.817s] -- Up-to-date: /home/venkatesan/e-yantra/lb_ws/install/eyantra_warehouse/share/eyantra_warehouse//models/boxes/box_18
[0.817s] -- Installing: /home/venkatesan/e-yantra/lb_ws/install/eyantra_warehouse/share/eyantra_warehouse//models/boxes/box_18/model.config
[0.818s] -- Installing: /home/venkatesan/e-yantra/lb_ws/install/eyantra_warehouse/share/eyantra_warehouse//models/boxes/box_18/model.sdf
[0.818s] -- Up-to-date: /home/venkatesan/e-yantra/lb_ws/install/eyantra_warehouse/share/eyantra_warehouse//models/boxes/box_18/meshes
[0.818s] -- Installing: /home/venkatesan/e-yantra/lb_ws/install/eyantra_warehouse/share/eyantra_warehouse//models/boxes/box_18/meshes/aruco_tag.jpg
[0.818s] -- Installing: /home/venkatesan/e-yantra/lb_ws/install/eyantra_warehouse/share/eyantra_warehouse//models/boxes/box_18/meshes/cardboard_bg.png
[0.818s] -- Installing: /home/venkatesan/e-yantra/lb_ws/install/eyantra_warehouse/share/eyantra_warehouse//models/boxes/box_18/meshes/box__bg.png
[0.818s] -- Installing: /home/venkatesan/e-yantra/lb_ws/install/eyantra_warehouse/share/eyantra_warehouse//models/boxes/box_18/meshes/box.dae
[0.819s] -- Up-to-date: /home/venkatesan/e-yantra/lb_ws/install/eyantra_warehouse/share/eyantra_warehouse//models/boxes/box_37
[0.819s] -- Installing: /home/venkatesan/e-yantra/lb_ws/install/eyantra_warehouse/share/eyantra_warehouse//models/boxes/box_37/model.config
[0.819s] -- Installing: /home/venkatesan/e-yantra/lb_ws/install/eyantra_warehouse/share/eyantra_warehouse//models/boxes/box_37/model.sdf
[0.819s] -- Up-to-date: /home/venkatesan/e-yantra/lb_ws/install/eyantra_warehouse/share/eyantra_warehouse//models/boxes/box_37/meshes
[0.819s] -- Installing: /home/venkatesan/e-yantra/lb_ws/install/eyantra_warehouse/share/eyantra_warehouse//models/boxes/box_37/meshes/aruco_tag.jpg
[0.819s] -- Installing: /home/venkatesan/e-yantra/lb_ws/install/eyantra_warehouse/share/eyantra_warehouse//models/boxes/box_37/meshes/cardboard_bg.png
[0.819s] -- Installing: /home/venkatesan/e-yantra/lb_ws/install/eyantra_warehouse/share/eyantra_warehouse//models/boxes/box_37/meshes/box__bg.png
[0.820s] -- Installing: /home/venkatesan/e-yantra/lb_ws/install/eyantra_warehouse/share/eyantra_warehouse//models/boxes/box_37/meshes/box.dae
[0.820s] -- Up-to-date: /home/venkatesan/e-yantra/lb_ws/install/eyantra_warehouse/share/eyantra_warehouse//models/boxes/box_35
[0.820s] -- Installing: /home/venkatesan/e-yantra/lb_ws/install/eyantra_warehouse/share/eyantra_warehouse//models/boxes/box_35/model.config
[0.820s] -- Installing: /home/venkatesan/e-yantra/lb_ws/install/eyantra_warehouse/share/eyantra_warehouse//models/boxes/box_35/model.sdf
[0.820s] -- Up-to-date: /home/venkatesan/e-yantra/lb_ws/install/eyantra_warehouse/share/eyantra_warehouse//models/boxes/box_35/meshes
[0.820s] -- Installing: /home/venkatesan/e-yantra/lb_ws/install/eyantra_warehouse/share/eyantra_warehouse//models/boxes/box_35/meshes/aruco_tag.jpg
[0.821s] -- Installing: /home/venkatesan/e-yantra/lb_ws/install/eyantra_warehouse/share/eyantra_warehouse//models/boxes/box_35/meshes/cardboard_bg.png
[0.821s] -- Installing: /home/venkatesan/e-yantra/lb_ws/install/eyantra_warehouse/share/eyantra_warehouse//models/boxes/box_35/meshes/box__bg.png
[0.821s] -- Installing: /home/venkatesan/e-yantra/lb_ws/install/eyantra_warehouse/share/eyantra_warehouse//models/boxes/box_35/meshes/box.dae
[0.821s] -- Up-to-date: /home/venkatesan/e-yantra/lb_ws/install/eyantra_warehouse/share/eyantra_warehouse//models/boxes/box_10
[0.821s] -- Installing: /home/venkatesan/e-yantra/lb_ws/install/eyantra_warehouse/share/eyantra_warehouse//models/boxes/box_10/model.config
[0.821s] -- Installing: /home/venkatesan/e-yantra/lb_ws/install/eyantra_warehouse/share/eyantra_warehouse//models/boxes/box_10/model.sdf
[0.822s] -- Up-to-date: /home/venkatesan/e-yantra/lb_ws/install/eyantra_warehouse/share/eyantra_warehouse//models/boxes/box_10/meshes
[0.822s] -- Installing: /home/venkatesan/e-yantra/lb_ws/install/eyantra_warehouse/share/eyantra_warehouse//models/boxes/box_10/meshes/aruco_tag.jpg
[0.822s] -- Installing: /home/venkatesan/e-yantra/lb_ws/install/eyantra_warehouse/share/eyantra_warehouse//models/boxes/box_10/meshes/cardboard_bg.png
[0.822s] -- Installing: /home/venkatesan/e-yantra/lb_ws/install/eyantra_warehouse/share/eyantra_warehouse//models/boxes/box_10/meshes/box__bg.png
[0.822s] -- Installing: /home/venkatesan/e-yantra/lb_ws/install/eyantra_warehouse/share/eyantra_warehouse//models/boxes/box_10/meshes/box.dae
[0.822s] -- Up-to-date: /home/venkatesan/e-yantra/lb_ws/install/eyantra_warehouse/share/eyantra_warehouse//models/boxes/box_19
[0.822s] -- Installing: /home/venkatesan/e-yantra/lb_ws/install/eyantra_warehouse/share/eyantra_warehouse//models/boxes/box_19/model.config
[0.823s] -- Installing: /home/venkatesan/e-yantra/lb_ws/install/eyantra_warehouse/share/eyantra_warehouse//models/boxes/box_19/model.sdf
[0.823s] -- Up-to-date: /home/venkatesan/e-yantra/lb_ws/install/eyantra_warehouse/share/eyantra_warehouse//models/boxes/box_19/meshes
[0.823s] -- Installing: /home/venkatesan/e-yantra/lb_ws/install/eyantra_warehouse/share/eyantra_warehouse//models/boxes/box_19/meshes/aruco_tag.jpg
[0.823s] -- Installing: /home/venkatesan/e-yantra/lb_ws/install/eyantra_warehouse/share/eyantra_warehouse//models/boxes/box_19/meshes/cardboard_bg.png
[0.823s] -- Installing: /home/venkatesan/e-yantra/lb_ws/install/eyantra_warehouse/share/eyantra_warehouse//models/boxes/box_19/meshes/box__bg.png
[0.823s] -- Installing: /home/venkatesan/e-yantra/lb_ws/install/eyantra_warehouse/share/eyantra_warehouse//models/boxes/box_19/meshes/box.dae
[0.824s] -- Up-to-date: /home/venkatesan/e-yantra/lb_ws/install/eyantra_warehouse/share/eyantra_warehouse//models/boxes/box_12
[0.824s] -- Installing: /home/venkatesan/e-yantra/lb_ws/install/eyantra_warehouse/share/eyantra_warehouse//models/boxes/box_12/model.config
[0.824s] -- Installing: /home/venkatesan/e-yantra/lb_ws/install/eyantra_warehouse/share/eyantra_warehouse//models/boxes/box_12/model.sdf
[0.824s] -- Up-to-date: /home/venkatesan/e-yantra/lb_ws/install/eyantra_warehouse/share/eyantra_warehouse//models/boxes/box_12/meshes
[0.824s] -- Installing: /home/venkatesan/e-yantra/lb_ws/install/eyantra_warehouse/share/eyantra_warehouse//models/boxes/box_12/meshes/aruco_tag.jpg
[0.824s] -- Installing: /home/venkatesan/e-yantra/lb_ws/install/eyantra_warehouse/share/eyantra_warehouse//models/boxes/box_12/meshes/cardboard_bg.png
[0.825s] -- Installing: /home/venkatesan/e-yantra/lb_ws/install/eyantra_warehouse/share/eyantra_warehouse//models/boxes/box_12/meshes/box__bg.png
[0.825s] -- Installing: /home/venkatesan/e-yantra/lb_ws/install/eyantra_warehouse/share/eyantra_warehouse//models/boxes/box_12/meshes/box.dae
[0.825s] -- Up-to-date: /home/venkatesan/e-yantra/lb_ws/install/eyantra_warehouse/share/eyantra_warehouse//models/boxes/box_31
[0.825s] -- Installing: /home/venkatesan/e-yantra/lb_ws/install/eyantra_warehouse/share/eyantra_warehouse//models/boxes/box_31/model.config
[0.825s] -- Installing: /home/venkatesan/e-yantra/lb_ws/install/eyantra_warehouse/share/eyantra_warehouse//models/boxes/box_31/model.sdf
[0.826s] -- Up-to-date: /home/venkatesan/e-yantra/lb_ws/install/eyantra_warehouse/share/eyantra_warehouse//models/boxes/box_31/meshes
[0.826s] -- Installing: /home/venkatesan/e-yantra/lb_ws/install/eyantra_warehouse/share/eyantra_warehouse//models/boxes/box_31/meshes/aruco_tag.jpg
[0.826s] -- Installing: /home/venkatesan/e-yantra/lb_ws/install/eyantra_warehouse/share/eyantra_warehouse//models/boxes/box_31/meshes/cardboard_bg.png
[0.826s] -- Installing: /home/venkatesan/e-yantra/lb_ws/install/eyantra_warehouse/share/eyantra_warehouse//models/boxes/box_31/meshes/box__bg.png
[0.826s] -- Installing: /home/venkatesan/e-yantra/lb_ws/install/eyantra_warehouse/share/eyantra_warehouse//models/boxes/box_31/meshes/box.dae
[0.826s] -- Up-to-date: /home/venkatesan/e-yantra/lb_ws/install/eyantra_warehouse/share/eyantra_warehouse//models/boxes/box_49
[0.826s] -- Installing: /home/venkatesan/e-yantra/lb_ws/install/eyantra_warehouse/share/eyantra_warehouse//models/boxes/box_49/model.config
[0.827s] -- Installing: /home/venkatesan/e-yantra/lb_ws/install/eyantra_warehouse/share/eyantra_warehouse//models/boxes/box_49/model.sdf
[0.827s] -- Up-to-date: /home/venkatesan/e-yantra/lb_ws/install/eyantra_warehouse/share/eyantra_warehouse//models/boxes/box_49/meshes
[0.827s] -- Installing: /home/venkatesan/e-yantra/lb_ws/install/eyantra_warehouse/share/eyantra_warehouse//models/boxes/box_49/meshes/aruco_tag.jpg
[0.827s] -- Installing: /home/venkatesan/e-yantra/lb_ws/install/eyantra_warehouse/share/eyantra_warehouse//models/boxes/box_49/meshes/cardboard_bg.png
[0.827s] -- Installing: /home/venkatesan/e-yantra/lb_ws/install/eyantra_warehouse/share/eyantra_warehouse//models/boxes/box_49/meshes/box__bg.png
[0.827s] -- Installing: /home/venkatesan/e-yantra/lb_ws/install/eyantra_warehouse/share/eyantra_warehouse//models/boxes/box_49/meshes/box.dae
[0.828s] -- Up-to-date: /home/venkatesan/e-yantra/lb_ws/install/eyantra_warehouse/share/eyantra_warehouse//models/boxes/box_28
[0.828s] -- Installing: /home/venkatesan/e-yantra/lb_ws/install/eyantra_warehouse/share/eyantra_warehouse//models/boxes/box_28/model.config
[0.828s] -- Installing: /home/venkatesan/e-yantra/lb_ws/install/eyantra_warehouse/share/eyantra_warehouse//models/boxes/box_28/model.sdf
[0.828s] -- Up-to-date: /home/venkatesan/e-yantra/lb_ws/install/eyantra_warehouse/share/eyantra_warehouse//models/boxes/box_28/meshes
[0.828s] -- Installing: /home/venkatesan/e-yantra/lb_ws/install/eyantra_warehouse/share/eyantra_warehouse//models/boxes/box_28/meshes/aruco_tag.jpg
[0.828s] -- Installing: /home/venkatesan/e-yantra/lb_ws/install/eyantra_warehouse/share/eyantra_warehouse//models/boxes/box_28/meshes/cardboard_bg.png
[0.829s] -- Installing: /home/venkatesan/e-yantra/lb_ws/install/eyantra_warehouse/share/eyantra_warehouse//models/boxes/box_28/meshes/box__bg.png
[0.829s] -- Installing: /home/venkatesan/e-yantra/lb_ws/install/eyantra_warehouse/share/eyantra_warehouse//models/boxes/box_28/meshes/box.dae
[0.829s] -- Up-to-date: /home/venkatesan/e-yantra/lb_ws/install/eyantra_warehouse/share/eyantra_warehouse//models/boxes/box_50
[0.829s] -- Installing: /home/venkatesan/e-yantra/lb_ws/install/eyantra_warehouse/share/eyantra_warehouse//models/boxes/box_50/model.config
[0.829s] -- Installing: /home/venkatesan/e-yantra/lb_ws/install/eyantra_warehouse/share/eyantra_warehouse//models/boxes/box_50/model.sdf
[0.829s] -- Up-to-date: /home/venkatesan/e-yantra/lb_ws/install/eyantra_warehouse/share/eyantra_warehouse//models/boxes/box_50/meshes
[0.830s] -- Installing: /home/venkatesan/e-yantra/lb_ws/install/eyantra_warehouse/share/eyantra_warehouse//models/boxes/box_50/meshes/aruco_tag.jpg
[0.830s] -- Installing: /home/venkatesan/e-yantra/lb_ws/install/eyantra_warehouse/share/eyantra_warehouse//models/boxes/box_50/meshes/cardboard_bg.png
[0.830s] -- Installing: /home/venkatesan/e-yantra/lb_ws/install/eyantra_warehouse/share/eyantra_warehouse//models/boxes/box_50/meshes/box__bg.png
[0.830s] -- Installing: /home/venkatesan/e-yantra/lb_ws/install/eyantra_warehouse/share/eyantra_warehouse//models/boxes/box_50/meshes/box.dae
[0.830s] -- Up-to-date: /home/venkatesan/e-yantra/lb_ws/install/eyantra_warehouse/share/eyantra_warehouse//models/boxes/box_24
[0.830s] -- Installing: /home/venkatesan/e-yantra/lb_ws/install/eyantra_warehouse/share/eyantra_warehouse//models/boxes/box_24/model.config
[0.831s] -- Installing: /home/venkatesan/e-yantra/lb_ws/install/eyantra_warehouse/share/eyantra_warehouse//models/boxes/box_24/model.sdf
[0.831s] -- Up-to-date: /home/venkatesan/e-yantra/lb_ws/install/eyantra_warehouse/share/eyantra_warehouse//models/boxes/box_24/meshes
[0.831s] -- Installing: /home/venkatesan/e-yantra/lb_ws/install/eyantra_warehouse/share/eyantra_warehouse//models/boxes/box_24/meshes/aruco_tag.jpg
[0.831s] -- Installing: /home/venkatesan/e-yantra/lb_ws/install/eyantra_warehouse/share/eyantra_warehouse//models/boxes/box_24/meshes/cardboard_bg.png
[0.831s] -- Installing: /home/venkatesan/e-yantra/lb_ws/install/eyantra_warehouse/share/eyantra_warehouse//models/boxes/box_24/meshes/box__bg.png
[0.831s] -- Installing: /home/venkatesan/e-yantra/lb_ws/install/eyantra_warehouse/share/eyantra_warehouse//models/boxes/box_24/meshes/box.dae
[0.831s] -- Up-to-date: /home/venkatesan/e-yantra/lb_ws/install/eyantra_warehouse/share/eyantra_warehouse//models/boxes/box_16
[0.832s] -- Installing: /home/venkatesan/e-yantra/lb_ws/install/eyantra_warehouse/share/eyantra_warehouse//models/boxes/box_16/model.config
[0.832s] -- Installing: /home/venkatesan/e-yantra/lb_ws/install/eyantra_warehouse/share/eyantra_warehouse//models/boxes/box_16/model.sdf
[0.832s] -- Up-to-date: /home/venkatesan/e-yantra/lb_ws/install/eyantra_warehouse/share/eyantra_warehouse//models/boxes/box_16/meshes
[0.832s] -- Installing: /home/venkatesan/e-yantra/lb_ws/install/eyantra_warehouse/share/eyantra_warehouse//models/boxes/box_16/meshes/aruco_tag.jpg
[0.832s] -- Installing: /home/venkatesan/e-yantra/lb_ws/install/eyantra_warehouse/share/eyantra_warehouse//models/boxes/box_16/meshes/cardboard_bg.png
[0.832s] -- Installing: /home/venkatesan/e-yantra/lb_ws/install/eyantra_warehouse/share/eyantra_warehouse//models/boxes/box_16/meshes/box__bg.png
[0.832s] -- Installing: /home/venkatesan/e-yantra/lb_ws/install/eyantra_warehouse/share/eyantra_warehouse//models/boxes/box_16/meshes/box.dae
[0.833s] -- Installing: /home/venkatesan/e-yantra/lb_ws/install/eyantra_warehouse/share/eyantra_warehouse//models/boxes/box.stl
[0.833s] -- Up-to-date: /home/venkatesan/e-yantra/lb_ws/install/eyantra_warehouse/share/eyantra_warehouse//models/boxes/box_20
[0.833s] -- Installing: /home/venkatesan/e-yantra/lb_ws/install/eyantra_warehouse/share/eyantra_warehouse//models/boxes/box_20/model.config
[0.833s] -- Installing: /home/venkatesan/e-yantra/lb_ws/install/eyantra_warehouse/share/eyantra_warehouse//models/boxes/box_20/model.sdf
[0.833s] -- Up-to-date: /home/venkatesan/e-yantra/lb_ws/install/eyantra_warehouse/share/eyantra_warehouse//models/boxes/box_20/meshes
[0.833s] -- Installing: /home/venkatesan/e-yantra/lb_ws/install/eyantra_warehouse/share/eyantra_warehouse//models/boxes/box_20/meshes/aruco_tag.jpg
[0.834s] -- Installing: /home/venkatesan/e-yantra/lb_ws/install/eyantra_warehouse/share/eyantra_warehouse//models/boxes/box_20/meshes/cardboard_bg.png
[0.834s] -- Installing: /home/venkatesan/e-yantra/lb_ws/install/eyantra_warehouse/share/eyantra_warehouse//models/boxes/box_20/meshes/box__bg.png
[0.834s] -- Installing: /home/venkatesan/e-yantra/lb_ws/install/eyantra_warehouse/share/eyantra_warehouse//models/boxes/box_20/meshes/box.dae
[0.834s] -- Up-to-date: /home/venkatesan/e-yantra/lb_ws/install/eyantra_warehouse/share/eyantra_warehouse//models/boxes/box_22
[0.834s] -- Installing: /home/venkatesan/e-yantra/lb_ws/install/eyantra_warehouse/share/eyantra_warehouse//models/boxes/box_22/model.config
[0.835s] -- Installing: /home/venkatesan/e-yantra/lb_ws/install/eyantra_warehouse/share/eyantra_warehouse//models/boxes/box_22/model.sdf
[0.835s] -- Up-to-date: /home/venkatesan/e-yantra/lb_ws/install/eyantra_warehouse/share/eyantra_warehouse//models/boxes/box_22/meshes
[0.835s] -- Installing: /home/venkatesan/e-yantra/lb_ws/install/eyantra_warehouse/share/eyantra_warehouse//models/boxes/box_22/meshes/aruco_tag.jpg
[0.835s] -- Installing: /home/venkatesan/e-yantra/lb_ws/install/eyantra_warehouse/share/eyantra_warehouse//models/boxes/box_22/meshes/cardboard_bg.png
[0.835s] -- Installing: /home/venkatesan/e-yantra/lb_ws/install/eyantra_warehouse/share/eyantra_warehouse//models/boxes/box_22/meshes/box__bg.png
[0.836s] -- Installing: /home/venkatesan/e-yantra/lb_ws/install/eyantra_warehouse/share/eyantra_warehouse//models/boxes/box_22/meshes/box.dae
[0.836s] -- Up-to-date: /home/venkatesan/e-yantra/lb_ws/install/eyantra_warehouse/share/eyantra_warehouse//models/boxes/box_46
[0.836s] -- Installing: /home/venkatesan/e-yantra/lb_ws/install/eyantra_warehouse/share/eyantra_warehouse//models/boxes/box_46/model.config
[0.836s] -- Installing: /home/venkatesan/e-yantra/lb_ws/install/eyantra_warehouse/share/eyantra_warehouse//models/boxes/box_46/model.sdf
[0.836s] -- Up-to-date: /home/venkatesan/e-yantra/lb_ws/install/eyantra_warehouse/share/eyantra_warehouse//models/boxes/box_46/meshes
[0.836s] -- Installing: /home/venkatesan/e-yantra/lb_ws/install/eyantra_warehouse/share/eyantra_warehouse//models/boxes/box_46/meshes/aruco_tag.jpg
[0.836s] -- Installing: /home/venkatesan/e-yantra/lb_ws/install/eyantra_warehouse/share/eyantra_warehouse//models/boxes/box_46/meshes/cardboard_bg.png
[0.837s] -- Installing: /home/venkatesan/e-yantra/lb_ws/install/eyantra_warehouse/share/eyantra_warehouse//models/boxes/box_46/meshes/box__bg.png
[0.837s] -- Installing: /home/venkatesan/e-yantra/lb_ws/install/eyantra_warehouse/share/eyantra_warehouse//models/boxes/box_46/meshes/box.dae
[0.837s] -- Up-to-date: /home/venkatesan/e-yantra/lb_ws/install/eyantra_warehouse/share/eyantra_warehouse//models/boxes/box_15
[0.837s] -- Installing: /home/venkatesan/e-yantra/lb_ws/install/eyantra_warehouse/share/eyantra_warehouse//models/boxes/box_15/model.config
[0.837s] -- Installing: /home/venkatesan/e-yantra/lb_ws/install/eyantra_warehouse/share/eyantra_warehouse//models/boxes/box_15/model.sdf
[0.837s] -- Up-to-date: /home/venkatesan/e-yantra/lb_ws/install/eyantra_warehouse/share/eyantra_warehouse//models/boxes/box_15/meshes
[0.838s] -- Installing: /home/venkatesan/e-yantra/lb_ws/install/eyantra_warehouse/share/eyantra_warehouse//models/boxes/box_15/meshes/aruco_tag.jpg
[0.838s] -- Installing: /home/venkatesan/e-yantra/lb_ws/install/eyantra_warehouse/share/eyantra_warehouse//models/boxes/box_15/meshes/cardboard_bg.png
[0.838s] -- Installing: /home/venkatesan/e-yantra/lb_ws/install/eyantra_warehouse/share/eyantra_warehouse//models/boxes/box_15/meshes/box__bg.png
[0.838s] -- Installing: /home/venkatesan/e-yantra/lb_ws/install/eyantra_warehouse/share/eyantra_warehouse//models/boxes/box_15/meshes/box.dae
[0.838s] -- Up-to-date: /home/venkatesan/e-yantra/lb_ws/install/eyantra_warehouse/share/eyantra_warehouse//models/boxes/box_17
[0.838s] -- Installing: /home/venkatesan/e-yantra/lb_ws/install/eyantra_warehouse/share/eyantra_warehouse//models/boxes/box_17/model.config
[0.839s] -- Installing: /home/venkatesan/e-yantra/lb_ws/install/eyantra_warehouse/share/eyantra_warehouse//models/boxes/box_17/model.sdf
[0.839s] -- Up-to-date: /home/venkatesan/e-yantra/lb_ws/install/eyantra_warehouse/share/eyantra_warehouse//models/boxes/box_17/meshes
[0.839s] -- Installing: /home/venkatesan/e-yantra/lb_ws/install/eyantra_warehouse/share/eyantra_warehouse//models/boxes/box_17/meshes/aruco_tag.jpg
[0.839s] -- Installing: /home/venkatesan/e-yantra/lb_ws/install/eyantra_warehouse/share/eyantra_warehouse//models/boxes/box_17/meshes/cardboard_bg.png
[0.839s] -- Installing: /home/venkatesan/e-yantra/lb_ws/install/eyantra_warehouse/share/eyantra_warehouse//models/boxes/box_17/meshes/box__bg.png
[0.839s] -- Installing: /home/venkatesan/e-yantra/lb_ws/install/eyantra_warehouse/share/eyantra_warehouse//models/boxes/box_17/meshes/box.dae
[0.839s] -- Up-to-date: /home/venkatesan/e-yantra/lb_ws/install/eyantra_warehouse/share/eyantra_warehouse//models/boxes/box_27
[0.840s] -- Installing: /home/venkatesan/e-yantra/lb_ws/install/eyantra_warehouse/share/eyantra_warehouse//models/boxes/box_27/model.config
[0.840s] -- Installing: /home/venkatesan/e-yantra/lb_ws/install/eyantra_warehouse/share/eyantra_warehouse//models/boxes/box_27/model.sdf
[0.840s] -- Up-to-date: /home/venkatesan/e-yantra/lb_ws/install/eyantra_warehouse/share/eyantra_warehouse//models/boxes/box_27/meshes
[0.840s] -- Installing: /home/venkatesan/e-yantra/lb_ws/install/eyantra_warehouse/share/eyantra_warehouse//models/boxes/box_27/meshes/aruco_tag.jpg
[0.840s] -- Installing: /home/venkatesan/e-yantra/lb_ws/install/eyantra_warehouse/share/eyantra_warehouse//models/boxes/box_27/meshes/cardboard_bg.png
[0.840s] -- Installing: /home/venkatesan/e-yantra/lb_ws/install/eyantra_warehouse/share/eyantra_warehouse//models/boxes/box_27/meshes/box__bg.png
[0.841s] -- Installing: /home/venkatesan/e-yantra/lb_ws/install/eyantra_warehouse/share/eyantra_warehouse//models/boxes/box_27/meshes/box.dae
[0.841s] -- Up-to-date: /home/venkatesan/e-yantra/lb_ws/install/eyantra_warehouse/share/eyantra_warehouse//models/boxes/box_13
[0.841s] -- Installing: /home/venkatesan/e-yantra/lb_ws/install/eyantra_warehouse/share/eyantra_warehouse//models/boxes/box_13/model.config
[0.841s] -- Installing: /home/venkatesan/e-yantra/lb_ws/install/eyantra_warehouse/share/eyantra_warehouse//models/boxes/box_13/model.sdf
[0.842s] -- Up-to-date: /home/venkatesan/e-yantra/lb_ws/install/eyantra_warehouse/share/eyantra_warehouse//models/boxes/box_13/meshes
[0.842s] -- Installing: /home/venkatesan/e-yantra/lb_ws/install/eyantra_warehouse/share/eyantra_warehouse//models/boxes/box_13/meshes/aruco_tag.jpg
[0.842s] -- Installing: /home/venkatesan/e-yantra/lb_ws/install/eyantra_warehouse/share/eyantra_warehouse//models/boxes/box_13/meshes/cardboard_bg.png
[0.842s] -- Installing: /home/venkatesan/e-yantra/lb_ws/install/eyantra_warehouse/share/eyantra_warehouse//models/boxes/box_13/meshes/box__bg.png
[0.842s] -- Installing: /home/venkatesan/e-yantra/lb_ws/install/eyantra_warehouse/share/eyantra_warehouse//models/boxes/box_13/meshes/box.dae
[0.842s] -- Up-to-date: /home/venkatesan/e-yantra/lb_ws/install/eyantra_warehouse/share/eyantra_warehouse//models/boxes/box_38
[0.842s] -- Installing: /home/venkatesan/e-yantra/lb_ws/install/eyantra_warehouse/share/eyantra_warehouse//models/boxes/box_38/model.config
[0.843s] -- Installing: /home/venkatesan/e-yantra/lb_ws/install/eyantra_warehouse/share/eyantra_warehouse//models/boxes/box_38/model.sdf
[0.843s] -- Up-to-date: /home/venkatesan/e-yantra/lb_ws/install/eyantra_warehouse/share/eyantra_warehouse//models/boxes/box_38/meshes
[0.843s] -- Installing: /home/venkatesan/e-yantra/lb_ws/install/eyantra_warehouse/share/eyantra_warehouse//models/boxes/box_38/meshes/aruco_tag.jpg
[0.843s] -- Installing: /home/venkatesan/e-yantra/lb_ws/install/eyantra_warehouse/share/eyantra_warehouse//models/boxes/box_38/meshes/cardboard_bg.png
[0.843s] -- Installing: /home/venkatesan/e-yantra/lb_ws/install/eyantra_warehouse/share/eyantra_warehouse//models/boxes/box_38/meshes/box__bg.png
[0.843s] -- Installing: /home/venkatesan/e-yantra/lb_ws/install/eyantra_warehouse/share/eyantra_warehouse//models/boxes/box_38/meshes/box.dae
[0.843s] -- Up-to-date: /home/venkatesan/e-yantra/lb_ws/install/eyantra_warehouse/share/eyantra_warehouse//models/boxes/box_39
[0.844s] -- Installing: /home/venkatesan/e-yantra/lb_ws/install/eyantra_warehouse/share/eyantra_warehouse//models/boxes/box_39/model.config
[0.844s] -- Installing: /home/venkatesan/e-yantra/lb_ws/install/eyantra_warehouse/share/eyantra_warehouse//models/boxes/box_39/model.sdf
[0.844s] -- Up-to-date: /home/venkatesan/e-yantra/lb_ws/install/eyantra_warehouse/share/eyantra_warehouse//models/boxes/box_39/meshes
[0.844s] -- Installing: /home/venkatesan/e-yantra/lb_ws/install/eyantra_warehouse/share/eyantra_warehouse//models/boxes/box_39/meshes/aruco_tag.jpg
[0.844s] -- Installing: /home/venkatesan/e-yantra/lb_ws/install/eyantra_warehouse/share/eyantra_warehouse//models/boxes/box_39/meshes/cardboard_bg.png
[0.844s] -- Installing: /home/venkatesan/e-yantra/lb_ws/install/eyantra_warehouse/share/eyantra_warehouse//models/boxes/box_39/meshes/box__bg.png
[0.844s] -- Installing: /home/venkatesan/e-yantra/lb_ws/install/eyantra_warehouse/share/eyantra_warehouse//models/boxes/box_39/meshes/box.dae
[0.845s] -- Up-to-date: /home/venkatesan/e-yantra/lb_ws/install/eyantra_warehouse/share/eyantra_warehouse//models/boxes/box_8
[0.845s] -- Installing: /home/venkatesan/e-yantra/lb_ws/install/eyantra_warehouse/share/eyantra_warehouse//models/boxes/box_8/model.config
[0.845s] -- Installing: /home/venkatesan/e-yantra/lb_ws/install/eyantra_warehouse/share/eyantra_warehouse//models/boxes/box_8/model.sdf
[0.845s] -- Up-to-date: /home/venkatesan/e-yantra/lb_ws/install/eyantra_warehouse/share/eyantra_warehouse//models/boxes/box_8/meshes
[0.845s] -- Installing: /home/venkatesan/e-yantra/lb_ws/install/eyantra_warehouse/share/eyantra_warehouse//models/boxes/box_8/meshes/aruco_tag.jpg
[0.845s] -- Installing: /home/venkatesan/e-yantra/lb_ws/install/eyantra_warehouse/share/eyantra_warehouse//models/boxes/box_8/meshes/cardboard_bg.png
[0.845s] -- Installing: /home/venkatesan/e-yantra/lb_ws/install/eyantra_warehouse/share/eyantra_warehouse//models/boxes/box_8/meshes/box__bg.png
[0.846s] -- Installing: /home/venkatesan/e-yantra/lb_ws/install/eyantra_warehouse/share/eyantra_warehouse//models/boxes/box_8/meshes/box.dae
[0.846s] -- Up-to-date: /home/venkatesan/e-yantra/lb_ws/install/eyantra_warehouse/share/eyantra_warehouse//models/boxes/box_29
[0.846s] -- Installing: /home/venkatesan/e-yantra/lb_ws/install/eyantra_warehouse/share/eyantra_warehouse//models/boxes/box_29/model.config
[0.846s] -- Installing: /home/venkatesan/e-yantra/lb_ws/install/eyantra_warehouse/share/eyantra_warehouse//models/boxes/box_29/model.sdf
[0.846s] -- Up-to-date: /home/venkatesan/e-yantra/lb_ws/install/eyantra_warehouse/share/eyantra_warehouse//models/boxes/box_29/meshes
[0.846s] -- Installing: /home/venkatesan/e-yantra/lb_ws/install/eyantra_warehouse/share/eyantra_warehouse//models/boxes/box_29/meshes/aruco_tag.jpg
[0.847s] -- Installing: /home/venkatesan/e-yantra/lb_ws/install/eyantra_warehouse/share/eyantra_warehouse//models/boxes/box_29/meshes/cardboard_bg.png
[0.847s] -- Installing: /home/venkatesan/e-yantra/lb_ws/install/eyantra_warehouse/share/eyantra_warehouse//models/boxes/box_29/meshes/box__bg.png
[0.847s] -- Installing: /home/venkatesan/e-yantra/lb_ws/install/eyantra_warehouse/share/eyantra_warehouse//models/boxes/box_29/meshes/box.dae
[0.847s] -- Up-to-date: /home/venkatesan/e-yantra/lb_ws/install/eyantra_warehouse/share/eyantra_warehouse//models/boxes/box_48
[0.847s] -- Installing: /home/venkatesan/e-yantra/lb_ws/install/eyantra_warehouse/share/eyantra_warehouse//models/boxes/box_48/model.config
[0.847s] -- Installing: /home/venkatesan/e-yantra/lb_ws/install/eyantra_warehouse/share/eyantra_warehouse//models/boxes/box_48/model.sdf
[0.848s] -- Up-to-date: /home/venkatesan/e-yantra/lb_ws/install/eyantra_warehouse/share/eyantra_warehouse//models/boxes/box_48/meshes
[0.848s] -- Installing: /home/venkatesan/e-yantra/lb_ws/install/eyantra_warehouse/share/eyantra_warehouse//models/boxes/box_48/meshes/aruco_tag.jpg
[0.848s] -- Installing: /home/venkatesan/e-yantra/lb_ws/install/eyantra_warehouse/share/eyantra_warehouse//models/boxes/box_48/meshes/cardboard_bg.png
[0.848s] -- Installing: /home/venkatesan/e-yantra/lb_ws/install/eyantra_warehouse/share/eyantra_warehouse//models/boxes/box_48/meshes/box__bg.png
[0.848s] -- Installing: /home/venkatesan/e-yantra/lb_ws/install/eyantra_warehouse/share/eyantra_warehouse//models/boxes/box_48/meshes/box.dae
[0.848s] -- Up-to-date: /home/venkatesan/e-yantra/lb_ws/install/eyantra_warehouse/share/eyantra_warehouse//models/boxes/box_1
[0.848s] -- Installing: /home/venkatesan/e-yantra/lb_ws/install/eyantra_warehouse/share/eyantra_warehouse//models/boxes/box_1/model.config
[0.849s] -- Installing: /home/venkatesan/e-yantra/lb_ws/install/eyantra_warehouse/share/eyantra_warehouse//models/boxes/box_1/model.sdf
[0.849s] -- Up-to-date: /home/venkatesan/e-yantra/lb_ws/install/eyantra_warehouse/share/eyantra_warehouse//models/boxes/box_1/meshes
[0.849s] -- Installing: /home/venkatesan/e-yantra/lb_ws/install/eyantra_warehouse/share/eyantra_warehouse//models/boxes/box_1/meshes/aruco_tag.jpg
[0.849s] -- Installing: /home/venkatesan/e-yantra/lb_ws/install/eyantra_warehouse/share/eyantra_warehouse//models/boxes/box_1/meshes/cardboard_bg.png
[0.849s] -- Installing: /home/venkatesan/e-yantra/lb_ws/install/eyantra_warehouse/share/eyantra_warehouse//models/boxes/box_1/meshes/box__bg.png
[0.849s] -- Installing: /home/venkatesan/e-yantra/lb_ws/install/eyantra_warehouse/share/eyantra_warehouse//models/boxes/box_1/meshes/box.dae
[0.850s] -- Up-to-date: /home/venkatesan/e-yantra/lb_ws/install/eyantra_warehouse/share/eyantra_warehouse//models/boxes/box_14
[0.850s] -- Installing: /home/venkatesan/e-yantra/lb_ws/install/eyantra_warehouse/share/eyantra_warehouse//models/boxes/box_14/model.config
[0.850s] -- Installing: /home/venkatesan/e-yantra/lb_ws/install/eyantra_warehouse/share/eyantra_warehouse//models/boxes/box_14/model.sdf
[0.850s] -- Up-to-date: /home/venkatesan/e-yantra/lb_ws/install/eyantra_warehouse/share/eyantra_warehouse//models/boxes/box_14/meshes
[0.850s] -- Installing: /home/venkatesan/e-yantra/lb_ws/install/eyantra_warehouse/share/eyantra_warehouse//models/boxes/box_14/meshes/aruco_tag.jpg
[0.850s] -- Installing: /home/venkatesan/e-yantra/lb_ws/install/eyantra_warehouse/share/eyantra_warehouse//models/boxes/box_14/meshes/cardboard_bg.png
[0.850s] -- Installing: /home/venkatesan/e-yantra/lb_ws/install/eyantra_warehouse/share/eyantra_warehouse//models/boxes/box_14/meshes/box__bg.png
[0.851s] -- Installing: /home/venkatesan/e-yantra/lb_ws/install/eyantra_warehouse/share/eyantra_warehouse//models/boxes/box_14/meshes/box.dae
[0.851s] -- Up-to-date: /home/venkatesan/e-yantra/lb_ws/install/eyantra_warehouse/share/eyantra_warehouse//models/boxes/box_21
[0.851s] -- Installing: /home/venkatesan/e-yantra/lb_ws/install/eyantra_warehouse/share/eyantra_warehouse//models/boxes/box_21/model.config
[0.851s] -- Installing: /home/venkatesan/e-yantra/lb_ws/install/eyantra_warehouse/share/eyantra_warehouse//models/boxes/box_21/model.sdf
[0.851s] -- Up-to-date: /home/venkatesan/e-yantra/lb_ws/install/eyantra_warehouse/share/eyantra_warehouse//models/boxes/box_21/meshes
[0.851s] -- Installing: /home/venkatesan/e-yantra/lb_ws/install/eyantra_warehouse/share/eyantra_warehouse//models/boxes/box_21/meshes/aruco_tag.jpg
[0.851s] -- Installing: /home/venkatesan/e-yantra/lb_ws/install/eyantra_warehouse/share/eyantra_warehouse//models/boxes/box_21/meshes/cardboard_bg.png
[0.852s] -- Installing: /home/venkatesan/e-yantra/lb_ws/install/eyantra_warehouse/share/eyantra_warehouse//models/boxes/box_21/meshes/box__bg.png
[0.852s] -- Installing: /home/venkatesan/e-yantra/lb_ws/install/eyantra_warehouse/share/eyantra_warehouse//models/boxes/box_21/meshes/box.dae
[0.852s] -- Up-to-date: /home/venkatesan/e-yantra/lb_ws/install/eyantra_warehouse/share/eyantra_warehouse//models/boxes/box_6
[0.852s] -- Installing: /home/venkatesan/e-yantra/lb_ws/install/eyantra_warehouse/share/eyantra_warehouse//models/boxes/box_6/model.config
[0.852s] -- Installing: /home/venkatesan/e-yantra/lb_ws/install/eyantra_warehouse/share/eyantra_warehouse//models/boxes/box_6/model.sdf
[0.852s] -- Up-to-date: /home/venkatesan/e-yantra/lb_ws/install/eyantra_warehouse/share/eyantra_warehouse//models/boxes/box_6/meshes
[0.853s] -- Installing: /home/venkatesan/e-yantra/lb_ws/install/eyantra_warehouse/share/eyantra_warehouse//models/boxes/box_6/meshes/aruco_tag.jpg
[0.853s] -- Installing: /home/venkatesan/e-yantra/lb_ws/install/eyantra_warehouse/share/eyantra_warehouse//models/boxes/box_6/meshes/cardboard_bg.png
[0.853s] -- Installing: /home/venkatesan/e-yantra/lb_ws/install/eyantra_warehouse/share/eyantra_warehouse//models/boxes/box_6/meshes/box__bg.png
[0.853s] -- Installing: /home/venkatesan/e-yantra/lb_ws/install/eyantra_warehouse/share/eyantra_warehouse//models/boxes/box_6/meshes/box.dae
[0.853s] -- Up-to-date: /home/venkatesan/e-yantra/lb_ws/install/eyantra_warehouse/share/eyantra_warehouse//models/boxes/box_45
[0.853s] -- Installing: /home/venkatesan/e-yantra/lb_ws/install/eyantra_warehouse/share/eyantra_warehouse//models/boxes/box_45/model.config
[0.854s] -- Installing: /home/venkatesan/e-yantra/lb_ws/install/eyantra_warehouse/share/eyantra_warehouse//models/boxes/box_45/model.sdf
[0.854s] -- Up-to-date: /home/venkatesan/e-yantra/lb_ws/install/eyantra_warehouse/share/eyantra_warehouse//models/boxes/box_45/meshes
[0.854s] -- Installing: /home/venkatesan/e-yantra/lb_ws/install/eyantra_warehouse/share/eyantra_warehouse//models/boxes/box_45/meshes/aruco_tag.jpg
[0.854s] -- Installing: /home/venkatesan/e-yantra/lb_ws/install/eyantra_warehouse/share/eyantra_warehouse//models/boxes/box_45/meshes/cardboard_bg.png
[0.854s] -- Installing: /home/venkatesan/e-yantra/lb_ws/install/eyantra_warehouse/share/eyantra_warehouse//models/boxes/box_45/meshes/box__bg.png
[0.854s] -- Installing: /home/venkatesan/e-yantra/lb_ws/install/eyantra_warehouse/share/eyantra_warehouse//models/boxes/box_45/meshes/box.dae
[0.855s] -- Up-to-date: /home/venkatesan/e-yantra/lb_ws/install/eyantra_warehouse/share/eyantra_warehouse//models/boxes/box_44
[0.855s] -- Installing: /home/venkatesan/e-yantra/lb_ws/install/eyantra_warehouse/share/eyantra_warehouse//models/boxes/box_44/model.config
[0.855s] -- Installing: /home/venkatesan/e-yantra/lb_ws/install/eyantra_warehouse/share/eyantra_warehouse//models/boxes/box_44/model.sdf
[0.855s] -- Up-to-date: /home/venkatesan/e-yantra/lb_ws/install/eyantra_warehouse/share/eyantra_warehouse//models/boxes/box_44/meshes
[0.855s] -- Installing: /home/venkatesan/e-yantra/lb_ws/install/eyantra_warehouse/share/eyantra_warehouse//models/boxes/box_44/meshes/aruco_tag.jpg
[0.855s] -- Installing: /home/venkatesan/e-yantra/lb_ws/install/eyantra_warehouse/share/eyantra_warehouse//models/boxes/box_44/meshes/cardboard_bg.png
[0.855s] -- Installing: /home/venkatesan/e-yantra/lb_ws/install/eyantra_warehouse/share/eyantra_warehouse//models/boxes/box_44/meshes/box__bg.png
[0.856s] -- Installing: /home/venkatesan/e-yantra/lb_ws/install/eyantra_warehouse/share/eyantra_warehouse//models/boxes/box_44/meshes/box.dae
[0.856s] -- Up-to-date: /home/venkatesan/e-yantra/lb_ws/install/eyantra_warehouse/share/eyantra_warehouse//models/boxes/box_40
[0.856s] -- Installing: /home/venkatesan/e-yantra/lb_ws/install/eyantra_warehouse/share/eyantra_warehouse//models/boxes/box_40/model.config
[0.856s] -- Installing: /home/venkatesan/e-yantra/lb_ws/install/eyantra_warehouse/share/eyantra_warehouse//models/boxes/box_40/model.sdf
[0.856s] -- Up-to-date: /home/venkatesan/e-yantra/lb_ws/install/eyantra_warehouse/share/eyantra_warehouse//models/boxes/box_40/meshes
[0.856s] -- Installing: /home/venkatesan/e-yantra/lb_ws/install/eyantra_warehouse/share/eyantra_warehouse//models/boxes/box_40/meshes/aruco_tag.jpg
[0.856s] -- Installing: /home/venkatesan/e-yantra/lb_ws/install/eyantra_warehouse/share/eyantra_warehouse//models/boxes/box_40/meshes/cardboard_bg.png
[0.857s] -- Installing: /home/venkatesan/e-yantra/lb_ws/install/eyantra_warehouse/share/eyantra_warehouse//models/boxes/box_40/meshes/box__bg.png
[0.857s] -- Installing: /home/venkatesan/e-yantra/lb_ws/install/eyantra_warehouse/share/eyantra_warehouse//models/boxes/box_40/meshes/box.dae
[0.857s] -- Up-to-date: /home/venkatesan/e-yantra/lb_ws/install/eyantra_warehouse/share/eyantra_warehouse//models/aws_robomaker_warehouse_ClutteringD_01
[0.857s] -- Up-to-date: /home/venkatesan/e-yantra/lb_ws/install/eyantra_warehouse/share/eyantra_warehouse//models/aws_robomaker_warehouse_ClutteringD_01/materials
[0.857s] -- Up-to-date: /home/venkatesan/e-yantra/lb_ws/install/eyantra_warehouse/share/eyantra_warehouse//models/aws_robomaker_warehouse_ClutteringD_01/materials/textures
[0.857s] -- Installing: /home/venkatesan/e-yantra/lb_ws/install/eyantra_warehouse/share/eyantra_warehouse//models/aws_robomaker_warehouse_ClutteringD_01/materials/textures/aws_robomaker_warehouse_ClutteringD_01.png
[0.858s] -- Installing: /home/venkatesan/e-yantra/lb_ws/install/eyantra_warehouse/share/eyantra_warehouse//models/aws_robomaker_warehouse_ClutteringD_01/materials/textures/aws_robomaker_warehouse_ClutteringD_02.png
[0.858s] -- Installing: /home/venkatesan/e-yantra/lb_ws/install/eyantra_warehouse/share/eyantra_warehouse//models/aws_robomaker_warehouse_ClutteringD_01/model.config
[0.858s] -- Installing: /home/venkatesan/e-yantra/lb_ws/install/eyantra_warehouse/share/eyantra_warehouse//models/aws_robomaker_warehouse_ClutteringD_01/model.sdf
[0.858s] -- Up-to-date: /home/venkatesan/e-yantra/lb_ws/install/eyantra_warehouse/share/eyantra_warehouse//models/aws_robomaker_warehouse_ClutteringD_01/meshes
[0.858s] -- Installing: /home/venkatesan/e-yantra/lb_ws/install/eyantra_warehouse/share/eyantra_warehouse//models/aws_robomaker_warehouse_ClutteringD_01/meshes/aws_robomaker_warehouse_ClutteringD_01_collision.DAE
[0.859s] -- Installing: /home/venkatesan/e-yantra/lb_ws/install/eyantra_warehouse/share/eyantra_warehouse//models/aws_robomaker_warehouse_ClutteringD_01/meshes/aws_robomaker_warehouse_ClutteringD_01_visual.DAE
[0.859s] -- Up-to-date: /home/venkatesan/e-yantra/lb_ws/install/eyantra_warehouse/share/eyantra_warehouse//models/arm_base
[0.859s] -- Installing: /home/venkatesan/e-yantra/lb_ws/install/eyantra_warehouse/share/eyantra_warehouse//models/arm_base/model.config
[0.859s] -- Installing: /home/venkatesan/e-yantra/lb_ws/install/eyantra_warehouse/share/eyantra_warehouse//models/arm_base/model.sdf
[0.859s] -- Up-to-date: /home/venkatesan/e-yantra/lb_ws/install/eyantra_warehouse/share/eyantra_warehouse//models/arm_base/meshes
[0.859s] -- Installing: /home/venkatesan/e-yantra/lb_ws/install/eyantra_warehouse/share/eyantra_warehouse//models/arm_base/meshes/arm_base.dae
[0.860s] -- Up-to-date: /home/venkatesan/e-yantra/lb_ws/install/eyantra_warehouse/share/eyantra_warehouse//models/aws_robomaker_warehouse_PalletJackB_01
[0.860s] -- Up-to-date: /home/venkatesan/e-yantra/lb_ws/install/eyantra_warehouse/share/eyantra_warehouse//models/aws_robomaker_warehouse_PalletJackB_01/materials
[0.860s] -- Installing: /home/venkatesan/e-yantra/lb_ws/install/eyantra_warehouse/share/eyantra_warehouse//models/aws_robomaker_warehouse_PalletJackB_01/materials/.DS_Store
[0.861s] -- Up-to-date: /home/venkatesan/e-yantra/lb_ws/install/eyantra_warehouse/share/eyantra_warehouse//models/aws_robomaker_warehouse_PalletJackB_01/materials/textures
[0.861s] -- Installing: /home/venkatesan/e-yantra/lb_ws/install/eyantra_warehouse/share/eyantra_warehouse//models/aws_robomaker_warehouse_PalletJackB_01/materials/textures/aws_robomaker_warehouse_PalletJackB_01.png
[0.861s] -- Installing: /home/venkatesan/e-yantra/lb_ws/install/eyantra_warehouse/share/eyantra_warehouse//models/aws_robomaker_warehouse_PalletJackB_01/materials/textures/aws_robomaker_warehouse_PalletJackB_02.png
[0.862s] -- Installing: /home/venkatesan/e-yantra/lb_ws/install/eyantra_warehouse/share/eyantra_warehouse//models/aws_robomaker_warehouse_PalletJackB_01/model.config
[0.862s] -- Installing: /home/venkatesan/e-yantra/lb_ws/install/eyantra_warehouse/share/eyantra_warehouse//models/aws_robomaker_warehouse_PalletJackB_01/model.sdf
[0.862s] -- Installing: /home/venkatesan/e-yantra/lb_ws/install/eyantra_warehouse/share/eyantra_warehouse//models/aws_robomaker_warehouse_PalletJackB_01/.DS_Store
[0.862s] -- Up-to-date: /home/venkatesan/e-yantra/lb_ws/install/eyantra_warehouse/share/eyantra_warehouse//models/aws_robomaker_warehouse_PalletJackB_01/meshes
[0.862s] -- Installing: /home/venkatesan/e-yantra/lb_ws/install/eyantra_warehouse/share/eyantra_warehouse//models/aws_robomaker_warehouse_PalletJackB_01/meshes/aws_robomaker_warehouse_PalletJackB_01_visual.DAE
[0.863s] -- Installing: /home/venkatesan/e-yantra/lb_ws/install/eyantra_warehouse/share/eyantra_warehouse//models/aws_robomaker_warehouse_PalletJackB_01/meshes/aws_robomaker_warehouse_PalletJackB_01_collision.DAE
[0.863s] -- Up-to-date: /home/venkatesan/e-yantra/lb_ws/install/eyantra_warehouse/share/eyantra_warehouse//models/window
[0.863s] -- Installing: /home/venkatesan/e-yantra/lb_ws/install/eyantra_warehouse/share/eyantra_warehouse//models/window/model.config
[0.864s] -- Installing: /home/venkatesan/e-yantra/lb_ws/install/eyantra_warehouse/share/eyantra_warehouse//models/window/model.sdf
[0.864s] -- Up-to-date: /home/venkatesan/e-yantra/lb_ws/install/eyantra_warehouse/share/eyantra_warehouse//models/drop_table
[0.864s] -- Installing: /home/venkatesan/e-yantra/lb_ws/install/eyantra_warehouse/share/eyantra_warehouse//models/drop_table/model.config
[0.864s] -- Installing: /home/venkatesan/e-yantra/lb_ws/install/eyantra_warehouse/share/eyantra_warehouse//models/drop_table/model.sdf
[0.864s] -- Up-to-date: /home/venkatesan/e-yantra/lb_ws/install/eyantra_warehouse/share/eyantra_warehouse//models/drop_table/meshes
[0.864s] -- Installing: /home/venkatesan/e-yantra/lb_ws/install/eyantra_warehouse/share/eyantra_warehouse//models/drop_table/meshes/eyantra_logo~red_280x55.png.001.png
[0.864s] -- Installing: /home/venkatesan/e-yantra/lb_ws/install/eyantra_warehouse/share/eyantra_warehouse//models/drop_table/meshes/table.dae
[0.864s] -- Installing: /home/venkatesan/e-yantra/lb_ws/install/eyantra_warehouse/share/eyantra_warehouse//models/drop_table/meshes/eyantra_logo~red_280x55.png
[0.865s] -- Up-to-date: /home/venkatesan/e-yantra/lb_ws/install/eyantra_warehouse/share/eyantra_warehouse//config
[0.865s] -- Installing: /home/venkatesan/e-yantra/lb_ws/install/eyantra_warehouse/share/eyantra_warehouse//config/SkyX_Moon.fragment
[0.865s] -- Installing: /home/venkatesan/e-yantra/lb_ws/install/eyantra_warehouse/share/eyantra_warehouse//config/package_link.json
[0.865s] -- Installing: /home/venkatesan/e-yantra/lb_ws/install/eyantra_warehouse/share/eyantra_warehouse//config/SkyX_Moon.png
[0.865s] -- Up-to-date: /home/venkatesan/e-yantra/lb_ws/install/eyantra_warehouse/share/ament_index/resource_index/package_run_dependencies/eyantra_warehouse
[0.866s] -- Installing: /home/venkatesan/e-yantra/lb_ws/install/eyantra_warehouse/share/ament_index/resource_index/parent_prefix_path/eyantra_warehouse
[0.866s] -- Up-to-date: /home/venkatesan/e-yantra/lb_ws/install/eyantra_warehouse/share/eyantra_warehouse/environment/ament_prefix_path.sh
[0.866s] -- Installing: /home/venkatesan/e-yantra/lb_ws/install/eyantra_warehouse/share/eyantra_warehouse/environment/ament_prefix_path.dsv
[0.866s] -- Up-to-date: /home/venkatesan/e-yantra/lb_ws/install/eyantra_warehouse/share/eyantra_warehouse/environment/path.sh
[0.866s] -- Installing: /home/venkatesan/e-yantra/lb_ws/install/eyantra_warehouse/share/eyantra_warehouse/environment/path.dsv
[0.866s] -- Up-to-date: /home/venkatesan/e-yantra/lb_ws/install/eyantra_warehouse/share/eyantra_warehouse/local_setup.bash
[0.867s] -- Up-to-date: /home/venkatesan/e-yantra/lb_ws/install/eyantra_warehouse/share/eyantra_warehouse/local_setup.sh
[0.867s] -- Up-to-date: /home/venkatesan/e-yantra/lb_ws/install/eyantra_warehouse/share/eyantra_warehouse/local_setup.zsh
[0.867s] -- Installing: /home/venkatesan/e-yantra/lb_ws/install/eyantra_warehouse/share/eyantra_warehouse/local_setup.dsv
[0.867s] -- Installing: /home/venkatesan/e-yantra/lb_ws/install/eyantra_warehouse/share/eyantra_warehouse/package.dsv
[0.867s] -- Up-to-date: /home/venkatesan/e-yantra/lb_ws/install/eyantra_warehouse/share/ament_index/resource_index/packages/eyantra_warehouse
[0.867s] -- Up-to-date: /home/venkatesan/e-yantra/lb_ws/install/eyantra_warehouse/share/eyantra_warehouse/cmake/eyantra_warehouseConfig.cmake
[0.867s] -- Up-to-date: /home/venkatesan/e-yantra/lb_ws/install/eyantra_warehouse/share/eyantra_warehouse/cmake/eyantra_warehouseConfig-version.cmake
[0.867s] -- Installing: /home/venkatesan/e-yantra/lb_ws/install/eyantra_warehouse/share/eyantra_warehouse/package.xml
[0.871s] Invoked command in '/home/venkatesan/e-yantra/lb_ws/build/eyantra_warehouse' returned '0': CMAKE_PREFIX_PATH=${CMAKE_PREFIX_PATH}:/home/venkatesan/e-yantra/turtle_ws/install/turtlesim_spiral:/home/venkatesan/ros2_ws/install/launch_testing_examples:/home/venkatesan/ros2_ws/install/examples_rclpy_pointcloud_publisher:/home/venkatesan/ros2_ws/install/examples_rclpy_minimal_subscriber:/home/venkatesan/ros2_ws/install/examples_rclpy_minimal_service:/home/venkatesan/ros2_ws/install/examples_rclpy_minimal_publisher:/home/venkatesan/ros2_ws/install/examples_rclpy_minimal_client:/home/venkatesan/ros2_ws/install/examples_rclpy_minimal_action_server:/home/venkatesan/ros2_ws/install/examples_rclpy_minimal_action_client:/home/venkatesan/ros2_ws/install/examples_rclpy_guard_conditions:/home/venkatesan/ros2_ws/install/examples_rclpy_executors:/home/venkatesan/Skills/robotics/ros2/ros2_ws/install/my_robot_controller:/opt/ros/humble /usr/bin/cmake --install /home/venkatesan/e-yantra/lb_ws/build/eyantra_warehouse
