[0.041s] Invoking command in '/home/venkatesan/e-yantra/lb_ws/build/tf2_msgs': /usr/bin/cmake /home/venkatesan/e-yantra/lb_ws/src/geometry2/tf2_msgs -DCATKIN_INSTALL_INTO_PREFIX_ROOT=0 -DCMAKE_INSTALL_PREFIX=/home/venkatesan/e-yantra/lb_ws/install/tf2_msgs
[0.090s] [31mCMake Error at CMakeLists.txt:4 (find_package):
[0.091s]   By not providing "Findcatkin.cmake" in CMAKE_MODULE_PATH this project has
[0.091s]   asked CMake to find a package configuration file provided by "catkin", but
[0.091s]   CMake did not find one.
[0.091s] 
[0.091s]   Could not find a package configuration file provided by "catkin" with any
[0.092s]   of the following names:
[0.092s] 
[0.092s]     catkinConfig.cmake
[0.092s]     catkin-config.cmake
[0.092s] 
[0.092s]   Add the installation prefix of "catkin" to CMAKE_PREFIX_PATH or set
[0.093s]   "catkin_DIR" to a directory containing one of the above files.  If "catkin"
[0.093s]   provides a separate development package or SDK, be sure it has been
[0.093s]   installed.
[0.093s] 
[0.094s] [0m
[0.094s] -- Configuring incomplete, errors occurred!
[0.094s] See also "/home/venkatesan/e-yantra/lb_ws/build/tf2_msgs/CMakeFiles/CMakeOutput.log".
[0.095s] Invoked command in '/home/venkatesan/e-yantra/lb_ws/build/tf2_msgs' returned '1': /usr/bin/cmake /home/venkatesan/e-yantra/lb_ws/src/geometry2/tf2_msgs -DCATKIN_INSTALL_INTO_PREFIX_ROOT=0 -DCMAKE_INSTALL_PREFIX=/home/venkatesan/e-yantra/lb_ws/install/tf2_msgs
