[1.422s] Invoking command in '/home/venkatesan/e-yantra/tf2_ws/learning_tf2_py': PYTHONPATH=/home/venkatesan/e-yantra/tf2_ws/build/learning_tf2_py/prefix_override:/usr/lib/python3/dist-packages/colcon_core/task/python/colcon_distutils_commands:/home/venkatesan/e-yantra/tf2_ws/install/learning_tf2_py/lib/python3.10/site-packages:${PYTHONPATH} /usr/bin/python3 -W ignore:setup.py install is deprecated setup.py egg_info --egg-base ../build/learning_tf2_py build --build-base /home/venkatesan/e-yantra/tf2_ws/build/learning_tf2_py/build install --record /home/venkatesan/e-yantra/tf2_ws/build/learning_tf2_py/install.log --single-version-externally-managed install_data
[2.011s] running egg_info
[2.012s] writing ../build/learning_tf2_py/learning_tf2_py.egg-info/PKG-INFO
[2.012s] writing dependency_links to ../build/learning_tf2_py/learning_tf2_py.egg-info/dependency_links.txt
[2.012s] writing entry points to ../build/learning_tf2_py/learning_tf2_py.egg-info/entry_points.txt
[2.013s] writing requirements to ../build/learning_tf2_py/learning_tf2_py.egg-info/requires.txt
[2.013s] writing top-level names to ../build/learning_tf2_py/learning_tf2_py.egg-info/top_level.txt
[2.016s] reading manifest file '../build/learning_tf2_py/learning_tf2_py.egg-info/SOURCES.txt'
[2.016s] adding license file 'LICENSE'
[2.017s] writing manifest file '../build/learning_tf2_py/learning_tf2_py.egg-info/SOURCES.txt'
[2.018s] running build
[2.018s] running build_py
[2.018s] copying learning_tf2_py/static_turtle_tf2_broadcaster.py -> /home/venkatesan/e-yantra/tf2_ws/build/learning_tf2_py/build/lib/learning_tf2_py
[2.018s] running install
[2.019s] running install_lib
[2.020s] copying /home/venkatesan/e-yantra/tf2_ws/build/learning_tf2_py/build/lib/learning_tf2_py/static_turtle_tf2_broadcaster.py -> /home/venkatesan/e-yantra/tf2_ws/install/learning_tf2_py/lib/python3.10/site-packages/learning_tf2_py
[2.021s] byte-compiling /home/venkatesan/e-yantra/tf2_ws/install/learning_tf2_py/lib/python3.10/site-packages/learning_tf2_py/static_turtle_tf2_broadcaster.py to static_turtle_tf2_broadcaster.cpython-310.pyc
[2.022s] running install_data
[2.023s] running install_egg_info
[2.026s] removing '/home/venkatesan/e-yantra/tf2_ws/install/learning_tf2_py/lib/python3.10/site-packages/learning_tf2_py-0.0.0-py3.10.egg-info' (and everything under it)
[2.026s] Copying ../build/learning_tf2_py/learning_tf2_py.egg-info to /home/venkatesan/e-yantra/tf2_ws/install/learning_tf2_py/lib/python3.10/site-packages/learning_tf2_py-0.0.0-py3.10.egg-info
[2.027s] running install_scripts
[2.066s] writing list of installed files to '/home/venkatesan/e-yantra/tf2_ws/build/learning_tf2_py/install.log'
[2.106s] Invoked command in '/home/venkatesan/e-yantra/tf2_ws/learning_tf2_py' returned '0': PYTHONPATH=/home/venkatesan/e-yantra/tf2_ws/build/learning_tf2_py/prefix_override:/usr/lib/python3/dist-packages/colcon_core/task/python/colcon_distutils_commands:/home/venkatesan/e-yantra/tf2_ws/install/learning_tf2_py/lib/python3.10/site-packages:${PYTHONPATH} /usr/bin/python3 -W ignore:setup.py install is deprecated setup.py egg_info --egg-base ../build/learning_tf2_py build --build-base /home/venkatesan/e-yantra/tf2_ws/build/learning_tf2_py/build install --record /home/venkatesan/e-yantra/tf2_ws/build/learning_tf2_py/install.log --single-version-externally-managed install_data
